12 12 12 0
12 36 12 0
6 52.970562748477136 6 1
4 62.76852171960985 4 2
4 70.76852171960985 4 2
9 82.76852171960985 9 3
9 100.76852171960985 9 3
3 24 3 4
9 118.76852171960985 9 3
12 139.55313141043638 12 0
4 153.4095378709874 4 2
12 167.26594433153844 12 0
19.870391995987966 64.80092372061286 12 0
6 184.23650708001557 6 1
17.999999999999996 184.23650708001557 6 1
27.97366596101027 91.76852171960985 12 0
25.935172923876934 112.66934816589084 9 3
27.779733838059492 153.4095378709874 9 3
32.78460969082652 24.000000000000007 12 0
34.198814187564686 176.38804105685202 12 0
30.7133030323809 130.02358317254578 9 3
25.6363799075628 47.749431603980575 6 1
41.94162369098406 55.37432669592789 12 0
3 192.72178845425415 3 4
26.532806305584295 192.67399583860842 6 1
42.74670133809906 143.41004369114216 9 3
28.97056274847714 6 6 1
8.999999999999998 192.72178845425415 3 4
46.24503489758931 107.32991873862503 12 0
50.585915566142376 83.72575056812212 12 0
34.78374500802612 75.10650433354895 6 1
14.999999999999998 192.72178845425415 3 4
50.02390404906572 35.99194438070751 9 3
55.29002245519072 15.662950383643336 12 0
18.53660216251942 126.052285801033 3 4
57.54057001321072 128.50563328269092 12 0
26.733201883398593 38.81651597954285 3 4
59.72368593041593 149.3918489497773 9 3
60.49541048677044 65.21084007905827 9 3
68.57769084485209 45.8284577638379 12 0
38.47272722538211 193.8732824719762 6 1
41.92954704130944 158.38776911442451 6 1
55.37482062438564 187.68302894474803 12 0
54.4124200634013 166.70509327032534 9 3
68.85728450272141 99.2871475871373 12 0
26.88043439345632 141.44328279644816 3 4
67.36973577299044 174.2620747842656 6 1
72.5164477884385 78.60840187932271 9 3
77.89973098733583 23.71286219008224 12 0
73.74198068215333 160.68288133186763 9 3
33.2781031593232 41.29931022965711 4 2
78.55520479157852 140.09809312225107 12 0
71.09491422428216 7.048694979529426 6 1
76.23903317767048 118.94699973561205 9 3
35.97673631502563 119.23950833604972 3 4
76.32874643304464 186.29270768503335 9 3
85.90756342154478 62.431936811182 12 0
38.76852171960985 4 4 2
90.64128504365833 89.21454512141572 12 0
41.764305384617316 123.17702586168764 4 2
82.70099134220752 172.7135142326354 6 1
40.910922466874865 11.391945405185096 3 4
89.11926394596128 41.4645404259651 9 3
91.74187594212938 160.7442867867684 9 3
96.24162806932318 112.55198624067486 12 0
93.95278848194397 182.63304351210317 9 3
83.08118073821268 6.474748068197033 6 1
92.76458069619792 13.56218521103585 6 1
95.41762147367365 27.850918848548268 6 1
42.632876429838426 131.41058354119127 3 4
103.38381928256516 36.825309773263555 6 1
42.75659975661555 70.93114959917068 3 4
61.71869999973572 30.314643290207506 4 2
109.68217681027754 23.21168819584674 9 3
113.65227342509272 96.03322635091253 12 0
108.05193039942787 72.6957852316534 12 0
104.16650206964731 52.05835693513015 9 3
103.99423182626693 9.331944615403021 6 1
114.18121825158433 114.02545293270411 6 1
109.26851084238284 124.9737544407727 6 1
124.87009960656128 55.57418529122057 12 0
124.26771964496444 125.12781707919746 9 3
98.56607775626595 130.40127008213113 6 1
45.69672494988536 3 3 4
111.59296052932561 142.82303828222896 12 0
87.0480281810913 193.64777388500693 4 2
131.06291878086225 79.5144664611502 12 0
134.96953428862852 107.0593040431821 12 0
132.52400404620968 141.1226214820576 9 3
126.15191215678048 157.9570043027217 9 3
87.28129596774056 125.80764347181011 4 2
147.08295567366457 156.25658750255036 12 0
94.8048912106276 195.6050873348695 4 2
135.0085029008113 176.99803369697315 12 0
114.65930747988139 171.8105250732882 9 3
147.88108798799567 62.39286652071738 12 0
104.5285365584526 193.27040938069226 6 1
95.83995931187508 140.02251107418365 4 2
141.27188648348064 42.46001786648043 9 3
48.9886503845348 68.61590570979112 3 4
96.45328505938636 147.9989658961857 4 2
130.65165845706974 24.343429979490324 12 0
142.98048778068224 126.47127519884148 9 3
151.40070422565765 27.580264805835913 9 3
106.91966323989828 183.5604910909599 4 2
114.74345561930647 40.6929527631201 6 1
154.29974388627792 85.51862826945653 12 0
119.35528776667304 190.99720709987037 9 3
158.40742789919008 112.22313431730983 12 0
159.00834860283612 177.08409343784814 12 0
161.22677324690676 136.86709487239509 12 0
115.99117031458404 9.60299241106933 6 1
146.28532507662726 10.322429015631377 9 3
127.60993970216714 6.602292839609077 6 1
113.17578924031508 158.7445537023034 4 2
146.9603168941431 190.4573851772191 6 1
163.8596284713077 44.48515186967498 12 0
167.03437084521516 13.559263841977003 12 0
59.83369540942472 113.68195034229994 3 4
167.6963393264549 69.3467010308053 9 3
168.00126621530796 158.1070696244233 9 3
172.24459620864155 96.42652793568747 9 3
182.2593900542493 114.88469426471313 12 0
179.39422345032077 172.04265448624986 9 3
174.47576171004536 29.949068660730084 6 1
105.2699651428998 157.52064792948923 4 2
183.98512569954588 144.48663512371309 12 0
184.49337233504775 56.742746012310405 12 0
175.80980324636525 189.68215367986292 9 3
124.68080253655641 39.575305123556106 4 2
181.45008306257944 80.95852833063263 9 3
189.9372594862578 20.732665538243623 12 0
191.38265595229842 95.9699904776195 9 3
192.87826776004704 183.96660303752006 9 3
198.59152161696176 163.53009064795282 12 0
132.2357699219489 192.75595081275748 4 2
182.52293600844553 38.850921603301515 6 1
197.5577009706513 40.301233998479404 9 3
68.33213633397476 195.2400104586883 3 4
193.31214684559393 129.09161396292308 6 1
196.4240109387635 81.84254414431342 6 1
205.95731077879884 111.08883423924254 12 0
202.21711295361104 68.00636081777537 9 3
145.3879020811601 139.24642124050592 4 2
200.91585224363214 138.37512968811276 6 1
156.65487191661208 192.91005778405466 4 2
208.82245669324664 90.28520621697385 9 3
209.91294619269758 27.21124104572717 9 3
205.0756260346077 53.28124951205782 6 1
216.4400711862999 147.4854878709789 12 0
206.05360749103986 12.716224495688783 6 1
81.08837758500927 107.97048577083198 3 4
216.74969908364332 43.86233139765743 9 3
208.3215370180311 128.9328930345314 6 1
164.20784376687044 195.54683919881109 4 2
219.03694962552393 168.32430315332863 9 3
175.96585090816532 130.64137485818077 4 2
208.2332021879245 178.73002471910982 6 1
222.8244743938747 63.964498070188114 12 0
221.04943821554087 13.069863976108117 9 3
221.24774417360229 186.18802022078654 9 3
206.9295629962896 190.65900308517428 6 1
225.79241341845815 124.6006329083384 12 0
223.88101896433272 100.14622555210462 9 3
227.88619110648662 29.720954328038374 9 3
222.92575071887686 85.17667437048185 6 1
237.68046198237963 158.65892954442094 12 0
83.51304978867867 102.48222878844194 3 4
234.54907758687733 46.542280072280015 9 3
181.64898798951822 7.046740081909515 4 2
240.7555408930436 87.64620516502302 12 0
238.02078668825774 179.6561717227302 9 3
233.30641036545111 141.19846928552613 6 1
187.32273648197435 195.7197333532426 4 2
242.0196050067985 14.18883884036347 12 0
246.82005491264877 64.42505812819445 12 0
189.31069209783794 4.744938579486518 4 2
91.88487852661643 4.605281499773033 3 4
251.1447610150309 138.79155297982777 12 0
237.92265115450314 105.42188337231717 6 1
242.6838228402688 32.1765795175497 6 1
117.78854647990471 32.05966936554577 3 4
255.90302771108378 106.26215647290141 12 0
254.15677594706477 171.67933960467332 9 3
252.99692057362216 189.64193227702148 9 3
253.8422219093318 27.76181675885777 6 1
252.08631907550898 39.63265519757695 6 1
263.89790114175344 81.2876548491937 12 0
262.9540758223677 15.846527493905283 9 3
267.9938905483904 155.88268617713427 12 0
263.244718144572 35.217892438885016 6 1
262.72326473928496 50.20882591035752 9 3
265.5519100419089 181.4338728564758 6 1
197.12903805326263 6.440068816752806 4 2
274.3706813100416 132.74534537093703 12 0
279.04538795979363 99.90360615707206 12 0
279.4025902216613 62.96814021219018 12 0
279.86252108528697 28.300622354266004 12 0
282.3941247556535 175.08251051945498 12 0
211.45354008382395 4.2995310835828064 4 2
140.42977065545523 91.23035677983424 3 4
212.3930503033879 76.09649672846415 4 2
233.0383860016036 191.6634896329726 4 2
240.7169590356505 193.90837630289786 4 2
148.6249174467072 100.85200907628538 3 4
291.21981084340115 149.8364785682435 12 0
294.5500770397015 81.58409152006855 12 0
242.17136054382902 114.47442271357684 4 2
267.5525619885925 193.265922205098 6 1
297.59660160505234 126.69913776204628 12 0
303.0982203789182 59.15800747821665 12 0
276.98131238132066 10.532712054959875 6 1
302.8616575432808 35.15917338101945 12 0
247.86356523783053 120.09570421529753 4 2
291.9689518415957 11.141533382449872 9 3
279.5455475464554 192.85568153318343 6 1
299.21186577231856 105.76135082861069 9 3
305.6200450506642 169.03630291056422 12 0
312.85375421857873 13.338128400737217 12 0
298.3486872010648 188.73725098478312 9 3
255.33308439872152 5.314647807889523 4 2
314.4457311384119 143.79027095935277 12 0
315.7546059772088 92.8254416408687 12 0
255.56563555014534 122.25859878141918 4 2
314.8334656797641 114.70370042654616 9 3
156.04878762808633 3.3456963271692093 3 4
262.794684257624 65.32573414689189 4 2
316.2769087733845 187.13136454614224 9 3
163.2465259529894 29.497686930532282 3 4
323.76353895048044 46.95372100436477 12 0
319.57634621860876 72.17612442389361 9 3
326.375597814726 172.23114710993386 9 3
331.7444546634514 127.15434103631435 12 0
329.10095707317555 26.643330368448236 9 3
284.4785626582567 45.69867282541408 6 1
336.2946189785428 153.72133838180935 12 0
331.9812766318574 106.15567642745697 9 3
263.35205390269476 120.42238277041139 4 2
333.4366155216553 9.173297002191422 9 3
334.1640027502506 82.72127861503031 9 3
341.5527728002768 63.06406423588096 12 0
168.69576484346217 81.30500980069223 3 4
334.23022011572357 188.42697708275932 9 3
342.86935725110436 38.2377754409996 9 3
344.3289091570651 173.52675964655091 9 3
342.33396071449306 95.30109526164766 6 1
347.2050156995841 20.767742074742785 9 3
344.4860224575466 114.44007935313053 6 1
355.25432376026265 82.76856882977802 12 0
355.70582755034485 128.5154469746038 12 0
359.6653204188295 159.181220632278 12 0
352.18353145806265 189.72258961937638 9 3
169.33532399644346 122.4984000991587 3 4
362.7429733400637 105.5703259434512 12 0
363.45221855418094 34.07294404245381 12 0
179.84276015258595 160.05104013176359 3 4
365.4681498275717 61.05042533023468 12 0
360.3900961198252 177.16662305155253 6 1
378.18360211401995 174.44795712235913 12 0
269.0926158004318 4.3871066124772415 4 2
363.47739461266565 13.072959133743076 9 3
378.7455494615267 87.68408661046723 12 0
269.27621570734146 115.04611018502612 4 2
371.7806464135344 142.0284110652704 9 3
379.6825668197275 122.57180154834302 12 0
350.2113498621251 6.072097995521924 6 1
383.164289267386 20.382280501280803 12 0
273.5405518862932 42.998673430751424 4 2
385.1647163321047 44.29876627069811 12 0
190.47842552845913 70.49698675006239 3 4
389.5073718976982 153.2873276920644 12 0
367.1463370910703 188.66691562195294 6 1
283.31751450618174 119.48057338795726 4 2
385.36881601628534 67.7559070612807 9 3
378.53623774192386 192.44450257180395 6 1
395.6851429411905 104.68556221535906 12 0
401.5264960093521 132.51377104933565 12 0
389.7694114470424 188.22362487745727 6 1
401.7613440853299 80.88164603116681 12 0
399.0403071811721 171.998905521876 9 3
194.32091140694206 195.87956989334876 3 4
404.87678704530975 30.608102729525097 12 0
399.5989055875113 63.01201089938104 6 1
413.2823224597914 156.56631012111544 12 0
417.5981627040651 62.848477257008405 12 0
399.73694656339353 13.357536367215273 6 1
401.7839408578979 51.21262020040143 6 1
414.6786150976057 12.035968580935068 9 3
418.4554571477696 180.00215184911906 12 0
425.29693566385095 85.58014888303869 12 0
198.42961947984372 148.530964416802 3 4
401.76768293453466 186.74886896250763 6 1
425.46086069139164 26.44926729966297 9 3
432.55202073725076 9.904919346237563 9 3
419.97406268022615 40.409748938369795 6 1
432.69747242638886 164.5695564483585 9 3
433.46775099349145 143.58368808583742 12 0
419.5237783922722 132.2009982413214 6 1
417.6769511658946 114.29599253911873 12 0
434.91242849651104 41.76814017025076 9 3
436.8521584498922 122.85820169422145 9 3
204.46753692848662 3.857083444175828 3 4
288.35704504787094 112.91487213214381 4 2
436.4390821576981 104.86294209684895 9 3
441.13375428258615 67.54698010888029 12 0
436.43268710741876 179.09705352413238 6 1
447.3254912633229 24.829548943493172 12 0
433.00663703926443 190.59758311761195 6 1
452.61701402017354 171.21875660277422 12 0
313.55764771579095 127.81493660183568 4 2
442.4265448416685 91.10975008160891 6 1
319.550888195293 161.1666390499061 4 2
455.10549899866345 47.53354594045476 12 0
451.65945594239747 133.09265043210897 9 3
214.2301799950283 195.92217621910478 3 4
455.98439467756674 112.54283522765925 12 0
457.4187945094595 91.59188066414912 9 3
461.12494483475155 73.9775555346888 9 3
467.5185617654753 30.594954713697167 9 3
464.56563314074714 12.838823025256104 9 3
469.1627121818359 128.8931241473289 9 3
343.1249498034436 138.40086629386008 4 2
227.7633817053821 196.26504694271512 3 4
464.8377734466667 149.44293935177862 12 0
472.17381863272755 59.76761578124862 9 3
476.57078983224864 100.20588525875328 12 0
484.5868813995394 42.82902455449102 12 0
484.75870364289955 18.604228795460124 12 0
478.3264112640615 79.27939980638553 9 3
486.9356437744084 140.0789590560757 12 0
444.67941285826964 187.81436471453122 6 1
228.90515222717437 78.45010335676545 3 4
346.088843163063 104.56936682636895 4 2
230.05618669400124 5.14026866198573 3 4
447.23342207102957 6.829784409926893 6 1
479.44780367054386 117.9744752808754 6 1
483.9961534271532 163.8982662772858 12 0
487.148085126097 60.645877123647765 6 1
230.33534781233976 110.26263000832246 3 4
234.64955463150935 73.19312079373155 3 4
489.97672548138155 112.21758328073618 6 1
490.1989363745201 88.44690478328795 6 1
493.1214540176597 76.80822398924872 6 1
240.9809874232723 121.37246677213837 3 4
241.43885602494097 127.3549709588152 3 4
349.48331757102585 143.25588012825554 4 2
352.62253001815355 51.5115547622962 4 2
374.82386688290694 6.728074026773383 4 2
378.6313515950048 103.68367906925448 4 2
382.47673396614744 4.397060211658934 4 2
384.1221889510803 137.94352088388916 4 2
390.30148987469755 6.062351468949975 4 2
404.16416591288163 4.390946779667601 4 2
409.40915465378515 193.19928832592078 4 2
410.9188484917062 99.79330147004028 4 2
250.83905757233367 48.54581057279042 3 4
251.8628777104277 153.77435339936858 3 4
411.24389747079636 45.28665527497929 4 2
416.92897868956817 195.92916862931511 4 2
252.63882916791476 159.77573353022393 3 4
431.4378035067224 54.81950830368554 4 2
442.8974047070188 156.5096940754291 4 2
266.12192321961527 170.7654190686431 3 4
276.49896551463627 117.89709946967068 3 4
447.89840451090157 82.73963946344978 4 2
278.45262629122794 84.91532294636781 3 4
278.5200636705837 77.94215593565738 3 4
447.9764737341611 150.32883185260587 4 2
282.6690968242149 3.5578207919242564 3 4
468.0427634094053 165.1186543064065 4 2
470.62775497571073 172.6895075345526 4 2
475.3876072117455 5.635707226753397 4 2
476.93026400864704 180.4534227768615 6 1
466.9519611803141 179.79503636594322 4 2
469.1138350177658 189.55855527620002 6 1
480.9073255624569 191.7752150995111 6 1
293.8897576442399 22.98680691532062 3 4
293.98037617465053 47.24730149298208 3 4
486.46665633398504 183.4629445689797 4 2
492.8898234272673 191.12733785819552 6 1
488.5501925760555 122.1153104880309 4 2
299.61490596014494 20.390283871950594 3 4
301.37181598997137 3.6859216833878037 3 4
307.2339302250043 73.57660325134887 3 4
492.4030822292317 102.51640845847048 4 2
494.1416957884342 181.20600651651833 4 2
494.89679056778095 66.96707669161093 4 2
308.0209273456338 195.8399103871329 3 4
495.23841229580023 54.76824100976985 4 2
495.9692258189753 153.2848060733661 4 2
309.3575036309298 79.18823723706517 3 4
316.04059774853556 27.99568714411506 3 4
324.6822530166563 195.69583698477484 3 4
326.61677716356 61.6798553137965 3 4
330.6891291611664 94.22544780793811 3 4
342.6355643589954 196.9914495213919 3 4
356.479215239743 143.49549608940606 3 4
362.2664505819508 196.229104964869 3 4
368.505540606246 75.73968185524727 3 4
370.72955211380133 196.92285712494788 3 4
373.69531026782596 153.8746789300905 3 4
374.0195386538927 73.37413212409636 3 4
374.64948745020513 159.87023324162215 3 4
386.5123669568011 196.61359872655768 3 4
392.19900318415813 57.88937052347646 3 4
392.50958342367846 196.79634075624728 3 4
398.2437891711248 195.0303043902702 3 4
411.7672013051385 92.05674429904815 3 4
414.65456536229317 139.7700645290931 3 4
417.90127998262653 99.29767008019074 3 4
422.67561353298754 3.089012896206304 3 4
423.6760150065013 194.06436275792123 3 4
423.76145160082376 100.58545445860027 3 4
424.6998465827858 48.069185373663686 3 4
440.3988913351463 195.73125397042443 3 4
440.8488160815369 52.19691298589647 3 4
446.3261948547248 196.6624215100175 3 4
446.87259044275436 98.9348812954011 3 4
452.7051484490941 193.77989639462254 4 2
453.6266018417028 186.84080973676546 3 4
460.6324108086024 194.85623810779884 4 2
455.53696967806553 63.358020062350114 3 4
460.27453646350017 187.86539223958536 3 4
467.03905697290344 84.41897677977629 3 4
469.2260309165137 42.472856426468326 3 4
470.3225605474848 116.94930768152948 3 4
481.3357837441324 67.51735095720143 3 4
482.1513855570933 3.8325703780911446 3 4
486.6090742341387 70.59622676169083 3 4
488.14925512831655 3.9924472263037956 3 4
494.8073695217044 6.1533527597691915 4 2
495.09145826429204 119.62295353207546 3 4
494.6187136579153 125.60430058245981 3 4
