256 256 256 0
744 410.9193338482967 256 0
2 301.25483399593907 2 8
1 288 1 7
32 437.01933598375615 32 1
2 210.74516600406096 2 8
2 305.25483399593907 2 8
32 74.98066401624382 32 1
4 320 4 9
1 224 1 6
4 192 4 9
8 165.49033200812192 8 3
4 459.6467529817257 4 4
16 128 16 2
1 298.42640687119285 1 6
2 453.01933598375615 2 5
1 290 1 7
8 405.01933598375615 8 10
2 421.01933598375615 2 8
32 501.01933598375615 32 1
4 97.60808101421334 4 9
8 42.98066401624382 8 10
4 328 4 4
1 448.3330444827409 1 7
32 565.0193359837562 32 12
8 389.01933598375615 8 10
16 20.3532470182743 16 11
8 533.0193359837562 8 10
2 206.74516600406096 2 5
2 309.25483399593907 2 5
16 610.2741699796952 16 2
8 373.01933598375615 8 10
1 425.7056274847714 1 7
8 632.9015869776647 8 10
16 655.5290039756342 16 2
32 700.7838379715732 32 12
32 764.7838379715732 32 1
16 810.0386719675123 16 11
16 842.0386719675123 16 2
8 357.01933598375615 8 10
16 874.0386719675123 16 2
8 732.7838379715732 8 3
1 213.57359312880715 1 6
16 906.0386719675123 16 2
1 86.29437251522859 1 6
1 63.66695551725906 1 6
32 951.2935059634514 32 12
2 58.98066401624382 2 5
8 983.2935059634514 8 10
1 324 1 7
2 314.34314575050763 2 8
38.627416997969576 632.9015869776647 16 2
4 184 4 4
61.25483399593906 826.0386719675123 32 12
21.856406460551007 397.01933598375615 8 3
43.712812921102014 890.0386719675123 16 2
21.856406460551007 381.01933598375615 8 10
4 154.17662350913716 4 9
2 197.65685424949237 2 8
1 222 1 6
2 173.49033200812192 2 8
79.56506272289681 657.963693084302 32 12
1 188 1 7
84.71300009969785 914.9983324483784 32 1
2 465.30360723121805 2 8
46.72527297551717 29.295148414507366 16 2
1 159.83347775862956 1 7
56.45098423770885 606.3248969871769 16 11
87.42562584220403 533.0193359837562 32 12
2 139.31370849898477 2 8
4 112 4 4
67.77708763999665 469.01933598375615 16 11
4 478.3919189857866 4 4
67.77708763999665 732.7838379715732 16 2
95.58872763680489 772.027712455042 32 12
72.1681348778393 48.70289888228099 16 11
103.11214048005826 595.0671663931781 32 1
1 136 1 6
1 120 1 7
2 413.01933598375615 2 5
1 296.42640687119285 1 7
116.01004050047706 859.1727535248061 32 1
76.25430886207948 16.964858896003964 16 11
2 397.01933598375615 2 8
22.461387483049844 990.1395465757388 8 10
148.7078898288742 914.1895750369349 32 12
33.888543819998326 858.0386719675123 8 10
78.64611885856222 962.6133820861343 16 11
149.0038805453991 550.458331015249 32 1
1 292 1 6
84.78649353280794 705.6788548287341 16 11
130.98469719096212 718.7067471663192 32 12
143.5333448675361 655.9490269919119 32 1
4 336 4 9
2 417.01933598375615 2 8
38.44895296881172 990.7702206900602 8 10
1 512.3330444827409 1 6
39.25867598979265 661.4479558424636 8 10
2 517.0193359837562 2 8
150.3439341413429 805.1617940123358 32 1
2 485.01933598375615 2 8
1 489.7056274847714 1 6
47.56097327553792 866.3491877627739 8 10
53.404685979563716 985.0846204481243 8 10
1 101.60808101421334 1 7
4 587.6467529817256 4 4
95.12194655107584 485.6403675742795 16 11
61.59559979586957 874.0322378364623 8 3
105.81357954844853 29.222489845333634 16 2
2 91.95122676472096 2 8
4 4.353247018274299 4 4
71.14267844852715 492.7821808999175 8 10
109.92224756582904 955.8455336033089 16 11
4 671.5290039756342 4 9
4 787.4112549695427 4 4
1 48.637518265736205 1 7
123.19119959173918 501.00646772165624 16 2
1 37.32380976675144 1 6
141.39522579106898 961.6292730194284 16 11
4 826.0386719675123 4 4
71.14267844852715 445.2564910675948 8 3
4 858.0386719675123 4 9
149.2545792817827 608.291210458029 16 2
2 581.0193359837562 2 8
1 332 1 6
183.04178346974007 860.1786155244646 32 12
2 549.0193359837562 2 5
4 345.7056274847714 4 9
158.70237656650306 757.895141494675 16 2
189.35369491567621 963.6255794147737 32 12
172.34165313497027 694.3427943867441 16 2
71.63914869844015 570.3801092920532 8 10
4 890.0386719675123 4 9
175.73559494045833 590.3258045431888 16 2
4 922.0386719675123 4 9
74.01762009144413 863.9479226997595 8 10
200.05933251051127 733.5311887150999 32 1
90.67257934201302 461.82236024926203 8 3
202.19999565414741 630.3712224441834 32 1
212.3860181852948 559.3298939101012 32 1
2 381.01933598375615 2 8
2 31.666955517259062 2 8
4 994.6072144624361 4 4
185.65430379023556 519.4624203821613 16 2
191.7008900853511 780.7978412327607 16 2
91.43393679549588 728.7398933584566 8 3
196.06788089927528 906.3773253090058 16 2
98.0675255294497 976.7133453103419 8 10
2 541.0193359837562 2 8
1 576.3330444827409 1 6
226.83230583712972 813.5053881795386 32 12
4 146.17662350913716 4 4
238.99445459078524 682.7369344278859 32 12
220.47055879675946 927.0777917634516 16 2
84.88927550452523 985.7871386891102 8 3
98.67589063354838 811.9084023266018 8 10
108.38232287574583 685.7047369955001 8 10
222.21090011112818 887.9235304014891 16 2
5.063023623090572 470.4628597240109 4 9
253.33461286134298 962.0628450068031 32 1
259.0994037622575 758.234831899633 32 12
2 525.0193359837562 2 5
112.86808321969065 819.2963431491754 8 3
238.12106799671847 860.1590466524198 16 2
259.7503410569518 602.3719770254597 32 1
1 553.7056274847714 1 7
1 28.3532470182743 1 7
7.495449467041162 104.80404050710668 4 9
268.6847836513847 899.9309509690662 32 1
10.928203230275503 150.17662350913716 4 9
248.66591992614156 527.9011056790139 16 2
1 12.353247018274299 1 7
11.903851673381576 995.8437939079968 4 4
285.84497461827596 838.2744197174638 32 12
292.5262613524305 547.4016300301529 32 12
296.54479999358955 654.7376890091622 32 12
308.5463422212242 717.6023291827789 32 1
1 203.91673887931478 1 7
314.8174968782868 944.2905358445405 32 12
318.1120725434037 783.0038634375583 32 1
2 621.58787847868 2 5
1 618.2741699796952 1 6
2 598.9604614807105 2 8
329.32072028906816 599.7673420138553 32 12
113.81814924114913 979.5272132341172 8 10
12.36412790814022 467.1927104584834 4 9
14.813891470896927 108.03520231614684 4 9
311.7319279186861 878.6955237204767 16 2
349.0264158970075 848.4776289156621 32 12
103.5059562804158 991.7607195320107 8 10
330.21663603215 517.6789845136047 16 11
2 365.01933598375615 2 8
334.9498579757517 900.7165982597722 16 2
2 640.9015869776647 2 5
356.98794649752676 675.7763686422472 32 12
340.1968137421829 553.0157581775925 16 11
1 602.2741699796952 1 7
16.944271909999163 365.01933598375615 4 4
1 627.2447327281723 1 6
18.57729283471557 147.83324385077046 4 9
367.5590110023704 742.3713607207042 32 1
376.01705629242224 925.565848196526 32 12
355.8846951949573 969.1397857812942 16 11
1 663.5290039756342 1 7
378.20832129085204 516.7855943246711 32 12
129.31982995204888 24.379330549663187 8 3
121.05210250206194 10.680984561452341 8 3
389.7638667930054 620.8060216469404 32 12
362.06982397422775 802.283803508676 16 11
406.52834918821554 820.3790939400898 32 12
2 716.7838379715732 2 8
367.1651147186755 570.2410518598874 16 11
129.54014279431016 982.4968796656148 8 3
133.28207439715453 758.6407183934896 8 3
2 684.7838379715732 2 5
1 647.5290039756342 1 6
416.0006152786729 700.5454001801725 32 12
2 780.7838379715732 2 5
1 712.097546470558 1 7
423.08541737125614 882.2003159692777 32 1
1 689.4701294725885 1 6
1 776.097546470558 1 7
384 16 16 11
387.7464881047842 972.1106699209579 16 2
19.629337994896318 40.021188082829134 4 4
25.468165688717587 110.38313766611687 4 9
397.69468230914936 560.6522301002191 16 2
405.0033853672263 772.4033241667482 16 2
2 748.7838379715732 2 8
1 753.4701294725885 1 6
409.603814769315 480.4768765113994 16 11
137.04908184267467 10.370095552303129 8 10
1 818.0386719675123 1 7
2 798.7249634685276 2 8
27.04721813919118 37.02534860701006 4 9
432.6998336262723 955.2822200094033 32 1
1 802.0386719675123 1 7
145.17188691159043 510.64230629164746 8 3
437.01933598375615 32 32 1
30.80067837055017 389.01933598375615 4 9
1 850.0386719675123 1 7
1 834.0386719675123 1 7
145.29071783061374 985.3110200362734 8 3
31.61508420751941 115.50323461082516 4 4
1 351.3624817342638 1 6
2 740.7838379715732 2 8
439.1245442130494 536.412458182485 32 1
33.163448762983094 401.0381410761949 4 9
33.70862675720526 600.9787658263518 4 9
1 882.0386719675123 1 6
1 866.0386719675123 1 6
1 727.1269837220808 1 7
152.83266305197495 12.992797252730238 8 10
448.7765355741515 645.5750531848657 32 1
2 967.2935059634514 2 5
2 935.2935059634514 2 5
449.71577498510067 754.9447384663141 32 1
2 54.98066401624382 2 8
33.70862675720526 800.7432678141689 4 4
160.2286279896817 991.0432831216187 8 3
420.03970680430115 583.558558490231 16 2
161.08307746771328 512.3257596134675 8 3
33.708626757205295 915.3340761208557 4 4
180.30115899167797 671.7011012849234 8 3
1 215.57359312880715 1 7
1 914.0386719675123 1 7
34.71584951134599 13.302220350571904 4 4
187.3241668725898 820.4085112702512 8 10
2 975.2935059634514 2 5
454.8183365661246 464.3633102181842 32 12
30.455154750657883 6.531217459105612 4 9
192.7635752278248 681.7354513663698 8 10
1 898.0386719675123 1 6
1 88.29437251522859 1 6
2 178.34314575050763 2 8
468.3456320500107 836.9508632959796 32 12
448.8066602661585 597.5750626379612 16 11
209.65427187973322 519.4232834035441 8 10
213.67330404131584 771.1431519603021 8 10
35.571339224263575 869.920094425593 4 9
221.9301792914986 986.8370564404134 8 10
2 521.0193359837562 2 5
2 593.303607231218 2 5
225.51294488098694 521.5451907152112 8 3
1 962.6072144624361 1 6
238.57473890835354 722.7347323515957 8 10
1 939.9797974644666 1 7
458.38133642450083 914.730272904183 16 2
458.8224362975765 74.76242295176327 16 2
1 988.9503602129438 1 7
1 150.17662350913716 1 7
463.11793358347654 691.3825231339704 16 2
469.7455668034965 573.3766702735783 16 11
2 677.1858582251266 2 8
470.9841572041157 885.31651917575 16 11
240.23436711635472 642.7561563347955 8 10
477.0025322854263 506.9292762037896 16 2
1 200.48528137423855 1 6
478.1628307257118 939.8836520650664 16 11
35.79898987322335 613.1025971044413 4 9
477.73854853828294 971.8808392012105 16 11
478.7039673521196 99.83680675131528 16 2
2 793.0681092190351 2 8
478.9698492791405 608.2606617586059 16 2
251.6543647361507 551.7143204476572 8 3
498.8975071972586 48.34294732514546 32 12
255.80437504991158 646.4405630643756 8 3
480.5899037325586 718.1916681988467 16 11
37.858154365766346 110.5008276902312 4 9
257.3575714331321 718.2727746435655 8 3
2 545.0193359837562 2 8
481.6067305599394 790.8190600978609 16 11
507.0482745528746 672.0402083213006 32 12
486.174357366357 545.9158829461605 16 2
513.5659249035663 907.4703689448089 32 1
263.69231340465825 797.9702717615088 8 3
513.6849398716781 752.9582985065193 32 12
38.449362644109634 6.226849004311595 4 9
1 220 1 7
495.5030905540383 127.0726188311259 16 11
499.90875581647845 584.0622693942231 16 2
1 142.14213562373095 1 6
505.66106654154294 956.249684785825 16 11
39.209016593450244 909.5249701957298 4 9
1 116 1 6
506.80843760655415 624.040807510049 16 2
1 108 1 7
42.443952588392364 916.841744697423 4 9
277.9439303625792 691.8439831870853 8 3
278.89792901192897 792.9913909631842 8 10
1 474.3919189857866 1 7
2 927.6955262170047 2 5
528.2769113427951 162.14221636098725 32 12
507.6554738864025 809.4056943039792 16 2
536.5453850555481 847.7380961676621 32 12
1 118 1 7
290.74067080566334 976.2327719320257 8 3
45.82919240716371 9.315232508402572 4 4
282.1947316646265 989.7592986184184 8 10
1 294.42640687119285 1 6
510.3304013811779 94.96149439151492 16 11
2 720.7838379715732 2 5
1 340 1 7
553.6481203886958 957.3644327709983 32 1
554.5372741975751 629.1357223933044 32 12
298.18201697052916 990.3970356705557 8 3
524.0748552825303 209.95793265664042 16 11
555.3899643619316 78.41955423978257 32 1
1 103.60808101421334 1 7
527.6270001796761 241.76016947466445 16 2
2 744.7838379715732 2 8
2 971.2935059634514 2 5
531.7852947608296 586.8705188363604 16 11
559.6788450227693 708.4548077563273 32 12
3.2520686655078728 680.98484809835 2 8
3.2520686655078728 931.4945160902281 2 5
308.38598459313863 904.8109759467151 8 3
1 8.353247018274299 1 6
3.6181217322480372 202.45200730147175 2 5
565.4266014291846 790.6252662537173 32 1
312.95285615930044 984.247051145416 8 3
47.16299718314985 910.3818206953398 4 4
328.7617193187159 981.7813168517672 8 10
543.9570701780123 31.801007173413097 16 11
48.49242250247063 533.0193359837562 4 9
576.785320630348 897.505028813104 32 1
53.731374704419856 10.562435355148697 4 4
555.0627052869878 201.97337555550791 16 11
57.455844122715675 790.239682094289 4 9
560.0798969470795 126.18988532872072 16 2
1 667.5290039756342 1 6
4.828427124746167 596.1320343559643 2 5
592.1478009762593 166.20539952567944 32 12
333.54664026456885 639.5434856223133 8 3
346.5096679918781 8 8 3
4.828427124746167 795.8965363437813 2 5
605.6665370039846 840.3921988991592 32 12
57.50545936427212 626.297079697323 4 4
348.79756759075093 634.7051785122268 8 10
575.7993051163891 34.97466029390628 16 11
1 50.637518265736205 1 6
5.2 723.1838379715732 2 8
583.9684433563829 667.0541385251215 16 2
1 35.32380976675144 1 7
587.1451125628473 747.8198194725311 16 11
58.72540400431846 861.9497006901414 4 4
5.615346870762461 175.20184216119378 2 8
1 830.0386719675123 1 6
355.29366988867326 887.9835971660917 8 3
59.37382578191305 974.6745594483026 4 4
1 822.0386719675123 1 6
589.0632230859486 112.62644896738702 16 2
59.89387817375376 5.461106999666408 4 9
616.7074833162264 60.084836644747604 32 12
370.15481692747977 988.4365115589745 8 10
60.68084247487226 586.7773063608746 4 4
616.8675161154775 947.3990926392934 32 12
604.5927050236215 691.5212558600523 16 2
63.28266927536231 885.9130541624293 4 9
5.615346870762461 414.730846136828 2 5
370.2754038106432 882.366867807177 8 3
64.59048335964836 980.7397456545667 4 9
1 862.0386719675123 1 7
5.615346870762461 542.730846136828 2 5
64.8356754351238 988.7359873246343 4 4
5.615346870762461 742.495348124645 2 8
5.615346870762467 523.3078258306844 2 5
627.2723396857658 774.1600101215321 32 1
374.51403159321745 781.7620663323189 8 3
645.7487324891142 890.2862627253485 32 12
5.615346870762467 973.5819958103796 2 8
607.7804929392381 723.362078842586 16 11
5.692307692307693 53.44220247778228 2 5
1 854.0386719675123 1 6
60.00042775257252 995.1093992718085 4 4
5.916056071685148 678.001029890126 2 5
65.24856642446613 624.2860369194655 4 9
649.9413853656644 138.71173473859227 32 1
381.85729966643146 871.3278602256199 8 10
5.916056071685148 928.5106978820041 2 5
7.056373029713533 592.8099481071532 2 5
65.91012332971819 712.8711675262475 4 4
651.21632268045 702.9334544470851 32 12
608.902652407291 646.9970894150058 16 2
647.8657068837421 817.5179762575182 16 2
7.056373029713533 792.5744500949703 2 8
663.2351668210368 934.9877684534038 16 11
388.1862541191119 856.6328156344696 8 3
7.152272806266828 178.89478931337104 2 5
660.7322502156655 966.8897340427927 16 2
8.472135954999581 332 2 5
688.3545336954262 755.0559379125446 32 12
393.98978676850606 660.5821652553983 8 3
1 894.0386719675123 1 7
407.0876500289014 748.493998772248 8 10
663.2358408449542 845.585020669326 16 2
66.81703012860281 691.6310016339146 4 9
1 886.0386719675123 1 6
1 918.0386719675123 1 6
407.2297834073668 986.1249913156014 8 3
8.963990688283998 475.02163762562844 2 8
702.192156006769 817.5420980503593 32 1
67.33847350914863 68.11099953803237 4 9
9.581995887133537 175.71729883340046 2 8
67.97077135062524 76.4310461869281 4 4
68.50999453365415 585.1328070326682 4 4
409.24071409468814 655.7438581453118 8 3
687.4459483735493 914.0631882517241 16 2
707.8106635248492 957.5290182427229 32 12
415.9778201597773 503.6149848023198 8 10
9.81466899744817 347.18536545147873 2 8
428.2794729810213 610.0102780426457 8 3
70.71603785364022 881.8308024245367 4 4
687.4463068861229 866.5099659277829 16 2
712.3798396135552 124.6604205248239 32 12
673.305689050811 96.78192060463454 16 11
1 998.6072144624361 1 6
1 10.353247018274299 1 7
705.3531373054564 61.04732867516327 32 12
1 624.4163056034262 1 6
9.45259388747119 343.2017864558097 2 5
661.2302861308411 42.148280968393735 16 2
716.5669870655929 697.6098111951046 32 12
640.062498705478 18.149848196343044 16 11
9.925279731654898 672.4729637743753 2 8
732.9053836385037 898.6541082859566 32 12
429.81917542298703 495.58897181468916 8 10
71.58406033477901 619.4012117524418 4 9
9.925279731654898 922.9826317662535 2 8
1 596.1320343559643 1 6
1 643.7300141024109 1 6
682.9141595397999 18.615120662471117 16 2
749.3879469153877 774.3152855318548 32 12
9.925279731654912 3.4092872195331143 2 5
744.4272878682006 88.9258285953527 16 2
9.992485409218508 335.6998023645941 2 8
1 665.5290039756342 1 6
71.63802781846424 984.5255239234322 4 9
763.2255692267304 836.8014456696695 32 1
71.88321989393968 992.5217655934997 4 4
1 820.0386719675123 1 6
1 795.8965363437813 1 7
753.2668778257015 58.17096476240348 16 11
771.3451912497575 949.8242283836248 32 1
10.891452741210426 591.6732143623983 2 5
75.2799558193907 69.07684565212733 4 9
1 852.0386719675123 1 6
75.96045487189015 875.7896030288298 4 4
776.3797832632457 124.74534894431345 32 12
1 832.0386719675123 1 7
777.6004002855544 716.8691588144147 32 1
79.16179802417224 621.9659517998441 4 9
80.08695035852632 453.2564910675948 4 9
1 884.0386719675123 1 6
83.27613253465832 879.027018716454 4 4
86.11298686481328 34.36619413323255 4 4
10.891452741210426 791.4377163502154 2 8
796.9742915222113 891.1799684835757 32 1
800.6970602010335 65.54509520895408 32 1
434.76217466456444 792.0444667328885 8 3
91.17762036735363 54.91896366829667 4 9
11.55546344234741 156.14374548093826 2 5
13.08351205069112 344.88000971032614 2 8
740.8114719964268 28.694484890680826 16 2
810.4213601353492 793.5746331511651 32 12
1 864.0386719675123 1 7
12.1397491192775 340.2388155210593 2 5
772.7380825482396 26.528488890482837 16 11
803.3557177729036 676.3640527026439 16 11
834.947160245564 942.697550345684 32 1
803.4746614992399 17.62552790051314 16 2
1 725.1269837220808 1 7
13.734211726652873 348.826728592094 2 8
13.817282298084072 2.486077588458539 2 8
838.6338135055158 736.1285064337251 32 1
91.34769506776016 43.03328946705648 4 9
838.7807252703068 138.9623260010367 32 12
807.1301098843084 981.8154709090188 16 2
844.1700824308301 847.9531559650713 32 1
92.07130179535045 995.4005927176004 4 9
443.6083292199965 805.3765914540801 8 10
14.93412521949911 158.28492380037224 2 5
453.25794698918986 715.1018844333329 8 3
1 217.57359312880715 1 7
858.355158357551 675.2428056721577 32 12
832.9767509843708 30.020152380961605 16 11
863.0980022080946 79.76207226567736 32 12
455.3812057154898 794.5414920534349 8 10
845.7430314072185 895.9273764539723 16 2
458.3270892728052 985.9944939080785 8 10
874.2773919067556 789.2842711140933 32 12
15.28640449850582 154.30046658393957 2 8
459.1513739502 424.59869294317224 8 10
16.85431337860266 628.2538849009931 2 8
16.854313378602676 637.5492890543363 2 5
95.63055581126262 12.008947863280405 4 9
864.9273848627282 31.79694577670698 16 11
1 916.0386719675123 1 6
1 896.0386719675123 1 7
872.740844141165 913.1063783918835 16 2
1 106 1 7
873.7389621316859 171.8549038195009 16 2
878.3935239316329 881.6095974264192 16 11
882.5306273716772 716.7102229771579 16 2
2.043352954932992 645.8227171851348 1 7
92.1381435367996 4.811513840993035 4 4
17.785669612131787 370.9600472127965 2 8
468.991686862626 411.98250327332585 8 10
96.70775305361812 689.6201010963459 4 4
469.01933598375615 8 8 3
97.17089462749259 828.4956189979894 4 4
882.9414640326221 943.4370123092616 16 2
97.4420193602316 49.943292330876005 4 4
871.8112822409423 973.4389964650497 16 11
474.3892145020087 429.47805922555517 8 3
478.04966116398634 398.7933751157907 8 3
17.785669612131787 359.0786247547158 2 5
2.4221343842640755 625.8384846017401 1 7
884.0333116485756 122.95597019850246 16 2
17.817073393002904 2.4451973119427675 2 5
890.2594841492196 834.54543247296 16 11
17.945696889543463 531.9786086509138 2 8
100.11751037939442 5.385713101963145 4 4
2.732050807568876 102.60808101421334 1 6
2.732050807568876 107 1 7
17.945696889543463 731.7431106387309 2 8
101.62451133799493 466.7269688529518 4 9
2.8076734353812305 116.85575507653593 1 6
890.822383679554 639.889173894216 16 2
102.32291250815219 696.0625140734786 4 9
912.3922460694195 38.944459374423595 32 12
17.96748807860553 632.0958690351708 2 5
103.49139513774294 631.0651686419783 4 4
107.11411898033809 9.264819711119566 4 9
2.8076734353812305 9.209002094810225 1 7
895.2121771143488 746.0901190988964 16 2
898.450543426814 151.52419429193455 16 2
2.8076734353812305 830.8944270440483 1 7
484.7489967221185 10.928783545436987 8 10
488.536618036199 485.8825456763699 8 3
2.8076734353812305 862.8944270440483 1 7
108.51681434209112 470.78851527023266 4 9
900.9176399766749 188.74630608806055 16 2
18.29004939904022 468.1326330530036 2 5
20.73815658973878 629.2108393990294 2 8
2.8076734353812305 894.8944270440483 1 6
920.1103588488534 905.3520843325833 32 1
108.82523058876353 805.5059888384341 4 9
489.952678826251 870.6129418059196 8 3
500.3391177603458 512.5331836237748 8 3
108.84105894453441 637.0133698116014 4 4
903.2222049015674 692.3000075064878 16 2
500.4378884998124 979.6744240830805 8 10
20.746936987061137 634.9724405648368 2 8
21.33266318510275 369.1110375878073 2 8
111.25824307478474 560.0009288916127 4 4
111.70843717004435 674.1749076948876 4 4
500.54417522624266 8.376855642291089 8 10
926.8637859651287 101.28685693055627 32 12
21.727132468514185 3.2886651690729973 2 5
2.8076734353812336 666.6732488990982 1 6
24.246211251235316 826.0386719675123 2 8
2.8076734353812336 821.1829168909763 1 6
933.464599917396 813.6332835767208 32 1
503.7516582943747 711.9041308734554 8 10
112.39976661162233 629.848483229093 4 9
2.8076734353812336 853.1829168909763 1 6
505.1293121819465 560.6369456774637 8 3
506.9421994269007 527.1071093991039 8 3
2.8076734353812336 885.1829168909763 1 7
903.3588535796329 968.0770245674894 16 2
935.6894302235703 656.9463757285462 32 1
2.8076734353812336 917.1829168909763 1 7
24.246211251235316 890.0386719675123 2 8
510.16986736388395 545.4516632152294 8 10
113.26593849962485 477.226358056161 4 4
938.3410097929822 725.0210946369415 32 12
2.986127700961619 52.14737049855171 1 7
24.609055365238042 371.40565177802495 2 8
945.1507972584855 162.6186204626499 32 12
911.9788190512404 858.0458684564446 16 2
2.9999999999999982 643.7300141024109 1 6
950.9004158892667 961.4588788181721 32 1
29.99999999999998 666.8427124746189 2 8
30.21866743306024 996.4502206900603 2 5
113.790570604769 936.2231974308139 4 9
114.74744270715892 895.1506056954445 4 4
516.0758868457293 12.2195024084019 8 3
962.3200017121213 598.750047131347 32 1
31.30021627299028 108.9734618230648 2 8
963.1348418429588 224.03990456176066 32 1
516.3219654020781 977.7518994504925 8 3
517.6473694421627 117.818921595698 8 10
519.5156187449951 271.98495159337205 8 3
31.556384019055013 40.983558185578616 2 5
31.642076072682794 394.9600472127965 2 8
32.744738969586095 121.39593179620131 2 5
115.50079068209793 991.4086574973876 4 4
119.8517648594418 626.9385481585981 4 4
3.044832161007062 725.2707619246129 1 6
943.5196465958587 863.4473680445818 16 2
519.6387906988317 710.007021503057 8 3
32.955061664859095 848.0823367448495 2 5
954.1788444179945 770.3329362944019 16 2
4.119718922391657 624.781031654366 1 6
4.236067977499791 419.01933598375615 1 6
33.144660393830065 650.0462473714947 2 5
120.14172485265152 683.3138239595353 4 9
4.236067977499791 56.98066401624382 1 7
954.4784757212315 62.025821416013436 16 2
33.695768439304636 606.9787520483078 2 8
959.6335247929443 30.44377795666407 16 11
520.2684906509994 565.8143267994369 8 3
120.19037641512583 481.232872695392 4 9
33.979512086168675 905.1801003960552 2 5
35.18906964565376 393.1110375878073 2 8
36.19749670180094 119.37641105042259 2 8
121.17145855108899 939.3090511415184 4 9
523.8091913294675 791.6558376068219 8 10
528.3267976501846 988.3294229174872 8 10
121.33139872129912 520.9198084941713 4 4
964.6563462529191 887.4731859829418 16 2
532.0895719216514 110.9325010783719 8 10
37.066370541265826 650.8337684947031 2 5
543.6289185715152 223.8733417016657 8 3
122.5813689448744 971.3292878609363 4 9
969.725919023704 845.0835099140702 16 11
37.17965789666511 396.5805560579895 2 5
37.469853349567764 605.6535037356795 2 5
970.292789721233 121.72998860729012 16 2
123.37976643941072 992.7949262360083 4 9
970.8082351149852 689.6674628589998 16 2
546.8819565982235 668.3963402240653 8 10
38.5610659885022 403.6583945537767 2 5
38.883658907365174 116.41253983098706 2 8
972.3720565467131 918.5290681095573 16 2
553.3707014785457 747.9542675630826 8 10
39.06591291222161 598.277009905979 2 5
973.01898417431 88.10741542982556 16 2
126.47711498976088 622.4547176922803 4 9
4.236067977499791 519.0193359837562 1 6
4.236067977499791 547.0193359837562 1 7
561.6523136758075 15.587483264227359 8 10
126.75247273976737 945.0407420461092 4 4
547.5291993846392 8.06833153556807 8 10
976.085094908204 552.7661128792283 16 2
576.9816934143812 11.003803865468619 8 3
4.236067977499791 718.7838379715732 1 6
976.6998135884561 270.08327044159034 16 11
129.2845866256258 520.0556313372921 4 4
39.06591291222161 798.041511893796 2 5
4.236067977499791 746.7838379715732 1 7
131.22146657418855 994.3785104605527 4 4
4.236067977499791 969.2935059634514 1 6
4.555555555555548 642.4729353803015 1 7
131.50478826835842 774.484659485519 4 9
4.672651434485209 33.029649286872825 1 6
137.55344426891568 584.588779431263 4 4
138.19181729421516 487.77841160807117 4 4
3.2222222222222276 34.40669507413416 1 6
138.744881564666 771.0815654432155 4 4
139.1266059467358 995.6068310622701 4 9
141.0158563390783 21.695496211647665 4 4
142.1760859207672 494.71567356877824 4 9
578.9790452736726 203.9755447894402 8 3
39.57004751826557 399.7877413437104 2 5
976.7916515876927 792.9749536936099 16 2
145.3737516101382 586.274837878892 4 9
146.53647555719195 878.2551213739009 4 9
40.63454910775798 12.31784486965388 2 8
41.065169402612895 650.7357497899095 2 8
42.41764076254107 402.5968715854679 2 5
4.672651434485214 140.67640226859854 1 6
588.9948208014761 976.089036102689 8 10
4.907334498724082 196.9169852661387 1 7
147.09529300908966 841.0149156448218 4 4
42.86682275672487 107.19730821103738 2 5
979.1396016160285 750.3089356926042 16 2
578.828568960668 988.4440886525273 8 3
150.0744062895154 493.4442431331646 4 4
4.726296943735593 198.9087747639732 1 6
591.7855672427362 17.073838434904413 8 10
4.907334498724082 464.56373824786436 1 6
152.43319528626415 501.088594934908 4 4
4.907334498724085 315.0830147338613 1 7
981.5374526639088 642.7351534619635 16 2
153.37332457779337 586.1921799381928 4 9
42.92290619425102 796.9815105624857 2 5
43.40884214063294 854.9786196989846 2 8
4.726296943735607 313.09122523602684 1 7
43.48912529307606 469.01933598375615 2 5
154.05407933710572 977.1132462466073 4 4
594.6114842543237 991.0707947330183 8 10
6.00892227916656 624.1245937846857 1 6
43.48912529307606 732.7838379715732 2 8
606.670890120587 128.93503755123774 8 10
159.55891774324587 497.45210219243484 4 9
43.86573638957078 3.6455905032158142 2 8
6.761804534797806 463.81477837890964 1 6
161.0068763486237 624.4740258389422 4 9
6.894511123164336 465.81037076249004 1 7
607.2385545707119 21.221751481415943 8 10
609.0538138857275 99.34577581141359 8 3
6.8970383319156205 341.63043805317295 1 6
44.94358542916275 649.7570316869804 2 8
610.0340223300054 986.8110624287357 8 3
7.000000000000003 324 1 6
613.8179607443035 114.62003208495834 8 3
7.000000000000003 188 1 6
45.0384247554432 405.6187073292746 2 5
161.334329389902 738.0690772272668 4 4
615.4109619630577 670.0977800264641 8 10
164.8229985684241 12.51128484065958 4 4
624.6637812718191 102.85703174129938 8 3
45.2350873669081 669.4655930911475 2 8
161.85583006094592 5.081889774556977 4 9
7.488208544605533 998.1894485627346 1 7
166.40903502886053 618.5734596293703 4 9
626.0269763515823 986.3362765151621 8 3
166.41458954712778 501.5751792129935 4 4
45.58687448792024 653.7049652207273 2 8
166.60659829937373 713.5028869239085 4 9
46.97862048856941 920.7707123780109 2 5
7.886927122442151 674.6741267943527 1 7
628.4843642675136 660.87356449419 8 10
47.16780268171406 467.44856143904155 2 5
47.16780268171406 731.2130634268586 2 8
637.9670024274665 93.9674700600951 8 10
47.8656531123849 3.671401558055989 2 5
169.0664807895649 611.0277335523838 4 9
7.886927122442151 925.1837947862308 1 7
7.886927122442152 1.2081241995558307 1 7
643.3611726852877 654.9845432426705 8 10
48.05891956491371 993.5358204481242 2 5
169.5380515771353 774.7054998211344 4 4
8.139167838992943 723.7849140185336 1 6
8.174385845303867 462.3989344464054 1 6
649.5454669800674 82.92486354694965 8 3
169.77345917668063 6.226944002823011 4 9
655.8698541464539 68.2278527294519 8 10
46.206232918822124 997.0808948043816 2 8
48.41468218530621 916.2498088220641 2 5
8.32073711926313 51.996049392001 1 6
48.42041761610815 471.24737122976984 2 8
8.327673435381232 186.50424492346409 1 7
656.9979118239906 663.3534945307929 8 10
660.1709553585495 796.9126162758714 8 3
48.42041761610815 735.0118732175869 2 8
8.327673435381234 325.49575507653594 1 7
171.58087622402024 994.9325581216615 4 4
174.28520918068412 503.0081295205329 4 4
175.2594856231922 769.1139711878695 4 4
672.0474976260637 668.7858022527506 8 10
48.43215485209376 794.5493261570006 2 8
8.399080279710773 181.62342837417853 1 6
50.20270069269161 996.9128313270204 2 5
677.7012085147525 983.8619010889848 8 10
8.427156689301324 156.500474547473 1 6
8.44620954335558 99.89526721051958 1 6
8.446209543355588 109.71281380369378 1 6
8.452593887471181 340.3733593310635 1 6
8.452710206658754 338.27450474071105 1 7
663.2626538618058 990.7559666191254 8 3
8.892834806065894 329.02964438547986 1 6
647.6994753661302 987.0428176708958 8 10
688.0469199593505 668.9217618096721 8 3
8.909239518142487 588.5951027871814 1 6
8.909239518142487 788.3596047749985 1 6
177.54652819154455 8.118873729362203 4 9
693.6674028496695 890.8835958437122 8 10
179.33316262227586 659.7402073789972 4 4
706.7879627577954 21.073071009493994 8 3
8.962919121101471 184.6078106591739 1 6
709.4303371128884 856.8817565932981 8 3
181.77015910717063 928.4333930001573 4 4
8.964101615137757 145.57854729778384 1 6
185.20987483706648 5.822546620571341 4 9
8.332576438708722 143.68087083654598 1 7
8.972848444771731 825.5183083010911 1 7
185.96583524975452 799.957933769925 4 4
50.45966106512282 922.7410820144976 2 5
186.1923455245466 808.4620063237778 4 4
724.0030578995495 736.9125445676372 8 3
189.57412557650886 664.0845344259895 4 4
189.72946824811416 927.6275406570493 4 9
724.2692170380823 850.8978078497275 8 10
738.8116349943307 730.8539932203328 8 10
50.99484907611352 46.781449336120744 2 5
191.91218779897753 698.4651933199978 4 9
51.66232936962183 4.930468433854637 2 8
8.972848444771731 857.5183083010911 1 6
51.77951029663975 906.5493532560814 2 8
51.81419589110932 792.4134894566852 2 8
52.24321475464873 537.702450063191 2 8
52.24321475464874 528.3362219043213 2 8
195.01577939336948 669.9486970889318 4 9
742.4672235844652 977.5020712100145 8 3
8.972848444771731 889.5183083010911 1 7
731.8668926396246 989.4867691144198 8 10
195.16596000892713 595.0650991432351 4 4
53.75725740091029 995.0784031850487 2 8
8.972848444771738 112.52036366642119 1 6
9.60936636685946 594.3854559682851 1 7
54.175206813903785 49.20741814459244 2 8
749.469383125783 674.8626721772332 8 10
755.5639486984744 9.763969019327941 8 3
197.67022068128298 928.5993692402487 4 9
199.85754439947397 697.5317542534553 4 9
201.6980815812407 689.7463561979584 4 4
54.74470737608823 2.381165426118554 2 8
755.6249157345856 986.6056494780726 8 10
764.9454077449219 678.9237880322424 8 10
771.2978519671334 989.8242003710191 8 10
779.6026024935836 672.5076644283971 8 3
56.61490723891488 632.2306213810076 2 5
785.036471119511 756.1718921869473 8 10
799.8450482142922 750.1133408396429 8 10
9.60936636685946 794.1499579561022 1 6
9.723411967087674 675.4661643031786 1 6
57.72087090423615 15.043944037685348 2 5
59.60193771851803 784.6366220126857 2 5
201.92372858125373 673.9835747844276 4 4
8.82075488049336 677.2508800183616 1 7
203.10923443166774 594.1141041668893 4 9
61.07388683391113 968.9204485335323 2 8
800.4918764296856 851.3349362158173 8 3
803.0335193754789 832.8864610011494 8 10
61.74249813085816 781.2575687249848 2 8
62.04510964679806 580.934466718748 2 5
62.63368936554479 486.26884189524145 2 8
62.63368936554479 750.0333438830585 2 5
810.7385168828994 104.26420092830422 8 3
62.63368936554482 451.7698300722709 2 8
62.64677183420401 787.2306507727335 2 8
63.16268403920969 792.0922419900847 2 8
204.20390248345868 666.3154063606314 4 4
210.99485714214546 595.4620487013558 4 9
9.723411967087674 925.9758322950568 1 6
63.70631113566725 577.2957293534827 2 8
211.21077066896333 992.2309677099021 4 4
813.0410439692147 698.3229792809412 8 10
825.1099287178358 97.23124124758311 8 3
831.1199412547725 982.5140343039208 8 10
64.15403881976371 753.7331462476526 2 8
847.0309298219385 980.8286729730745 8 3
64.36309241902838 859.8962963610709 2 5
216.03189476843457 907.5765543246721 4 9
64.44796674756954 32.442548208314356 2 8
849.9453256272643 13.04760175978063 8 3
64.87212186310843 942.6088295609048 2 8
65.19335867953961 82.3427927553677 2 8
8.82075488049336 927.7605480102397 1 7
881.0835737590273 14.049338604270972 8 3
65.19335867953976 429.65720724463245 2 8
216.96446004290962 848.1265611721092 4 9
882.8793316043407 858.0325422768999 8 3
9.77565372686904 472.1335235157299 1 6
218.1021068240884 868.3501347399189 4 9
9.837069004107635 180.23339656572685 1 7
65.23662876783865 2.7307194650102797 2 8
890.5825013243847 988.3936390258536 8 10
218.48725913279375 598.2663155236338 4 4
65.27522421470242 590.6362772636821 2 5
10.29177505051899 144.08279222124793 1 7
10.29398711159252 100.66058940301133 1 6
904.7448844462843 620.3401592796533 8 3
10.83945945707509 111.80219702228638 1 6
906.191482584895 991.9092760960074 8 10
906.9243444000839 944.3433507008231 8 10
221.7469296040411 762.2652822680332 4 4
10.917200636906882 462.4066472044341 1 7
11.410577560027725 473.28548881892686 1 6
65.37269673413087 974.7909523116458 2 5
11.69399865670124 102.08886377215835 1 7
223.7648284465569 777.636312606584 4 9
907.3544832181393 766.7919161822863 8 3
913.9517432699311 208.89853056429962 8 3
65.44736936449868 706.8890392454704 2 5
12.123105625617658 397.01933598375615 1 7
917.1360113208735 610.2179078118312 8 10
224.65715863176158 593.173934923891 4 4
920.607708372698 775.7558451759013 8 3
921.9325922665869 989.0426638116301 8 3
225.33413039598986 907.67816106338 4 4
12.123105625617658 381.01933598375615 1 7
232.54811609422853 911.1362545186828 4 9
924.5277791196462 196.89238773216823 8 3
12.719293814232323 173.15376895866524 1 6
942.9768765453683 13.165002850872472 8 3
11.00937902526503 178.35596845594776 1 6
65.45737556764007 558.9692103548224 2 8
232.90014109545427 991.7012046720932 4 9
65.45737556764009 507.0694616126899 2 5
12.916762788125336 672.2470675086906 1 7
239.54851854751132 921.075171356605 4 4
65.66459054114668 946.5295429391472 2 8
239.95021565295045 995.4822691695258 4 4
12.393973470074453 674.1775315277627 1 7
65.8282798494367 433.60649516880517 2 5
65.8460434528766 697.5519124486087 2 5
65.93291491429977 702.9186179178191 2 5
972.7284383487134 821.2720656549972 8 3
244.8334043313068 927.0810003794991 4 9
12.916762788125336 922.7567355005688 1 7
247.15987056057563 568.6454288374242 4 4
974.6564667968072 665.9779902409143 8 3
65.93638360261829 503.0982462694447 2 8
247.88771927760607 842.7058944225922 4 9
254.91912705627576 566.6976252965261 4 9
974.7108992679523 49.11655972426304 8 3
65.98089718447085 994.6256789247795 2 5
976.4874700245645 712.9858309588866 8 3
977.1758010878887 186.58524579302775 8 10
257.3170293604057 865.7728748759966 4 9
66.82863391582681 750.7588327012834 2 8
978.0840923714964 867.5810861899328 8 10
67.13626307018166 792.5512296637971 2 8
262.65384452385183 809.9252532497252 4 9
264.2154589636381 708.4254715295688 4 9
264.55376639551105 638.2278807326676 4 9
12.393973470074453 924.6871995196408 1 7
13.46650945641683 990.4431405249451 1 6
13.767844031960685 592.5254896362952 1 6
264.6324838934522 515.856653218326 4 9
978.3287842418796 64.7021591132962 8 3
980.0709047534041 529.0993995485205 8 3
13.767844031960685 792.2899916241123 1 7
13.873980660608025 146.13652507828877 1 7
268.20455994073563 723.4053023167414 4 9
980.3079308612129 143.5404665467183 8 10
68.5221141090856 592.9724506334799 2 5
980.5826555286521 293.76709484702485 8 10
983.0969499281601 35.49032934589249 8 3
981.054811639383 19.62118723897598 8 3
969.4921014188554 8.562085451031942 8 10
12.054929719589817 145.30522869673717 1 6
268.88090156424255 714.9242133570663 4 9
269.26593443116155 702.2212231825131 4 9
14.901525303230075 672.4934772459882 1 6
984.0067612480785 172.1167288237631 8 3
984.2553389586108 939.3806291810714 8 10
69.50381768597163 945.4068965431528 2 5
270.80561545990986 993.539249950838 4 4
69.72502494588775 434.50947781165536 2 5
272.4590569835984 517.5133830287056 4 4
14.901525303230075 923.0031452378663 1 7
273.87245829902713 804.3235897867343 4 4
985.8749672838994 898.687913868345 8 10
277.0207208711933 934.9525464590979 4 9
286.49505737753543 802.2802897459517 4 9
290.3038353883476 583.332964862499 4 9
291.64190562961306 619.0731179777354 4 4
986.7964883072008 514.5815992378366 8 3
293.7541219896292 590.5506876591306 4 4
14.999999999999988 37.32380976675144 1 7
15.105166466748294 351.4951519281878 1 6
987.0276417924323 828.4506992906647 8 3
294.293629275165 750.6607649243145 4 4
69.85255685273106 503.9128548104638 2 8
70.14939959972655 978.4817708460724 2 5
987.2450353081015 308.3140084603789 8 3
294.5428434397789 611.6176126413044 4 9
300.1652749152772 512.2214442462966 4 9
302.5744794375003 978.2229913332629 4 9
15.875158527685459 161.13351227765074 1 7
987.6031164835248 880.4414197763768 8 10
307.7460683457032 514.7771380787442 4 9
988.6910701839413 673.6610825718607 8 3
72.37160947945823 580.5406474088809 2 5
309.00538242961085 995.5791935356884 4 9
988.8818363059414 772.2426737061453 8 10
16.149725424949203 353.2007006911501 1 7
72.78341894288229 692.2651975948295 2 5
316.22141992638336 818.9541823886017 4 4
989.8819300087771 704.2343486997875 8 10
72.93496805854659 613.5552688582745 2 8
990.0173667590259 53.776179123388594 8 10
16.253196949481097 470.33518432340003 1 7
317.00529635134916 995.5420822870228 4 9
318.74541807942364 683.0772824537926 4 9
76.01329546478313 980.4197921953385 2 8
319.73818562334515 826.1397484089423 4 4
14.710478226321436 471.6079839703251 1 6
990.2398164770128 954.2192958607883 8 10
76.71480409313459 881.9524724861895 2 5
16.477718956530065 350.0404699482369 1 7
989.9299899013754 970.2162958136867 8 3
76.84581514180873 484.56791088623123 2 5
320 4 4 4
77.50171579857886 500.4998647481097 2 8
16.537999511957004 980.4470055974191 1 6
77.8706304326727 992.910243444437 2 5
324.20268548904943 819.5013569660455 4 4
16.537999511957025 407.86583634978837 1 6
76.29592113718665 996.587238227505 2 5
78.79682689599153 855.1638927408302 2 8
324.6032039785463 993.0377261445024 4 9
80.01769479844518 497.39022655818604 2 5
983.3754314838006 984.8121090473027 8 3
990.3263496900366 812.7944377251989 8 10
327.1199298513733 537.4377904195784 4 9
327.454217030859 748.2371503864873 4 4
16.537999511957025 45.827164382276045 1 7
990.3673327341417 857.3281838596907 8 10
327.7226326266254 6.088287651206445 4 4
331.57379393322856 816.3922155565642 4 9
331.59879589945473 880.9993372187249 4 4
80.26764667664949 996.1124790894374 2 5
80.34383528566417 871.6925338143617 2 5
80.76388192385278 66.64239407511882 2 8
80.7986783891244 566.3672529719898 2 5
16.74565808508816 997.0915561736375 1 7
80.92834806065893 447.3157798385545 2 8
332.60241480321 993.1500924320743 4 4
338.61509710827454 812.5948415169038 4 9
344.2107456882746 990.1092612853554 8 3
15.869292632772614 998.889328015109 1 6
81.85711295717935 857.7396740249651 2 5
16.79182880660941 355.0948240364633 1 7
16.82943549077583 534.7632020664093 1 6
82.09599225098663 852.9021438687403 2 8
990.7316927440471 195.08452819841312 8 3
341.85666152330475 501.4152270582914 4 4
990.7637059738195 720.2100324456393 8 3
16.82943549077583 734.5277040542264 1 7
991.3788053834439 571.2621237977896 8 10
342.8407559198489 533.191289212166 4 4
16.955823555259425 982.4028744756516 1 6
991.7910878095634 132.39878325829417 8 3
343.54544768447096 709.172464606611 4 4
991.8599535218217 73.24074552543446 8 3
353.3062980563112 775.4297964622398 4 9
354.0998882950053 783.9404089136438 4 9
16.95582355525943 405.9099674715559 1 7
16.989756043084338 388.5900501980276 1 6
82.87299334805657 868.5936050485725 2 8
17.337644156348244 156.4896252958868 1 7
355.59994440850807 15.833701211385392 4 9
356.1713530975249 989.1377313569501 4 4
17.456489996171598 159.90901614177466 1 6
357.8233764908628 4 4 4
17.864391443853027 998.7493968390776 1 7
18.11113605072171 353.59168452343306 1 6
359.4193058253596 547.4934581031479 4 4
83.72063131717654 63.94839462725704 2 8
18.257785539326818 154.7138607182104 1 6
360.95904746711585 777.7611965684912 4 4
18.3324635473401 44.94404557615951 1 6
84.09435596812008 873.0830713400942 2 5
361.88935829703684 10.88968736241798 4 9
18.675137785673904 111.21180063771997 1 7
362.9416541999662 19.011640376631888 4 9
363.9657236240224 589.9834908334149 4 9
18.753239432381925 355.4858078687463 1 6
368 4 4 9
374.74038082655426 707.0949106803685 4 9
19.2513103152289 981.7314906424904 1 6
84.28379665149117 739.9621774459813 2 5
84.4753416336299 449.1647894635437 2 5
376.8839451672175 552.7612253529539 4 9
84.66831551480578 624.3488628609932 2 5
86.07193908433261 452.8323331347778 2 8
86.07959990588654 995.7160423455832 2 8
19.53295645611086 638.9001670145228 1 6
19.611205281393445 109.44437945320924 1 7
19.77970256743355 107.45148992676852 1 6
86.68975984272339 2.2985245608478806 2 5
19.153670078027798 105.55199438262834 1 6
378.7805019083209 586.5224148382938 4 9
379.58900830964814 792.6361001435449 4 9
14.629017534706318 103.03862132233543 1 6
86.71879153164875 61.300558656439364 2 5
379.7292301929004 889.7577518364483 4 4
20.021737589631574 361.0786247547158 1 7
381.8286929167517 991.2151118157765 4 4
383.9918639697847 774.40199204997 4 9
20.592794201749083 372.0183720865314 1 6
88.11769770759122 805.1967298025124 2 8
384.169341331702 883.1030232112457 4 4
88.12791502464044 738.8563953999993 2 8
384.2322359914111 580.6676223153027 4 4
385.29599396979216 787.0298255627819 4 9
88.84881045757498 881.2508129442182 2 8
20.62828694087005 111.6421590668887 1 6
89.93662938986698 948.5946670258124 2 8
90.165600764242 49.00492813214053 2 5
20.942741830899504 532.1117312241016 1 6
385.4009083556658 481.5114296809112 4 4
93.84614547827525 947.7486859654592 2 5
387.54565430459195 891.4617219377608 4 9
94.84096226004033 986.7689384243441 2 5
20.193059066838046 533.965909142552 1 7
94.90443221393915 821.1699411506396 2 5
20.942741830899504 731.8762332119187 1 7
95.1325246061201 738.0307731987679 2 5
389.78949804586716 992.0060490422674 4 4
95.93547832449511 719.8103847570443 2 8
96.32864061813288 628.3835907154738 2 5
98.47790396051388 735.8379583467579 2 5
98.83591598380687 821.9071218389831 2 8
20.193059066838046 733.7304111303691 1 6
21.28838684477343 468.2324957663347 1 6
391.06440973735624 584.8295211493947 4 9
21.319977412829747 362.5999969516033 1 6
391.9279565889297 34.361576847429156 4 4
392.841006860371 672.5270513880772 4 4
21.461453097125588 639.430167680178 1 7
101.43300452817012 738.5337663211948 2 5
21.645843682842266 632.1102793617806 1 6
101.62151087550717 11.67961912447582 2 8
21.74456264653803 858.0386719675123 1 7
397.8866193450503 580.6513090833685 4 9
21.774646701720833 143.98916681601344 1 6
398.48995912567176 29.78553896430464 4 9
398.6824486772074 38.648398120749775 4 4
101.9695079490652 502.2870159727039 2 8
102.63617007330463 46.93982793623391 2 5
102.74179569763324 821.0445074053457 2 8
102.0340453101541 824.9813956929434 2 8
400 4 4 4
402.55811646561716 733.9414961445362 4 9
105.4781645791481 504.20777849112596 2 8
21.81474844549317 366.15002529439914 1 7
105.59263133813909 826.8079951239708 2 8
22.276243626094722 637.5533747375363 1 6
105.78430119737688 3.414043295623915 2 5
109.75725953012675 3.878373012779098 2 5
403.4230203061437 11.230693741524934 4 4
110.04198429118772 642.8919562328225 2 8
112.31525840523626 996.4931814783589 2 5
407.9734746202176 4.650924327972028 4 9
410.2654315730431 736.0856262326707 4 4
410.72627869959365 916.0123211049483 4 4
