100 100 100 0
100 300 100 0
100 500 100 0
100 700 100 0
25 200 25 2
10 163.2455532033676 10 3
100 900 100 0
273.2050807568876 200.00000000000014 100 0
273.2050807568875 400.0000000000001 100 0
25 400 25 2
273.2050807568876 600.0000000000001 100 0
25 600 25 2
25 800 25 2
273.2050807568876 800.0000000000001 100 0
446.41016151377517 300.0000000000003 100 0
200 25 25 2
446.4101615137751 500.0000000000003 100 0
446.4101615137754 100.00000000000033 100 0
619.6152422706627 400.0000000000004 100 0
242.50423981593852 946.8245836551856 50 1
270.71067811865476 50 50 1
619.6152422706626 600.0000000000003 100 0
619.615242270663 200.0000000000006 100 0
341.61167891168117 933.493585347344 50 1
410.3161854941822 860.8321046629052 50 1
455.53704996365497 717.8108705169449 100 0
510.2597416147562 857.4727014460091 50 1
792.8203230275503 500.0000000000005 100 0
463.1972920818564 945.7060615994299 50 1
792.8203230275502 700.0000000000005 100 0
5 144.72135954999578 5 4
792.8203230275506 300.00000000000057 100 0
341.4213562373095 25 25 2
563.1408482024303 942.3466583825337 50 1
585.8821014459518 792.0413733717511 50 1
5 55.278640450004204 5 4
570.5127018922193 85.04809471616764 25 2
637.3663035617203 51.054037238195164 50 1
727.0400235408024 95.310380796076 50 1
904.6237219025398 600.0000000000006 50 1
904.62372190254 400.0000000000007 50 1
554.7245724814936 37.606183185220914 25 2
942.632458258013 692.4950591148535 50 1
10 36.754446796632415 10 3
914.0580233999472 788.3256475119939 50 1
812.8084335836796 898.9986819966307 100 0
10 363.2455532033676 10 3
691.5707332112827 810.6730344846371 50 1
662.9962983532168 906.5036228817776 50 1
942.632458258013 492.49505911485363 50 1
942.6324582580132 307.50494088514785 50 1
584.1462792159581 870.3482426504085 25 2
668.7177826491063 714.9519052838333 25 2
10 236.7544467966324 10 3
619.7378173538497 724.9999399013818 25 2
707.7308823061467 966.7017706818409 25 2
914.0580233999477 211.67435248800732 50 1
831.60016615415 155.09960742953038 50 1
921.824261210318 111.97638084227732 50 1
740.7234384116432 169.05157794849856 25 2
839.3664039645204 55.401635783800444 50 1
912.2215765275379 37.59366479289458 25 2
931.9443125616649 861.1616321626007 25 2
5 344.7213595499958 5 4
937.2424767179273 910.8801343179683 25 2
5 255.27864045000422 5 4
10 563.2455532033675 10 3
922.6311939727101 958.697604101922 25 2
961.1079712762374 48.087491953388515 25 2
971.3479789229174 947.4426112491805 25 2
973.6740027598075 166.16682558349657 25 2
10 436.7544467966324 10 3
973.7498648909217 833.7336210344533 25 2
10 763.2455532033675 10 3
5 544.7213595499958 5 4
10 636.7544467966325 10 3
5 455.2786404500042 5 4
10 963.2455532033675 10 3
10 836.7544467966325 10 3
10 16.754446796632415 10 3
10 983.2455532033675 10 3
36.754446796632415 10 10 3
145.82575694955847 199.99999999999997 10 3
145.82575694955847 400 10 3
145.82575694955847 600 10 3
145.82575694955847 800 10 3
5 744.7213595499958 5 4
5 655.2786404500042 5 4
163.17483724808363 190.04965262941417 10 3
5 222.3606797749979 5 4
5 177.6393202250021 5 4
5 944.7213595499958 5 4
5 855.2786404500042 5 4
163.17483724808363 390.04965262941414 10 3
163.17483724808363 590.0496526294141 10 3
5 422.3606797749979 5 4
5 377.6393202250021 5 4
5 622.360679774998 5 4
5 577.639320225002 5 4
163.17483724808363 790.0496526294141 10 3
163.2455532033676 10 10 3
5 822.360679774998 5 4
