67 67 67 66
54 187.29962593458055 54 53
79 317.928872277044 79 78
95 491.1916784415523 95 94
8 113.3033476111609 8 7
72 656.6002634666349 72 71
85 813.0611211914985 85 84
162.11749726574732 151.15260966779684 60 59
196.81745336151565 713.076836807675 65 64
234.94300357246476 374.8303629147968 87 86
246.7777501721676 850.262728001309 81 80
40 929.6801590884045 40 39
243.01507617442678 578.8018218330492 77 76
271.0852736582587 222.04706437387145 70 69
339.2465115335488 700.3111253810621 78 77
274.99431642933916 77.09976572841938 75 74
346.2289907057843 479.8276441546587 66 65
393.5797991957464 313.72089495460915 83 82
415.75720327265145 847.6274993847825 88 87
423.05012472152134 145.27951074809982 88 87
16 246.08737976137684 16 15
474.7518879472411 584.8888876494032 100 99
477.65110104574114 426.91548937168835 58 57
514.5954987652339 738.8157750894613 59 58
534.2423872742588 256.1184964363635 69 68
578.510595097388 856.5903923074828 75 74
603.6880559225823 105.34283823522262 97 96
610.3070851316694 385.4017580747553 81 80
646.7714140745197 667.8966139822364 91 90
703.3797710537019 252.8066030529422 81 80
746.2816885761072 504.8668459378123 100 99
729.79675298449 818.5312484421926 81 80
800.6194825303825 100.14541442946813 100 99
827.4791917848715 678.1776195257669 90 89
5 30.39398956455375 5 4
118.95583659893717 932.3213457463194 39 38
165.2242332624694 36 36 35
599.4750410235392 510.93528674514494 45 44
830.6401009650725 348.12611013753184 78 77
880.4218891911422 829.1646083405255 70 69
163.26164317427262 244.14557139146714 33 32
187.71830578119489 945.425651601993 31 30
807.0903923328501 932.8540078398105 57 56
327.69210662613756 929.1415396026504 32 31
673.5779193106224 934.6365572801179 48 47
912.0909832176162 542.3805475744846 70 69
21 399.39051969470916 21 20
14 564.1300085567942 14 13
902.9084491994001 227.05470210292634 63 62
910.6707958596763 942.1867461957188 47 46
373.2067642339882 37.22101078021292 31 30
488.39221049516283 41.071009047182486 35 34
501.8598318433042 939.6184628171991 38 37
902.235475699002 436.83970727296656 36 35
242.6753140024228 956.183311541399 25 24
343.3068281930581 597.3911864546105 25 24
939.715313810026 128.71724882323718 42 41
15 722.3269703672548 15 14
144.7583178370541 597.0836507814172 22 21
378.7860590555985 954.4082771272296 25 24
427.5701807093976 959.0027819392117 24 23
927.6798201954572 51.65138807119163 36 35
938.7242495096812 739.4437368485072 37 36
940.7348644415883 318.5432932491756 36 35
161.56511424189014 635.5743197104757 20 19
564.3234435852135 957.5989302236936 27 26
950.6276487437672 643.2712082429805 38 37
720.1534031291642 363.5434319175843 31 30
949.8843850221234 386.93398174656073 33 32
428.07333245191575 33.392213059321485 24 23
9 143.20881056448334 9 8
113.80677886301893 227.3888913560117 18 17
496.6088106096516 346.10951652258257 25 24
698.2498105945243 26.684878985293864 26 25
78.91210826958033 968.5497851480472 15 14
9 371.2580387809375 9 8
806.9637150613098 225.98559367915578 26 25
958.9503258804177 886.1056711259921 27 26
150.58275132502587 888.5521983373429 15 14
960.05475211461 459.2212012976182 26 25
211.5808796725579 481.29731162135744 22 21
440.1633641124779 704.4085472000484 23 22
537.3484112689126 480.17176742525146 22 21
152.3095985295205 974.7892932488533 15 14
252.5351001937631 479.36034969594454 19 18
10 15.23128357782086 10 9
169.28569744435964 291.76605826582664 15 14
4 99.74141108748981 4 3
966.0442715562076 792.8629880167641 23 22
6 223.29962593458055 6 5
196.3813407213992 278.8887093382166 15 14
611.7173904198406 965.2024690995412 21 20
6 274.3857901628895 6 5
280.8001683463397 941.1003582080783 16 15
399.1184809368685 414.56891429346666 18 17
7 542.7668662744628 7 6
4 157.9057490211824 4 3
635.4870986676657 779.3267006994181 21 20
264.39530062434034 755.8931252890736 15 14
10 429.54753841186255 10 9
10 602.93463200664 10 9
336.4635693467801 397.4041247825699 17 16
588.7042129859245 763.144738827278 19 18
735.856145083629 959.3432890463068 19 18
592.2023637224497 573.5141023689183 18 17
968.6136056784717 841.1321119656975 19 18
13 879.5442017458771 13 12
640.0824702244472 559.1020459644784 18 17
11 751.9055817858159 11 10
279.38599322598674 972.0680850980032 15 14
309.38382181006983 972.4290286392501 15 14
10 969.6801590884045 10 9
21.837672728685213 586.8141635156642 10 9
210.1241219037567 14 14 13
424.13401087800645 742.9621799406473 17 16
54.8758881218125 978.46240947302 11 10
970.8649033053977 181.164394353474 19 18
322.98290162621834 791.8780134617552 15 14
361.121832393725 560.4638845584494 16 15
320.09469105462983 153.82626837684228 14 13
4 353.48164994630633 4 3
846.6303266420464 442.7850383102058 18 17
135.0427159372895 390.8892313110583 13 12
120.5799955511226 723.8979902651897 11 10
338.3469700648576 973.8905494811072 14 13
355.04323017286896 224.70441980565144 14 13
885.3951143503807 18.06562246140744 18 17
533.3166249657004 16.929820499818938 16 15
969.6571000906163 272.94171120357 18 17
121.29548784199291 11 11 10
610.2908939467372 218.14976413087314 16 15
183.65434822091373 81.40188170790422 13 12
972.6210144437653 79.74567680637483 17 16
426.1880898035484 477.26981861839704 14 13
609.8305876268339 290.40295308159824 14 13
3 38.645106242484346 3 2
15.431947477670692 127.47254507217275 8 7
701.497029286442 157.82526128816292 14 13
733.2625587326332 914.4686665360529 15 14
27.507799835907736 977.0610089653353 9 8
330.3900054721094 557.2235519713348 13 12
36.80345924318351 732.357382374288 9 8
6 698.169482848288 6 5
144.69645586694853 81.29198186800289 12 11
166.08149449443064 909.42775725606 11 10
6 858.2274803540433 6 5
858.2961140624176 474.7210587865067 16 15
739.514769205142 618.6658301258394 14 13
4 530.1788558207882 4 3
336.02182116407164 13.699105906519966 13 12
177.2571800495443 786.5165788276535 11 10
29.951037730639406 131.2403054448808 7 6
35.84705333149358 575.5120727743164 8 7
48.98651479381378 398.5216182643725 7 6
733.9388830554605 724.6225547100616 13 12
79.95066937453582 904.9224528835372 7 6
969.4140195391137 925.7479606034802 14 13
93.50820043446768 138.22720905472917 9 8
214.11246545039316 978.0959490502389 11 10
101.94366170485986 978.2733414088946 10 9
256.31566549217365 665.7908689815301 11 10
972.2228082436783 955.6161829478567 16 15
298.8361575148424 299.20850840635705 12 11
120.83692379610807 980.2844723224366 9 8
5 447.60268900614557 5 4
453.9642269015077 240.38113158815375 12 11
363.473653187069 404.78351303232125 11 10
796.7496568215004 263.6723488491711 13 12
232.10990621809108 152.18347777180864 10 9
975.4224239010388 597.5632316426063 14 13
505.0054821599386 807.1460874077155 10 9
830.4425326920892 257.12632460604 13 12
514.8698527142367 179.53060637063086 10 9
834.549312901961 575.4205594890487 13 12
531.6204600893907 337.731903455134 11 10
191.87912984013332 213.40407733328442 9 8
273.56799175239024 498.41202552975057 9 8
4 622.6591379696806 4 3
2 90.15167380558046 2 1
542.9567990886004 673.726323993544 12 11
5 771.8300649353218 5 4
113.10172480377837 202.39883535820428 7 6
116.02126573993985 591.0020305433801 7 6
4 954.9783803697516 4 3
662.5684033776797 13.614409252889038 12 11
174.15319473913374 981.9904948590965 8 7
861.6218173500764 976.7439119817726 13 12
133.1713940314202 211.57713372506748 7 6
196.69574289239864 507.5310749286678 8 7
751.4905259110585 392.98803644460213 12 11
929.7689935612376 690.2522397082711 13 12
971.4646569641137 695.2502337092704 18 17
3 212.75547005729626 3 2
814.1163359827788 779.2985079950266 12 11
974.9904545606993 424.2794670469849 12 11
4 904.3819378070574 4 3
975.6740452167685 50.9068314220829 12 11
519.0490138359404 372.96910101607125 10 9
158.09741080717083 571.3335323596589 7 6
971.2446564832028 23.25939907390703 16 15
532.2831085906961 978.0297141890511 11 10
220.02217261194272 281.0094228030737 8 7
976.0535648125783 243.63155530052683 12 11
6 582.4603113366176 6 5
700.4551425797343 403.7682421786984 11 10
284.7224639705752 768.6526875972206 9 8
542.1243910451558 448.5301805943588 10 9
158.7132956768468 868.1097364370954 7 6
5 983.8222947121354 5 4
712.8835484632476 978.637324511114 11 10
24.20182972842796 7.861885205854541 6 5
4 262.08737976137684 4 3
732.4433239728077 12.549687340000935 11 10
163.47776594173394 84.16641953035784 7 6
301.0875465646172 778.4961200571497 9 8
976.3159475772997 211.681375140337 12 11
976.4500931208752 350.6123194331159 12 11
273.0786324071974 461.8399820001572 8 7
326.83222644330806 889.1507830947875 8 7
346.9079977010802 203.7463944755829 8 7
191.51632895816743 458.19776620855396 7 6
565.2175429746808 464.44562683175104 10 9
15 983.8222947121354 5 4
3 287.1392636403627 3 2
956.5843095314264 977.6261206585112 11 10
977.5288870880038 492.9651578962688 12 11
612.3182999592157 244.07059793035896 10 9
612.5496517369777 266.5574778218151 10 9
3 457.42779240928405 3 2
3 123.10130658229362 3 2
3 685.9941403800331 3 2
357.8974299930865 73.09055615090806 8 7
613.1019618935854 934.2334045054323 10 9
22.559611369763793 740.8432409404058 5 4
4 737.8189037520845 4 3
196.62646355657662 982.3667496507638 7 6
4 131.20881056448334 4 3
3 844.9985600368411 3 2
48.05407524377524 582.3668970633172 6 5
201.00853758430424 257.38082591859757 7 6
4 893.9664068477331 4 3
368.0152377019584 619.265703581635 8 7
401.716939342011 979.5115583727205 9 8
403.5971365710215 12.778726328540179 8 7
229.92311177698002 7 7 6
409.46824976195177 439.5064820430956 9 8
2 43.84832619441955 2 1
260.251216507252 982.9244343888176 7 6
446.7863312726598 755.7243263407624 9 8
29.864382164633415 885.8364679676126 5 4
416.00976734749065 455.19751603318326 8 7
3 781.1236823461559 3 2
447.72311630941886 734.6824393078913 8 7
638.3080715312144 471.9866572238131 10 9
36.87043922907429 243.7582669720264 5 4
660.7511701588476 878.0726597287871 10 9
450.8061295820032 937.0007211268772 8 7
461.0553965683276 964.8968738014805 10 9
451.5552743229801 980.1856826930671 8 7
89.3134496416895 234.56441488369003 5 4
467.4824651308654 981.7103442847697 8 7
757.830142033021 978.2679675922719 10 9
483.48227693203256 981.7879479395384 8 7
807.5233510034984 865.8554067589706 10 9
498.2106654790172 83.9615434543221 9 8
103.60601043544625 5 5 4
948.5128487448222 10.63937859273105 10 9
501.6919822626145 892.6187625360457 9 8
317.1905928012769 618.2225363514325 7 6
2 166.51501624375402 2 1
557.3405343193426 10.012322442863521 9 8
979.5395055792083 762.7485619278538 10 9
638.1882653543704 979.3195785841518 9 8
834.0969695544902 203.8770772068029 9 8
894.1461348876696 751.3658610494454 9 8
484.56456448961603 315.38597285652725 8 7
11.095944032221073 265.7816426501797 4 3
326.75487372428915 813.5522430095702 7 6
2 343.06848245699706 2 1
2 292.7892620970909 2 1
894.4889608134336 155.5486728793807 9 8
329.92735693064816 172.38209446383138 7 6
905.7791982794829 391.979457270625 9 8
149.93614820077917 659.7557037887125 6 5
908.5091713547697 621.2993072186856 9 8
343.93896843004524 785.1815021227411 7 6
911.1038024167138 9.815570467148273 9 8
593.4756274444902 938.2301363470754 8 7
421.12254851177977 677.4788112464993 7 6
916.6424863164997 361.2634505786036 9 8
643.3387208960866 8.117199810170739 8 7
115.88568004727053 393.3970550261363 5 4
1 83.3707055437449 1 0
976.4097076137525 980.2630868845558 9 8
124.86543068468526 247.5558499736902 5 4
467.3054918453275 691.62946655496 7 6
163.7954610154201 312.03567355458694 6 5
980.5815342224994 297.63293917826064 9 8
980.6975952341054 720.6225188034933 9 8
514.8965080312207 982.6886970163698 7 6
516.4569368578951 162.60485191415398 7 6
20.96332008028216 138.1216726012748 4 3
3 232.2309733008258 3 2
171.0675287195619 893.1753893453271 6 5
136.12788481618423 5 5 4
526.4497415826064 357.6645517309819 7 6
33.56968311424863 4.362839201331566 4 3
2 518.7597759457327 2 1
2 463.62358093737186 2 1
588.7626980655821 981.2362490319633 7 6
186.53348039885122 642.8255741848353 6 5
3 415.2650275610967 3 2
613.8002442302562 560.9231708080483 7 6
687.0277966493586 340.2915328013263 8 7
194.68650644884073 65.93283245353881 6 5
141.47605583153447 374.07815942955364 5 4
698.716371372621 60.681677673410704 8 7
614.5645195151733 760.4531693570079 7 6
35.48230344018137 589.9484980139104 4 3
619.0722814677716 573.8925818727903 7 6
743.4578451817495 332.27199158270855 8 7
298.05751193011656 954.7452873918988 6 5
145.99682100607802 405.17235359373666 5 4
317.7957029029959 8.331740339197427 6 5
779.0599138530359 205.97161628159347 8 7
327.9350874121555 376.04376439490835 6 5
336.60534752870456 183.53576836852622 6 5
659.5776571975333 765.0562770995728 7 6
2 680.6002634666349 2 1
3 383.5160118283216 3 2
860.5765967795883 10.316997706764548 8 7
866.2205210779969 905.8608999308948 8 7
374.9440394800104 226.69383904773986 6 5
900.5319343805443 298.0149175571917 8 7
945.2701209708066 427.67350269691957 8 7
981.412432913277 156.30982497134815 8 7
662.0206045110978 571.0903012178874 7 6
3 708.9105625022561 3 2
167.69004519635988 611.3362252968676 5 4
403.4880013458381 754.4316481676866 6 5
3 360.86573393552425 3 2
416.2776789396005 496.47640617234725 6 5
718.3221734926207 401.58439091133505 7 6
3 4.2768324277175385 3 2
743.1084740430939 934.3752349638656 7 6
1 50.629294456255096 1 0
417.7072467315173 399.38807814285593 6 5
3 613.8890831567433 3 2
2 632.6002634666349 2 1
907.0780412954518 89.39482069403734 7 6
910.6764900577695 376.74736833842906 7 6
3 591.9801808565367 3 2
3 867.0542057490803 3 2
40.06047178755164 973.680117533418 4 3
927.0617159347402 8.655830776014227 7 6
1 201.9965643912796 1 0
2 839.1379308123092 2 1
39.66324715517519 981.6702497345416 4 3
1 172.6026874778815 1 0
49.405093233665774 729.1638231107198 4 3
445.33374819103955 483.052877057449 6 5
1 335.70526111167516 1 0
174.34829705523882 802.2499319262603 5 4
181.83729446919952 906.6430189999447 5 4
980.7438477751064 577.2486445694586 7 6
2 786.9843115706879 2 1
192.0570489924669 5 5 4
448.9648537576405 54.922292890396136 6 5
454.2297047843025 14.957349718098872 8 7
980.9539298730346 102.25262063375054 7 6
2 947.5687029084028 2 1
68.60286918867786 984.5097221646145 4 3
192.85796904761654 782.9647648351104 5 4
2 911.7916152684062 2 1
981.4783878848896 332.2897581556584 7 6
3 763.394707078892 3 2
8.127280933202602 617.0053293331576 3 2
982.2384305124075 745.9641702437636 7 6
442.6094241377697 7.149079890805796 6 5
195.20694350740402 95.20541539122468 5 4
982.5366097411272 511.293352401713 7 6
79.25651405775851 949.5529068609952 4 3
1 300.1524834424128 1 0
8.677518434901055 899.1741723273952 3 2
89.36364952173898 984.4168984789095 4 3
458.88151364012595 949.0452419291945 6 5
206.08005586949605 32.56463115471297 5 4
103.13752105076911 725.9288635016344 4 3
465.6966368564332 6.925571032580884 6 5
221.27727819663778 932.3950963406259 5 4
10.359730847200058 765.8909332441087 3 2
111.84985264907728 191.47030315537464 4 3
1 510.68526713117024 1 0
467.1670368519307 363.7800445092336 6 5
122.91738911183687 207.36398733891005 4 3
12.378478932956407 704.5188927816465 3 2
497.39021286950873 983.3908571568863 6 5
229.32628319995447 983.0497101953822 5 4
124.68853759864551 25.61120163945731 4 3
126.11947042847012 709.9583267798957 4 3
506.8511935241305 483.8659467820859 6 5
13.45007613821079 895.5378702265544 3 2
1 471.6980897519344 1 0
