78 78 78 77
64 219.30817386124556 64 63
67 350.2738182112048 67 66
47 462.5057209839904 47 46
68 575.572073184811 68 67
24 656.3681126917076 24 23
97 752.8668173462261 97 96
191.9317175732695 458.0563118926595 98 97
210.48701008643425 269.9693609371217 91 90
51 893.5366435350716 51 50
184.85032232234502 911.1176336722726 84 83
287.5654427480996 765.743619364616 94 93
246.4552046036582 91.55891005721628 91 90
366.39861634091534 373.2194022695477 96 95
352.366875302253 561.6978101666433 93 92
398.3541913070538 189.98501349772482 90 89
338.4906531068855 921.6366049345686 70 69
175.2083410972346 627.2186761629257 51 50
471.8840812834171 819.5082870236557 98 97
377.87145431999244 56.547921632236154 45 44
458.69971919510004 666.0736996702036 56 55
503.075229881855 480.9018210340824 78 77
528.1399039665549 301.32534217276253 81 80
3 108.5941170815567 3 2
466.29363811258327 73.32640229495665 45 44
591.008164375762 136.93683334954787 95 94
605.4600612375901 622.8255551600477 97 96
632.9832105514965 409.9940178080898 70 69
623.2449853002215 777.8084460741303 59 58
722.5726480239349 272.6268721968772 94 93
442.766571272962 953.3782635336673 39 38
613.3826697782515 902.4187776383513 66 65
29 970.4521816271892 29 28
516.2770660029548 944.880783639504 35 34
762.4480507414952 512.2870046379703 95 94
693.2274158499864 840.565592395066 35 34
748.8609692608786 723.1309866086804 78 77
762.7507732920353 103.32915145043344 80 79
745.426140726962 930.5172078403588 69 68
879.683715529072 836.3317333325776 95 94
828.3675863479914 377.54794264990426 55 54
858.6986024917308 636.3226095575869 62 61
893.1725769501661 209.2260500384471 88 87
920.9625809184114 463.00066045632576 71 70
885.6252068974187 75.4387666170139 46 45
80.22715080365136 961.5202713869347 23 22
124.89578860595284 162.91045289612927 19 18
926.1733090900591 342.19202944006344 49 48
234.07653697677722 574.6745531649652 26 25
671.1636480561151 37.141550715704625 33 32
16 148.65408693062278 16 15
154.99350621968063 19 19 18
12 16.81176583688658 12 11
930.4917303368529 710.1788672086076 41 40
945.4208013845893 575.3696750983873 44 43
16 283.30817386124556 16 15
160.4565951454983 173.12950560452745 18 17
845.3551155713827 962.7538327651727 36 35
240.59436160564277 659.6789337416023 22 21
11 404.5693060531977 11 10
13 511.9425493612235 13 12
251.85906645631582 618.1806636014239 21 20
912.190930242919 958.0662025331613 31 30
370.76305651220315 679.2672811907603 26 25
469.11513519153135 584.7378581879807 26 25
962.9773302490843 105.53276955761184 37 36
954.1306314374614 36.094048946295636 33 32
526.5797075361771 32.16100622673418 28 27
14 826.5689204369792 14 13
8 174.05333986530653 8 7
604.1284593351279 500.83282244053953 25 24
394.56743710275754 720.948829442955 22 21
266.4351463760293 977.2154133939046 21 20
522.627073863531 710.7647874293604 22 21
726.1799703829929 391.572184107006 25 24
750.1704871955382 825.1225801974601 24 23
106.86226093111951 282.0682454663085 12 11
952.8946434447739 645.9752108931068 27 26
111.59550465599365 643.8394297601848 13 12
967.5629613209079 928.0172728634006 32 31
113.7552369967081 981.4418033619348 16 15
877.3170672955854 550.314744984935 26 25
195.3232096995495 693.221646256033 18 17
91.20338780121294 500.0564933714604 11 10
10 687.3519794613669 10 9
5 117.496835316263 5 4
574.5382066448649 22.112008105428895 21 20
5 38.503164683737005 5 4
135.00682752673828 192.21517763365858 12 11
616.5053221394131 23.773699131837695 21 20
281.36925486934695 649.6087758811946 20 19
149.9591612472551 138.48040271518985 16 15
287.2877395032568 192.6217820413088 18 17
150.04318032043815 563.0055874824327 15 14
665.2297566470786 973.5234862251693 22 21
320.42215529617533 266.1926099904574 19 18
725.4424137657863 624.8834865971112 23 22
327.6703259783195 21.894686383231086 16 15
834.2493638101776 26.43343275349276 25 24
429.7601031598911 24.47662415973459 16 15
57.82320425122832 652.9053314136466 10 9
146.743844761556 356.6706316870585 13 12
972.8944890491788 760.7556015197933 25 24
555.7889652967572 736.5385911178134 20 19
973.8504027217815 286.91188162159284 24 23
190.13244763484414 813.2600884742501 14 13
397.49750551119394 982.8182310108356 15 14
478.2630125124339 389.1992917929944 17 16
609.9220206517664 247.32825530239097 17 16
9 625.0493406922229 9 8
849.8354176273125 720.859252228438 23 22
252.56221338322544 365.0781263982173 13 12
774.8999791585555 627.6167470234296 21 20
196.5890256161787 567.957674403747 12 11
103.56970802677772 860.6668124132153 11 10
270.1458678189479 869.2885777608976 11 10
833.8254364808524 301.74417050149975 21 20
644.8082738854599 514.7666908248252 18 17
6 258.5000097457764 6 5
502.86758715012456 207.67540889606462 16 15
977.157097851749 390.15715514096604 21 20
303.61686266995224 466.44847280227884 14 13
957.3964720798319 976.9727883495141 18 17
4 187.30817386124556 4 3
4 383.0152292986946 4 3
623.5977863034582 323.50174178482655 17 16
981.5725327437168 680.6534268990893 18 17
486.41649189969405 16.801445369165343 15 14
9 936.3852141063287 9 8
545.1178798342414 396.82795122317674 16 15
9 850.6880729638144 9 8
717.220190689402 17.6788972309346 17 16
8 423.72428212465974 8 7
6 310.17394289967797 6 5
329.5421055337548 666.2350278693116 14 13
486.2849920636625 983.6296610531791 14 13
3 47.40588291844329 3 2
628.4368208857331 983.0250586245941 16 15
298.94131452411 219.17727467905414 11 10
33.21608756986486 837.2806886620336 8 7
598.5037025748779 981.0229526862515 14 13
6 535.1740534313626 6 5
567.5711221022183 972.8268886734198 18 17
908.6453342329303 17.870774316979357 16 15
865.7565033116315 318.36966210470734 15 14
980.346066809377 526.5821168995175 16 15
360.51401438344584 842.649444217892 12 11
408.22765081880914 472.7901403136496 12 11
980.8961770704609 881.9062616212268 16 15
763.3776864398176 403.29096903360346 14 13
5 493.1651404175022 5 4
872.8101173457186 15.800075486323392 15 14
981.9332482116182 155.0269426914029 16 15
5 796.9122484373165 5 4
6 704.6174650189668 6 5
29.07997047966863 8.488628903395186 7 6
61.83208916599434 985.2188305698639 7 6
428.78779832676236 286.2907535331451 11 10
983.29172849402 799.380689376349 15 14
796.7566483628009 15.69582182824296 14 13
6 129.05816898835735 6 5
456.7781032615556 17.12627243301703 12 11
6 808.2386176571558 6 5
983.7122042300344 618.9330595872884 14 13
481.56420523344553 129.2800418531413 13 12
74.58916188284483 990.9857271093373 7 6
89.06763083863602 424.0438640914242 10 9
182.56160372386108 10 10 9
983.8941008886978 723.3389135399639 14 13
24.9241578964108 414.32214291617356 6 5
495.8497270877804 610.3163959910103 11 10
505.9183989225418 580.9273754435386 11 10
693.9761423468753 169.51896821729915 13 12
237.70219234077788 988.8523095611878 10 9
692.4730250925018 793.5716470979852 12 11
37.1654788093819 154.65596220170318 6 5
5 994.5353707847738 5 4
4 435.08310258238623 4 3
21.34797877428502 844.0905415929298 5 4
745.8236853670211 12.899766323811937 12 11
757.9212341795203 372.5592366080186 12 11
74.61917252118482 650.2794125507313 7 6
3 247.0209867823476 3 2
88.38834915056238 647.7476592157866 7 6
771.7719098767229 853.9215131316645 12 11
295.15565164579186 988.8829999930921 10 9
4 608.5569181897522 4 3
89.58890861305042 991.0728937869546 8 7
136.9292908705928 990.8206746719746 9 8
792.3367827720834 191.49755873471244 13 12
984.8595053223778 251.58767377584576 13 12
4 922.1023572492429 4 3
306.54204855699874 238.75350624085598 10 9
90.67089238785725 934.466098664001 6 5
346.6358905856235 104.39752977207898 10 9
3 321.91892445368916 3 2
984.8725283840952 322.23202808057806 13 12
30.9860228144337 512.6517625299327 5 4
803.7620910440877 986.7125537383764 12 11
407.86909345763354 10.448663002971173 10 9
174.03701971782567 563.549343836302 9 8
505.00500430466826 392.9229828360415 10 9
580.0446241197766 833.0100266650524 11 10
99.76120801957975 159.13229828821923 6 5
509.58579826624714 989.3805244935326 10 9
986.2783158695395 357.40347776159484 13 12
986.3234715033952 853.4186419393678 13 12
986.011525995957 967.9628666308055 12 11
530.5714160857855 988.6034500233086 11 10
3 547.0063594706396 3 2
127.95998398718719 8 8 7
187.4524859372418 172.65846382266554 9 8
221.5242670613584 686.7020915838793 9 8
986.2051425115682 826.2230443170458 12 11
156.31838560227447 44.966222186170604 7 6
109.17836401452101 959.838827478038 6 5
3 673.3386754401847 3 2
196.455230067339 719.1969909098948 8 7
251.7004774045904 545.5988464014678 8 7
210.4281817633046 673.3008074445477 7 6
614.8980250795219 273.8657642272121 10 9
116.9111528720216 297.0020919487146 6 5
2 102.97999199359359 2 1
301.92116082020925 172.35202672555417 7 6
304.6384423069043 665.1826294825298 8 7
305.69751928113646 12.240890971672787 8 7
619.8917901123106 294.5732026084245 11 10
349.86102710073715 10.38066086234857 9 8
133.39741427870996 210.14308294903415 6 5
651.9899625521871 487.7033697445475 10 9
2 53.02000800640641 2 1
306.5420214061601 289.3970422287051 7 6
658.1223022407744 717.1160020384168 11 10
135.6067488547527 545.4834123756225 6 5
692.9272598358449 989.5499742093873 10 9
768.820742030311 12.531819553971012 11 10
882.4785273169381 730.3685839500191 11 10
2 241.9355908592151 2 1
987.7836759992399 64.43964105023565 11 10
2 196.68075686327603 2 1
416.8038918650418 911.242537626339 9 8
2 373.42549201678526 2 1
4 864.9709298209002 4 3
1 95.6635217326557 1 0
425.4935588622639 723.0877527506468 9 8
375.70897714397233 990.1843718994406 8 7
778.3197169978868 806.0537348854187 10 9
2 327.12214440562434 2 1
4 948.9115223986512 4 3
345.6891367452028 272.3228341669865 7 6
4 299.30817386124556 4 3
138.3432842597476 334.80980220523674 6 5
152.58631405172147 116.63782804685043 6 5
839.9983265514184 441.4989073206611 10 9
36.94350913398073 284.8474675807371 5 4
3 639.3975499432304 3 2
453.97095412125316 552.7194379677204 9 8
388.39044251853323 750.3060217117409 8 7
496.97880940263906 181.37195913240626 9 8
53.586042063977686 993.9367837236337 5 4
97.0022307667654 925.47086913209 5 4
851.0505668375647 120.74025307603122 10 9
4 391.3028068917761 4 3
988.1525014371538 181.30090107830506 11 10
878.9922277647948 705.4034952878412 10 9
391.6019461296119 653.6793801530929 7 6
883.9473625440668 987.7865807884991 10 9
13.058914173617522 303.09074230323137 4 3
3 786.9842615646901 3 2
400.92568380849804 692.6544360260792 7 6
982.3584309127835 989.6574488188379 10 9
415.81395282860063 93.55287815057659 8 7
99.42011593523524 941.1332635275699 5 4
417.5560222581464 991.8545967577621 7 6
988.8764862828756 418.8565616644532 10 9
535.6961340181143 905.3978785105421 9 8
439.55616990168136 300.71442066825597 7 6
487.5583207273486 149.40640713467567 8 7
18.627605343204987 168.48072785036408 4 3
442.3997457412938 605.2188653067349 7 6
443.4580182159709 275.8607655944048 7 6
467.1863304008946 992.3612773234419 7 6
517.3342568587705 565.7392818311116 8 7
469.1896641460507 366.66192629762355 7 6
165.7294066755853 357.41119823272516 6 5
989.0836107100077 653.6796672837835 10 9
989.1583481509188 228.99298523328116 10 9
677.179286804975 78.70850983521701 9 8
1 60.336478267344305 1 0
168.3976448186631 150.4813328285985 6 5
581.3052006605568 725.0094223334136 8 7
102.59613781124534 511.2906042490024 5 4
114.14370050301531 266.70658417070536 5 4
684.7108724255559 882.7137654052901 8 7
3 718.749373127762 3 2
718.8361470623365 804.7858091970978 9 8
117.49460961119568 852.7866400886865 5 4
198.05353710869076 6 6 5
39.66912008895577 5.510389397892984 4 3
709.754094541325 423.78645673020566 8 7
733.9488375285848 854.377392294926 8 7
823.1191771684939 923.6040256140041 9 8
478.414116130064 924.3050362332642 7 6
53.616573632099225 948.4743677546622 4 3
891.394584849395 388.66538209898977 9 8
125.72237195178661 654.9943219787164 5 4
491.75509993137763 163.8073461426928 7 6
989.8423926452399 201.2293798889126 9 8
989.9529415232922 503.5016498715057 9 8
934.8042401711751 989.8410072389125 8 7
496.00412004063986 565.6071892560167 7 6
64.71535839630859 995.8342325191791 4 3
135.72411504856242 371.74463586661693 5 4
140.60121541407963 583.1920154679524 5 4
3 162.5104933911738 3 2
222.24420023999997 992.9815322740343 6 5
519.6754601224267 681.9153857661832 7 6
150.7066162615024 993.3077020286792 5 4
521.2687634324624 397.8717340960156 7 6
2 481.8964404136557 2 1
261.39441441530766 187.40159371227426 6 5
76.53912675591722 504.0802322919764 4 3
262.2441092746521 381.42624225135387 6 5
88.68926415272401 282.6677843051002 4 3
264.66327400201044 350.4301117921183 6 5
88.74058149940657 853.5285380052336 4 3
2 443.1150015543251 2 1
265.91182354644303 950.220485477423 6 5
91.62141394696229 437.80897185836983 4 3
286.77147797228093 865.740467414616 6 5
3 28.81176583688658 3 2
92.70616223778613 485.1319609167139 4 3
989.9792387097532 548.5639730344712 8 7
2 598.8958807641922 2 1
170.84843798468484 823.2259546861776 5 4
3 4.811765836886579 3 2
