88 88 88 43
84 259.9534820816374 84 41
82 425.9414334516088 82 40
14 158.199715099137 14 6
56 561.4700282203881 56 27
36 651.2698055029628 36 17
84 761.2516221819029 84 41
62 905.5845706032526 62 30
181.16084114239865 624.1977242128863 84 41
159.70036581580052 864.4671956936263 44 21
209.10254649563484 346.286285003282 68 33
201.35857219612208 180.00996744731845 58 28
255.81137175455174 776.9304917492732 86 42
299.2274296206278 485.69039341371007 98 48
14 17.80028490086302 14 6
223.2922762023021 52 52 25
242.85266978223078 916.3294589018047 54 26
310.8386934638172 250.11063111900413 72 35
395.9060203253963 899.2803566523927 100 49
122.99337694222773 521.521468222854 22 10
353.41566854557544 97.95544325842761 86 42
395.0645774808227 656.6618562080114 98 48
437.0181770808612 354.8710144427403 92 45
142.87416845831711 928.2863078974718 22 10
514.1095807154777 183.40406285834715 96 47
493.4134140091589 513.1226408223804 76 37
550.6923011639725 775.8088730451994 98 48
598.022522917689 402.84601440788003 76 37
645.3741218570544 601.9142128907167 100 49
680.8171195623477 261.2795820644453 88 43
663.5194405059149 98.19435802725472 76 37
547.2478495958438 927.7698409066699 54 26
671.7388694387018 898.0043243063299 74 36
751.57639124775 757.0434428129533 88 43
745.8799581366665 452.58713271523135 80 39
814.030297766426 152.4758635950452 84 41
308.6266529575925 356.03062864197426 32 15
806.0457540670545 581.2109135648973 62 30
874.2017890094618 326.3591337551998 100 49
827.3344561660595 909.2298929319874 82 40
861.1129564796225 676.4348770323631 48 23
14 328.53919487956637 14 6
20 976.0118380498886 20 9
892.2955850085839 489.35795137772783 64 31
903.486992538253 782.3252389429325 66 32
467.87236974360104 61.90459651572421 34 16
933.7244079719372 601.9796749832167 56 27
120.90379423239845 970.9630305501439 26 12
539.1548856087417 51.76541844568448 38 18
929.4764053066306 197.73286585785013 40 19
168.73887445907604 496.79598628748977 30 14
943.5292799156999 104.78924469307206 54 26
760.0661260551801 49.792524286668815 32 15
872.5550975622341 43.15593033097579 40 19
174.7440902088898 966.8130270364327 28 13
187.4393625665525 436.8290788150058 24 11
952.6131271978363 882.976234434326 46 22
425.62830236081203 776.8361409841661 26 12
187.95366796973062 256.8494660315835 20 9
273.3226544638068 672.3869363387338 20 9
956.8866520859251 693.0813239672173 38 18
282.8835400844391 602.5530361821708 20 9
931.5580311389792 960.1557843808779 34 16
511.3242635558368 613.5377864355611 26 12
545.4131660719883 303.3877515157128 28 13
959.9349936652521 424.0823020391251 30 14
296.5640715419631 970.0982725487938 22 10
365.79204176675375 778.9925838100559 24 11
10 201.98797509687964 10 4
390.07783699628874 199.54228002624674 22 10
402.2522121980974 239.73910314008978 20 9
429.3824397282759 24.02946895930026 20 9
10 483.21271770471424 10 4
14 358.1771360672192 14 6
16 834.5728333011964 16 7
12 509.6241026331253 12 5
489.651983614257 977.3552845552962 22 10
739.2736582535534 971.7542551519475 26 12
609.9930850982597 974.1059544871848 24 11
10 181.86403423153547 10 4
55.25609451849721 983.292483577779 16 7
10 608.7986664851851 10 4
87.02399673336045 661.2973554207655 16 7
10 689.2171374249833 10 4
972.6179391056885 247.68091948824434 26 12
79.86663736584562 627.2756785921247 14 6
251.0401738615498 116.26549755111147 18 8
29.31578088918062 176.67745456462927 10 4
163.0466521571749 16 16 7
223.61514668041144 261.77480217926507 16 7
750.8232085660304 348.70467858946193 24 11
2 114.5329983228432 2 0
934.5615075241922 27.306478490940915 24 11
530.5793696149741 657.5064217413262 22 10
187.74957269353567 109.3078095415048 14 6
284.4805103654155 18 18 8
35.363476087456085 343.3581654733928 12 5
969.9937493825289 530.6737504492627 24 11
976.7790459263083 473.27862205827705 22 10
6 133.95650117230423 6 2
262.40342965152684 981.4583141699048 14 6
401.28506159733064 540.8287625889758 18 8
687.8764935455778 369.0486186146758 20 9
755.6982479472873 649.1221275070858 20 9
6 42.04349882769577 6 2
4 296.61408764128413 4 1
8 709.4056965946401 8 3
412.8191716950778 462.17622465333005 18 8
234.5027720044725 983.8148588569135 14 6
82.46833540735526 976.697489581818 12 5
8 950.1266855058927 8 3
812.049928389267 48.494720414514596 20 9
2 61.4670016771568 2 0
977.0317907680973 38.80756718647187 20 9
979.435159586153 822.6721833385654 20 9
265.16246275565766 144.98066699848465 14 6
495.3775807838401 20.149796005700043 16 7
8 861.0424557006124 8 3
585.8508734566647 496.05465643960343 18 8
28.48927222765981 498.30580322896895 8 3
273.0046615502091 172.8798987052811 14 6
124.93276438493841 344.5732717280737 10 4
278.0786824234603 638.721223840006 14 6
588.9182783677759 309.96842048861464 16 7
645.603098513879 483.9144350532538 18 8
648.8662177059897 717.8616374700573 16 7
461.951972416713 14.27111149214257 14 6
573.4963095922224 90.81239782676873 14 6
592.9263801550142 36.124882193362765 18 8
170.49523945454294 719.6034103151098 12 5
575.8481109285501 274.4444598650032 14 6
175.35441396860708 918.2347581865422 12 5
6 381.57928742597113 6 2
620.1625043702966 19.32626505594018 14 6
128.5864653393536 177.20055398514887 10 4
33.997318779087834 8.629284865559264 8 3
195.38886195929575 529.2579358013149 12 5
659.8148744973593 808.797719480012 16 7
2 285.8764448752688 2 0
718.5237344512022 21.96754091161995 18 8
326.1290812238765 986.8884542782561 12 5
795.3145736488816 660.4879074965079 18 8
978.5912499781484 744.7040944308111 18 8
699.028322290368 983.7672869595444 16 7
647.0604649573415 982.4731135261026 14 6
781.4962976860693 244.91794729490215 14 6
794.9463079058122 16.81718631922959 16 7
824.9455160059101 17.03516193030373 14 6
889.1643178264881 982.6674051927677 14 6
47.229010443996444 174.91217642323917 8 3
978.9557195777193 167.47072020915505 18 8
505.4782078550639 876.0869153388807 12 5
6 806.1515108231902 6 2
979.236389374975 380.133967330553 18 8
6 310.208892099743 6 2
974.5555419987282 938.8200383225426 14 6
4 223.29287652199068 4 1
980.9167840341195 968.1378588378396 16 7
983.7393800969737 288.1817040519705 16 7
511.86492144854935 427.0788038948345 12 5
152.10832757589677 534.800009166761 10 4
105.46370015352845 850.7128404595422 8 3
982.314597038869 208.8740280264577 14 6
22.440126647748933 191.92600466420754 6 2
983.2177425701144 788.8832492629032 14 6
163.98166404547675 810.6371809670022 10 4
572.3057502428641 14.335214411908582 12 5
213.0850002759194 972.9853134286144 10 4
215.63303939609332 113.52508505923757 10 4
119.1833336672115 551.2785441921508 8 3
148.24187883263568 991.177607725793 8 3
576.3787652916218 986.9930605989956 12 5
4 462.1629740041585 4 1
4 591.4032873145796 4 1
194.56264788528495 468.9188858996835 8 3
285.18213074096985 868.3272012992442 10 4
985.1718897197214 649.4471019390927 14 6
985.9614569320483 348.8486118690468 14 6
311.313326095413 10 10 4
4 531.5367691261966 4 1
615.0531179746745 489.182326768352 12 5
621.8340835480443 175.69488070481424 12 5
645.1477654722202 12.133440320921144 12 5
4 675.2698055029628 4 1
338.83151833873006 385.2139476325784 10 4
400.92438943886765 14.535293180144532 10 4
689.5638001486175 14.136691328722282 12 5
211.49294397072777 859.8272767217314 8 3
213.70047842583926 990.9747877579819 8 3
4 627.2698055029628 4 1
717.0204848964203 168.063079563613 12 5
231.0484611214785 238.95494599172036 8 3
4 724.5910166222562 4 1
2 234.03051928800596 2 0
4 937.0806020992999 4 1
2 451.5539304013402 2 0
403.7342350184102 512.9360834499352 10 4
406.96610328383383 493.1989350359685 10 4
276.0522442858987 382.2548541406877 8 3
25.600078916262625 692.7720689020133 6 2
429.07227725729217 253.18098210921315 10 4
281.97961807945535 324.7239929783904 8 3
4 874.0885391072053 4 1
741.529170684563 544.4841982208645 12 5
747.3082591269682 856.9523165339575 12 5
774.1848194804311 986.761280899608 12 5
459.7817026304243 988.8342354632356 10 4
4 993.9003818698869 4 1
832.7913161869773 815.3884166077515 12 5
4 214.63708573755315 4 1
294.1480319029434 691.1033370214907 8 3
294.96583881640134 171.5734940654856 8 3
308.51515788687743 591.2827137009938 8 3
835.4137226026619 431.4280916087052 12 5
500.469011810564 680.1970473826602 10 4
4 470.5636070640407 4 1
2 400.3289365018774 2 0
4 818.5728333011964 4 1
4 523.4805090936763 4 1
11.046352657228164 814.7848372307162 4 1
2 168.78272034339537 2 0
985.7319192996762 316.11071741667234 12 5
335.34663820693964 326.26416448724683 8 3
16.925168934808056 701.3843900000049 4 1
36.50476123323181 842.54495765849 6 2
520.488158522897 985.906911125941 10 4
74.96858936125804 993.0606741509674 6 2
538.0236909985853 340.6623495435864 10 4
346.0648266634036 750.6566668085485 8 3
94.68823414961653 513.02190608563 6 2
586.9220382236307 877.5507334203078 10 4
383.79649927942774 9.00036963178718 8 3
389.0023960890621 267.1528021048935 8 3
105.1459857054811 673.771068408258 6 2
653.7165820586764 743.4052074172316 10 4
18.039149958433033 854.4686084167083 4 1
393.30256281338427 762.6472104052388 8 3
132.7369479940403 547.7714743782491 6 2
133.95650117230423 6 6 2
23.2357329071237 613.3610534055682 4 1
667.1473359501495 12.270913178682086 10 4
2 147.61670985487862 2 0
407.29992309536226 174.97808351188678 8 3
136.23262080092442 333.24572808533713 6 2
