16 16 16 4
64 80 64 6
32 170.50966799187808 32 5
64 261.01933598375615 64 6
64 389.01933598375615 64 6
64 517.0193359837562 64 6
16 325.01933598375615 16 8
64 645.0193359837562 64 6
64 773.0193359837562 64 6
32 863.5290039756343 32 7
16 453.01933598375615 16 8
125.5047867781228 885.2742298787559 64 6
154.50966799187808 170.5096679918781 64 6
174.8512516844081 325.0193359837562 64 6
32 927.5290039756343 32 7
174.8512516844081 453.0193359837562 64 6
174.8512516844081 581.0193359837562 64 6
174.8512516844081 709.0193359837562 64 6
236.35603846253088 821.2742298787559 64 6
265.3609196762862 234.50966799187813 64 6
16 581.0193359837562 16 8
159.85127655863312 74.65839143324496 32 7
254.51552899132065 90.61706654618625 64 6
285.7025033688162 389.01933598375626 64 6
16 709.0193359837562 16 8
8 125.25483399593904 8 3
285.7025033688162 517.0193359837563 64 6
285.7025033688162 645.0193359837562 64 6
16 972.7838379715733 16 8
216.7075002603235 915.2419634180746 32 7
177.6043305065511 965.906962334562 32 7
280.13626128159876 906.710124501056 32 7
255.81067001409596 965.9069623345619 32 7
288.95185434874384 740.9643291736525 32 7
47.99999999999999 972.7838379715733 16 8
360.178666787912 853.7081120792346 64 6
319.2394310353712 957.3751234175434 32 7
365.36678067572876 154.6170665461863 64 6
331.1255675841694 304.445431986791 32 7
345.7182424735214 60.64933300686759 32 7
348.53498106918016 717.6008745871316 32 7
396.55375505322434 453.0193359837563 64 6
365.743876887191 250.61632591024232 32 7
374.18958089424575 351.78981663407063 32 5
72.88888888888889 952.6705784178226 16 8
396.55375505322434 581.0193359837563 64 6
442.96479535569955 700.3089639404316 64 6
129.61000624765063 965.168830278952 16 4
382.4090138685312 947.0987522348477 32 7
8 202.50966799187808 8 3
4 32 4 2
451.1652761934995 294.42482440713445 64 6
472.7513396818723 914.6293178905892 64 6
8 818.2741699796952 8 3
409.14700349479665 69.18117192388618 32 5
2 4.686291501015239 2 11
489.1894090011099 122.18318434570767 64 6
131.00520316445125 36.29298970541899 16 4
136.84797859968626 806.08248788946 16 4
143.19595949289334 249.7056274847714 16 8
436.9897085345192 796.1228373486148 32 7
161.52960678510664 26.68774199370845 16 4
468.0296545847995 388.9319285923493 32 7
468.10793033321767 517.0193359837563 32 5
486.4442044849083 614.7195897063897 32 5
532.8742000160979 791.4149404382044 64 6
539.5838298647928 452.93192859234927 64 6
8 895.5290039756343 8 9
507.2034557651151 216.47790381177447 32 5
163.3801003000642 788.1926438969504 16 8
566.6725629989903 667.4397043699213 64 6
31.999999999999993 990.6723817915716 8 3
574.2075510340535 329.7036934658439 64 6
516.9030677111307 558.4323118279358 32 7
562.4682769860375 184.20098426514653 32 7
615.9599656254217 104.48499310586169 64 6
542.681097640494 42.467193186422804 32 7
651.2865875846934 227.51356613240176 64 6
563.21332895378 882.4947804430194 32 5
563.3084863062179 946.4947097014043 32 7
650.3581873520692 842.2235294723564 64 6
38.62741699796952 8 8 9
4 112 4 2
578.4066171433379 540.731650618816 32 5
2 102.62741699796952 2 11
182.64301167202572 245.39968717584344 16 4
661.349039382062 492.39372975772386 64 6
683.9551773283695 718.7114156351608 64 6
695.9727605513226 369.16549463121845 64 6
191.3080858606627 38.402782921791925 16 4
621.1321023052541 588.3817599332644 32 5
626.2966324237946 935.1592146230757 32 5
731.1091184820884 599.7134919823861 64 6
54.61562413249052 8.614192660044074 8 3
1 24 1 0
740.1691462373902 135.40552757251325 64 6
217.33312513579517 19.782972752839814 16 4
773.0517971019625 266.9753672977763 64 6
254.04721117730142 313.7056274847714 16 4
690.0573807938925 929.6304745057386 32 5
67.41725351441058 151.91885968519142 8 3
772.5120796560145 880.4652160852157 64 6
785.3796820497678 460.76463430059994 64 6
806.1090696323148 756.9531022480201 64 6
4 48 4 2
853.2630107860338 637.9551785952453 64 6
861.9343557546594 174.8673287378878 64 6
695.3496601734205 50.51021751970987 32 5
862.4587186004077 358.5745069671578 64 6
896.2752029022915 847.8050059767851 64 6
758.6695899025442 41.205030842440415 32 7
813.7671002249328 73.76673160075887 32 5
307.72992029194387 785.1388041499647 16 4
4 147.88225099390854 4 2
899.5580534864076 518.6204853104736 64 6
307.92537855488064 31.05711381284459 16 8
67.41725351441059 189.10047629856473 8 9
70.61262282954951 8.30430124955807 8 3
2 57.37258300203048 2 1
852.6512537696223 933.3208002025904 32 7
877.4500311427978 80.12945976644686 32 5
890.1042974284798 266.6412596011431 32 5
896.2079018264079 723.8139948783178 32 7
916.0955073507669 941.7366594891648 32 5
929.4064036137056 427.37863090867927 32 5
933.5485829097613 110.93453223267097 32 5
71.68809834726534 976.6405200546967 8 9
95.64303903711368 975.1705484407369 16 8
932.1772823474502 46.94922505385217 32 5
4 293.01933598375615 4 2
331.322413025549 763.5195005854465 16 8
940.6302382338008 677.741703551443 32 7
361.25654282560544 671.3173800509855 16 8
361.6525191337602 773.7216897360479 16 8
63.999999999999986 990.6723817915716 8 9
941.5278382561225 228.54113560203038 32 5
941.7445000258053 304.44720457950814 32 5
943.12065370093 604.1675475776823 32 5
945.0798194220696 765.1363335164303 32 5
957.7752403775501 370.009570425991 32 5
962.426025572269 168.04927030677558 32 5
71.86995231442211 173.73253976185376 8 3
382.202065932042 29.457497122336775 16 8
391.1141042572288 761.231093192543 16 4
2 186.50966799187808 2 1
405.549832153379 223.7930911063221 16 8
413.1577230133873 21.349026572217127 16 8
415.97443215637065 375.4123949226932 16 8
421.0029375787444 975.6383572189787 16 4
429.44654205221815 202.510533552994 16 4
82.95262635895509 185.27265830641971 8 9
442.33083808647007 34.49928728950597 16 8
458.9891279582557 214.80832270325953 16 8
1 8 1 0
4 229.01933598375615 4 2
465.15497662966425 834.9907890971775 16 4
82.9877479482443 162.22625364318958 8 3
472.9335066976332 43.852183839523526 16 4
524.0429249087675 261.4271227033189 16 4
1 96 1 0
2 154.50966799187808 2 11
524.9060146159683 975.2914138197506 16 4
548.5531739766221 240.85413821803502 16 8
554.4109153756407 588.3849638570285 16 4
2 283.6467529817257 2 11
588.8196008785336 29.229424531796184 16 8
4 421.01933598375615 4 2
595.7600856154947 741.9643045233897 16 4
4 357.01933598375615 4 2
601.1392937534455 976.0384062861377 16 4
603.1062786218627 404.3017064675693 16 4
610.1098268391341 770.5664884752243 16 8
4 549.0193359837562 4 2
1 64 1 0
620.484868987803 24.613062807657993 16 4
86.2830722510752 11.534938172427225 8 9
632.0485064187474 417.9526203620028 16 8
2 238.39191898578662 2 1
632.4239944663015 982.7665190458221 16 4
638.8719793629119 632.9832931129566 16 4
660.9854231602656 968.3358298398414 16 4
691.6134814215416 977.6052444461628 16 8
713.4737250291678 793.0663437948713 16 8
721.4217125271649 965.9661139651625 16 8
742.62903791934 806.256026515701 16 8
4 485.01933598375615 4 2
752.1563692750195 676.8951817414181 16 8
96.98484500494129 325.01933598375615 8 9
752.3864353884013 957.8923330586217 16 4
96.98484500494129 453.01933598375615 8 3
772.8335765766833 346.97506967098735 16 4
775.0258986765632 381.4374689039922 16 4
783.9985620021973 680.0692583512786 16 4
96.98484500494129 581.0193359837562 8 3
96.98484500494129 709.0193359837562 8 3
784.3415955441513 959.5857731728166 16 4
785.1924462793924 540.7644151925892 16 4
1 181.82337649086284 1 0
100.85312304291816 18.146565802830835 8 3
803.9690054865113 566.6765904069852 16 4
804.4208891533901 26.685436603635296 16 4
135.42190713634972 782.1248936825815 8 3
4 341.01933598375615 4 2
135.91804834467473 385.5850496979276 8 3
816.5608079761951 534.4378138570728 16 8
135.91804834467473 513.5850496979276 8 3
836.0902720221866 31.27348506780619 16 8
862.2404980751285 438.57420934036884 16 4
2 411.6467529817257 2 1
868.0403182043136 33.06081518839124 16 4
135.91804834467473 641.5850496979276 8 9
140.89790826875168 14.426705482457187 8 3
2 366.3919189857866 2 1
879.6687721967312 972.995145793171 16 4
848.7279913851619 981.1601983202787 16 8
1 159.1959594928933 1 0
124.95570904254384 13.067925208866821 8 3
4 309.01933598375615 4 2
819.530882744464 968.0632961284136 16 8
895.2727817601552 16.256264355960134 16 8
949.6409855835776 907.4044458970875 16 8
959.0480573011702 465.1327348799354 16 4
962.5676560639145 720.435376372448 16 8
963.7655824599333 936.1184801500524 16 4
1 277.01933598375615 1 0
1 245.01933598375615 1 0
4 677.0193359837562 4 2
1 405.01933598375615 1 0
142.63489217975768 985.3270133929035 8 9
956.7034792877706 967.3294829981784 16 8
2 539.6467529817256 2 1
4 613.0193359837562 4 2
965.8916313850292 808.3898707454064 16 8
127.07026154926699 989.0340706269358 8 9
966.5852422467751 562.2937719612635 16 8
156.27187531851757 820.1790206637338 8 3
968.6318067318668 78.17529832453371 16 8
182.9677532914814 15.898586587875592 8 3
968.7298376507392 881.7214607365183 16 8
207.8360966893494 389.0193359837562 8 9
971.0223632116958 266.41029188580654 16 4
975.2516883630532 492.72697957716133 16 4
975.6611017567748 414.552762528973 16 8
207.8360966893494 645.0193359837562 8 9
975.7698322199581 838.827037963543 16 4
978.339429975504 532.5307232122224 16 4
979.9154134537135 123.34892006729332 16 4
980.1576174549093 48.323067466914374 16 8
4 805.0193359837562 4 2
970.3588347968588 17.860239981267405 16 4
4 741.0193359837562 4 2
982.854434527095 910.4354949894832 16 8
1 373.01933598375615 1 0
4 840.9015869776648 4 2
1 533.0193359837562 1 0
1 501.01933598375615 1 0
4 469.01933598375615 4 2
1 333.01933598375615 1 0
4 437.01933598375615 4 2
207.83609668934946 517.0193359837562 8 9
216.15528997712002 955.238151533983 8 9
216.70750026032354 974.3296765768746 8 9
4 950.1564209736038 4 2
210.27823033715157 988.9811095530375 8 3
4 597.0193359837562 4 2
225.100450645722 156.33428777412843 8 9
4 565.0193359837562 4 2
226.4277163365528 173.94395427770672 8 3
234.53106910606868 749.2973621583002 8 3
2 494.3919189857866 2 1
240.34014877357092 161.20784920003018 8 3
241.33307059375852 19.83413929252893 8 9
241.95274319697057 735.122780905634 8 9
246.06076338601744 719.6591406444801 8 9
4 725.0193359837562 4 10
4 693.0193359837562 4 2
2 667.6467529817256 2 1
4 136.5685424949238 4 10
246.76930002908284 449.5850496979277 8 9
246.76930002908284 584.4536222695847 8 3
256.2289256338371 163.09113618949036 8 3
4 988.7838379715733 4 10
257.2907053182021 18.670569783976088 8 9
260.31710159384295 712.3957515660887 8 3
272.01095350547035 160.45910346572128 8 3
273.11129429810825 21.059913695779308 8 9
4 213.82337649086284 4 10
276.6441929711683 305.62005924205334 8 3
4 40 4 2
287.00331756577583 154.87081035572237 8 9
287.83938734804383 317.05105319988456 8 9
290.7244901186155 985.4268282590309 8 3
318.6872207521677 917.378935301635 8 9
318.6873483737575 453.01933598375626 8 3
4 829.58787847868 4 10
318.68734837375763 581.0193359837562 8 9
4 301.01933598375615 4 10
4 429.01933598375615 4 10
330.72605692543084 23.565180428014937 8 9
320.95026448698775 10.89893069889311 8 3
2 622.3919189857867 2 11
331.6010688818492 787.6224033524653 8 3
2 795.6467529817256 2 11
335.9517023301301 220.33428777412846 8 9
336.80745474230656 8.765970969638479 8 9
2 750.3919189857867 2 1
4 349.01933598375615 4 2
4 557.0193359837562 4 2
338.7063694027721 922.4317648125121 8 3
347.4781443031975 20.688067441949574 8 9
1 317.01933598375615 1 0
354.6778616454621 975.9255313886305 8 3
1 661.0193359837562 1 12
344.5725417487154 988.3304703157037 8 3
4 477.01933598375615 4 10
2 879.5290039756343 2 11
4 685.0193359837562 4 2
1 629.0193359837562 1 12
1 789.0193359837562 1 12
2 847.5290039756343 2 11
357.62055171349095 513.5850496979277 8 9
357.62055171349095 392.4536222695849 8 9
2 943.5290039756343 2 11
357.62055171349095 641.5850496979277 8 3
360.36819394032864 990.879464596118 8 9
368.6206370143859 290.51274493714976 8 3
370.41171848193744 311.9686193191522 8 3
371.9575743115761 648.6878507666609 8 9
4 605.0193359837562 4 10
375.76957976660447 986.543877596623 8 3
382.66897590416147 785.3108460822991 8 9
2 911.5290039756343 2 11
2 961.4701294725886 2 11
382.8053263221754 660.7509270123376 8 3
391.76000329099304 985.9903836845697 8 9
393.147121636809 8.098523466761762 8 3
398.6174661069028 784.0280131808408 8 3
429.8323590867799 835.4772824454898 8 9
4 733.0193359837562 4 2
2 194.50966799187808 2 11
432.138724644563 851.3101810403103 8 3
433.1829482571774 178.8031661607351 8 9
1 757.0193359837562 1 12
2 903.5290039756343 2 11
435.0954997713544 11.615889826152332 8 9
444.4352412549667 980.8274943751253 8 3
447.25364932020614 186.41994839438743 8 9
8.173411819731964 222.19418882175873 4 10
447.5317429031686 57.92898189032487 8 9
451.08646875064625 12.153394340855701 8 9
459.75402122658915 985.4464748016934 8 9
1 874.842712474619 1 12
9.688537537056181 835.2765944719362 4 2
462.5613075121684 191.0756546435026 8 3
464.024034152141 21.567182180086284 8 9
464.34440422039347 428.7618034321181 8 9
464.3740017126607 556.8446768744076 8 3
9.688537537056213 142.25725848817999 4 2
2 887.5290039756343 2 11
2 142.22539674441617 2 1
2 190.50966799187808 2 11
464.3740017126607 477.19399509310495 8 9
2 223.36248173426378 2 11
10.928203230275507 36 4 10
468.0277454016364 444.33206347306026 8 3
1 852.2152954766495 1 12
11.23069374152493 344.44235628989986 4 2
2 835.2447327281724 2 1
468.0383098051574 572.4194271518041 8 9
2 955.8132752230962 2 1
11.23069374152493 472.44235628989986 4 10
468.0383098051574 461.61924481570844 8 3
475.71464408489226 986.5683116770958 8 3
480.01091764415395 20.919450589994195 8 9
489.648514988211 355.2774359523197 8 9
491.52893092329316 984.1376056494609 8 3
492.8522851599355 30.464044888581785 8 9
494.6974625334377 14.57079725128892 8 3
11.23069374152493 600.4423562898999 4 2
11.23069374152493 728.4423562898999 4 2
495.9928960706921 50.505345624844814 8 3
1 461.01933598375615 1 12
11.23069374152493 992.2068582777171 4 10
11.230693741524936 305.59631567761244 4 10
1 445.01933598375615 1 12
501.10881967919 366.4426236529329 8 3
502.13738079806234 345.27602451275146 8 9
11.230693741524936 433.59631567761244 4 10
11.230693741524936 561.5963156776124 4 10
11.230693741524936 689.5963156776124 4 2
11.999999999999998 213.82337649086284 4 2
14.10419694613848 828.6056161341672 4 10
507.2764579550665 381.2061001438528 8 9
508.0353649637415 519.4276473891287 8 3
509.90828289935695 19.533754413680775 8 3
1 938.842712474619 1 12
511.39697044998354 722.6928289298666 8 3
1 916.2152954766495 1 12
521.5181437651404 8.524161747412363 8 3
1 589.0193359837562 1 12
14.104196946138494 135.586280150411 4 2
2 994.4406922210658 2 11
2 883.5290039756343 2 1
522.602173488202 862.6784336939395 8 9
522.7813653024397 597.9980244769961 8 9
1 573.0193359837562 1 12
18.22222222222222 208.79506160242516 4 10
523.1946455384983 382.8220531316216 8 3
19.224476484405876 992.5221953348778 4 10
538.7526173311529 524.9271304166648 8 3
1 717.0193359837562 1 12
21.769752507490864 133.2973376138192 4 2
547.5453012720548 983.2577617724543 8 9
563.2144711086183 986.4945992155344 8 9
565.0464953935075 258.28888366037836 8 9
565.7077365277829 224.06959224031158 8 9
570.4998838823017 13.724974551936466 8 3
572.3397366169038 244.04779407926299 8 3
577.1031390173235 596.1992447705773 8 9
2 907.5290039756343 2 11
580.8921206135394 580.6543543411294 8 9
581.0262613600214 257.4844710452098 8 3
4.8442687685280905 958.6576332197243 2 1
587.2608811018933 914.4590610650476 8 9
597.8644653331005 902.4772414431499 8 9
21.7697525074909 826.3166735975753 4 2
35.89139377908694 322.93788131807133 4 10
601.3948148739928 174.99638497687891 8 3
602.071610277193 9.219820665206456 8 9
5.615346870762465 905.2405141287061 2 11
607.1161918166357 427.96434782838077 8 9
611.4614433580094 723.8130686139104 8 3
618.8535462981915 386.19028574113133 8 3
634.0612854587582 772.0921457081685 8 9
637.9063800928853 656.9638606218736 8 3
1 701.0193359837562 1 12
35.89139377908694 450.93788131807133 4 2
35.89139377908694 578.9378813180714 4 2
639.0808623650672 298.47144287531864 8 9
5.615346870762468 192.79815783880622 2 11
641.0438004435144 36.99572558265743 8 3
644.258139957666 21.321925102628214 8 3
644.3765766937555 313.56963514290237 8 3
35.89139377908694 706.9378813180714 4 2
43.88142245808066 992.3551771958369 4 10
1 130.9116882454314 1 12
48.492422502470646 895.5290039756343 4 10
51.88127581061239 992.403616208902 4 2
5.615346870762468 885.8174938225625 2 11
55.152281233767 899.9614166007376 4 10
652.486864189478 613.2188070037924 8 9
652.7481402137319 563.8781653608411 8 3
5.951925836690801 995.0589819438461 2 11
55.152281233767 891.096591350531 4 10
1 119.59797974644665 1 12
653.1936882882308 652.2417627681094 8 3
654.7717093199698 991.5174984663859 8 9
1 980.7838379715733 1 12
654.8041375843607 301.4343158692812 8 9
655.3291961204557 44.2017973525767 8 3
658.5435356346072 28.5279968725475 8 9
1 964.7838379715733 1 12
59.99999999999993 840.9015869776647 4 10
64.30582148767344 847.643982791935 4 2
67.29085530237523 920.418762627634 4 10
67.51713832190417 933.4054727641778 4 2
657.6414790103806 12.553445428244325 8 9
68.55623684999397 840.8665224085944 4 2
659.8222657516886 578.2293586169167 8 9
75.13210117006605 930.9534652558052 4 2
75.68809834726534 987.9542285536814 4 10
1 208.16652224137044 1 12
661.8840916986475 626.1684060377744 8 3
665.3137733149518 641.7964988200298 8 9
1 36 1 12
74.79920945837644 995.9046924736807 4 10
78.1318258244433 146.5153478444456 4 10
665.3270142023975 156.89581751073536 8 3
82.12895762941184 992.6992608726006 4 2
670.1750249256056 296.9918140580543 8 3
670.7231258045235 990.2715802763323 8 3
672.8852953669848 17.414110288747327 8 9
685.0526521832959 291.1048617751468 8 3
687.6534165816269 11.257601879783724 8 3
698.2628194608084 282.0775985963013 8 9
702.6197133547308 297.47297048518726 8 9
1 28 1 12
703.6529367709559 11.381511973208328 8 9
85.84581238850214 144.3953451818248 4 10
7.052098473069194 955.3221440508398 2 11
710.4160893095067 439.7019409152709 8 9
713.0240687129799 988.448986965962 8 9
717.680425005738 816.6947943430372 8 9
718.3239327046792 17.766014954073174 8 9
719.4635651579721 204.36405795247163 8 9
1 823.9310242291876 1 12
723.8847486426037 528.0768499587517 8 9
727.8155663553124 942.8334826140974 8 9
729.0215824133954 988.7310426431172 8 3
729.0697201926232 774.8244980861314 8 3
86.31913827238913 173.75455961189957 4 10
730.2211392701255 513.3850102572217 8 9
732.7134596861475 10.77019382645727 8 9
739.7764503662183 526.2184053597222 8 3
86.32577454976567 196.78881527317 4 10
88.90572788044346 151.787024096806 4 2
742.1650298594535 979.6069103976536 8 3
90.78572593187408 943.7429122134424 4 10
8.47213595499958 297.01933598375615 2 11
753.7033030401915 700.8452756019059 8 3
754.7998594738704 531.7226926690945 8 3
758.084919876579 981.2060044670035 8 9
8.47213595499958 425.01933598375615 2 11
8.47213595499958 353.01933598375615 2 1
769.6883706133151 660.5052784752606 8 3
774.0847315994386 981.2836242650251 8 9
780.0960906923866 195.32079362789875 8 9
8.47213595499958 553.0193359837562 2 1
782.1614327406153 650.484164706397 8 9
8.47213595499958 481.01933598375615 2 11
8.47213595499958 681.0193359837562 2 11
92.70345272159415 955.3877571236955 4 2
785.67582302409 11.698025359255269 8 9
790.0019881600206 982.9087222881025 8 9
8.47213595499958 609.0193359837562 2 11
1 812.6173157302028 1 12
8.47213595499958 737.0193359837562 2 1
97.26410985287126 6.695845986082662 4 10
97.89275363587284 947.415807149946 4 10
794.090447139186 335.8330117870502 8 9
100.69185873318982 955.8183025845962 4 10
104.48642950929747 315.6531078248865 4 2
1 1.8578643762690485 1 12
790.6016346903679 363.10876456300537 8 9
8.59258896967734 44.13889568185499 2 11
797.5233038130528 389.7961028907541 8 9
1 116 1 12
803.6785194048896 945.3701699283527 8 3
104.48642950929747 443.6531078248865 4 2
104.48642950929747 571.6531078248865 4 2
104.48642950929747 699.6531078248865 4 10
8.917657357856152 997.7430900907668 2 11
10.884876253745375 954.1776727825438 2 1
104.48642950929748 334.3855641426258 4 10
808.7398044762026 113.44955278896067 8 9
821.138917856294 827.3669053150619 8 9
12.91140504954094 997.9666507652211 2 11
822.8203776502758 11.275737610696684 8 9
104.48642950929748 462.3855641426258 4 2
824.6944142905329 112.2452165931769 8 3
104.48642950929748 590.3855641426259 4 10
825.7544429363302 556.6070961237539 8 3
826.8080461658939 990.9334271411079 8 9
810.8161212049531 990.42515945215 8 3
838.9006538543672 104.88432279860623 8 9
104.48642950929748 718.3855641426259 4 10
841.2287746752412 243.82585911784616 8 9
105.25889645678375 6.984614332515476 4 2
106.79895187275899 950.6507680288696 4 2
841.3598158557204 289.7353008200048 8 3
844.6578738893342 259.4540797004943 8 3
845.6586855603581 566.3578725156019 8 9
847.5555209427304 52.35779362156173 8 9
1 108 1 12
853.0644430252154 14.306531341225316 8 9
16.60778986543344 34.06549860332555 2 11
868.1802208735735 9.061222957623361 8 3
874.6041359774373 779.1437734045505 8 9
877.8136256155672 763.4689791072484 8 3
883.4973686376312 427.4321514564317 8 3
884.1905643701771 448.2795990617026 8 3
16.937091187367976 822.7606386476645 2 1
1 105.4558441227157 1 0
889.7836508570614 774.0858758157028 8 9
890.2224319839946 42.223447357439845 8 3
1 99.79898987322333 1 0
107.76532273498543 27.955821402364624 4 2
901.7209943162006 763.4322458644351 8 3
16.937091187368 129.74130266390821 2 11
902.7827037593808 979.4562732270755 8 3
107.87245359341328 959.3452073824794 4 10
918.2843144918738 9.439420413412854 8 3
111.29556154342262 12.234249999088458 4 2
918.6307371591325 981.6562362632086 8 3
112.39478160592378 21.431397246755928 4 2
17.94569688954347 201.46894065903567 2 11
112.82354684796825 4.381526846634105 4 10
114.90412058782091 818.1055922841033 4 10
115.25438514584033 979.0942079320449 4 2
112.14772326864093 986.4663617544197 4 2
106.4003119143972 992.0311854466053 4 2
925.2053780208553 640.8354210590126 8 9
98.93173689978809 994.898307217852 4 10
972.6662576988189 641.9968653669305 16 4
90.93697022715108 994.6089875847601 4 2
934.0731337895458 977.4690670154947 8 9
17.94569688954347 894.4882766427919 2 11
935.6961792776824 717.4362253676527 8 9
947.6594017975126 10.066926083560247 8 9
114.0932962765333 994.2261778392867 4 10
125.50291080521094 109.00675718666713 4 2
966.5101448329947 442.3222712794868 8 9
974.2233840310188 699.4557670920809 8 3
18.960992461331053 139.1092813317343 2 1
974.6613813999163 206.13202319795792 8 3
18.960992461331067 832.1286173154905 2 11
976.2938866071405 740.1226970401825 8 9
977.4758923004057 583.6805375280657 8 9
125.50291080521099 232.01257879708908 4 2
977.6820118774393 955.6718172633836 8 3
21.67891891415016 202.90527394730532 2 1
978.0927855149737 787.7227026303177 8 3
127.62594594949981 56.00543807377746 4 2
978.573151650713 243.62903656593437 8 3
978.6279120509939 665.2446325153082 8 3
978.7030784767778 289.14807130721744 8 9
128.48393559525223 101.58291106749417 4 2
130.9147511352801 273.11958724162383 4 2
979.1891773760435 452.0814789200849 8 9
130.9147511352801 401.11958724162383 4 2
980.0460725139509 684.5528714395331 8 3
980.186295070823 619.2054407093173 8 3
25.554993272125017 203.89322514622648 2 11
980.3474175187391 971.4482431186692 8 3
130.91475113528014 529.1195872416238 4 10
972.5044061684974 985.3941089204034 8 3
957.6387606490439 991.3112520900376 8 9
130.91475113528014 760.9190847258886 4 10
24.106371542078946 207.6216960235753 2 11
941.6407927588604 991.5662489226758 8 9
980.793240504997 220.9103960419296 8 3
981.7424034045318 304.8567473807614 8 9
130.91475113528014 657.1195872416238 4 2
978.3820637916896 320.49989660610487 8 3
131.87276720523653 768.861515412379 4 10
982.5755245648018 469.871752094374 8 9
982.7567085687408 598.7839470616805 8 3
133.6863899202062 4.835355050500688 4 10
983.600064588859 754.3571539423425 8 3
984.3037609429305 772.97740560946 8 3
135.627728950827 105.18377436576664 4 2
136.92488485745696 995.8814350435327 4 10
984.3335743872444 436.9310604641099 8 3
984.8197324728104 711.4439862967893 8 3
26.527519812731583 829.9723062745798 2 1
139.70511370546208 767.2322983303409 4 2
985.9969178800128 727.4006223619839 8 9
986.8795140225828 942.5796075839567 8 9
987.845625538064 818.0863722139006 8 3
988.3715465724097 799.9843122768583 8 3
988.4981718084281 572.0827207314858 8 3
988.5033859056888 985.2134230910153 8 9
988.6078829471281 198.29014239080345 8 9
26.52751981273159 136.9529702908236 2 11
989.1003861662635 553.9830382821758 8 9
989.2111806806138 394.74379079499016 8 9
990.6424209557426 696.5410906442414 8 3
143.55704109591682 950.834249052378 4 2
27.31370849898476 2 2 1
144.14667610881887 773.8860584264886 4 10
991.0826164628015 69.69230696385378 8 3
29.455015810485534 204.78194568738664 2 11
146.52277711544542 391.20107388754684 4 2
991.2141143270414 253.43750548904734 8 9
991.2878422116517 279.267599570635 8 9
29.999999999999964 961.4701294725886 2 1
146.52277711544545 519.2010738875467 4 2
146.52277711544545 647.2010738875467 4 10
1 26 1 12
991.4254416033792 85.6886337585585 8 3
1 52 1 0
981.6377623566182 98.34570036036332 8 9
33.07599902391405 21.69300073206447 2 1
991.8437692133888 888.1825881704226 8 3
990.7684128862437 872.2187662981494 8 3
991.9152366821228 656.3313276205458 8 3
151.72633539349786 9.255132607203368 4 10
1 44 1 12
33.07599902391405 330.71233671582064 2 1
33.07599902391405 458.71233671582064 2 11
152.6833353671138 991.8866467294914 4 2
156.73683689470468 808.1880319333301 4 10
159.34275676597696 6.807659323009304 4 10
159.63614910215435 238.31615139447007 4 2
33.07599902391405 586.7123367158206 2 1
33.07599902391405 714.7123367158206 2 11
161.2061049631645 258.40244645147817 4 2
33.91164711051886 17.781262975599482 2 11
163.17373634214928 250.6481942788677 4 2
164.09074755864583 829.2820551518895 4 2
164.17032049501861 811.1449427476537 4 10
33.9999999999999 961.4701294725886 2 1
167.3090741415168 7.540999266127102 4 2
36.66492709468019 328.9460991035875 2 1
168.07483587501724 822.3446896369874 4 2
1 60.20101012677667 1 0
176.79918512249785 929.9159670592082 4 2
176.97189816647426 106.32674023391853 4 10
36.66492709468019 456.9460991035875 2 1
179.84290309669302 776.8358783327894 4 2
181.6870813417194 923.5828421946474 4 10
36.6649270946802 584.9460991035876 2 1
183.54300189501942 101.76378112948862 4 10
36.6649270946802 712.9460991035876 2 11
37.49680324246847 19.555144456855793 2 1
184.85409413812778 109.65561470160993 4 2
191.58791051468927 227.51145683590997 4 2
191.96673053376918 58.39193465953679 4 10
192.41953791340296 873.1739786208884 4 10
39.88142245808068 996.8273131508364 2 1
40.35425947363851 327.40051617227334 2 1
40.35425947363851 455.40051617227334 2 11
193.37755398335935 881.1164093073788 4 2
194.64040038805499 18.682344795560294 4 2
40.35425947363851 583.4005161722733 2 11
193.79618041622757 10.727013712621783 4 10
188.1393261667352 5.0701594631294 4 10
40.35425947363851 711.4005161722733 2 11
1 54.54415587728429 1 0
180.18399508379667 4.225939491301991 4 10
195.91293517285314 260.3632806707961 4 2
198.02579419517562 222.76238811493658 4 10
41.20711984153956 18.060637603523386 2 11
199.58162126637902 994.4200942365117 4 10
201.20990048358487 879.4871922253407 4 10
201.2684902114304 7.869639686611899 4 10
203.3606027179684 263.2842818925413 4 2
41.885483661799 323.2041264644472 2 1
41.885483661799 451.2041264644472 2 1
215.33768119370558 379.65310782488655 4 2
41.88548366179901 579.2041264644472 2 11
215.33768119370558 635.6531078248865 4 2
215.3376811937056 398.38556414262587 4 10
1 297.01933598375615 1 12
215.3376811937056 654.3855641426259 4 2
215.33768119370563 526.3855641426259 4 2
41.88548366179901 707.2041264644472 2 1
1 289.01933598375615 1 0
44.887906691022984 325.84712777991894 2 11
44.887906691022984 453.84712777991894 2 1
1 233.01933598375615 1 0
44.88790669102301 581.847127779919 2 11
215.33768119370563 507.65310782488655 4 10
44.88790669102301 709.847127779919 2 1
1 286.4751801064719 1 0
1 280.81832585697947 1 0
221.6832653243582 985.2494642134329 4 10
221.4942990824168 993.2472321370105 4 10
228.515052398778 989.4119977412007 4 10
1 425.01933598375615 1 0
234.68769104001132 9.8421960087308 4 2
45.00115684523309 16.7936398866335 2 1
236.35416248961906 296.0125787970891 4 2
46.62741699796952 2 2 1
47.85427090285235 996.8514506789421 2 11
1 417.01933598375615 1 12
241.44112263002384 889.0838303716766 4 2
51.777777777777736 955.1847358620415 2 1
54.888888888888836 952.6705784178226 2 1
54.888888888888886 145.36809354968972 2 1
241.76600281968823 337.1195872416239 4 2
241.76600281968823 465.1195872416239 4 2
241.76600281968825 696.9190847258886 4 10
241.76600281968828 568.9190847258888 4 2
242.44477169924852 7.885745230896536 4 2
242.72401888964464 704.861515412379 4 2
54.8888888888889 195.65124243406643 2 1
57.68319876970396 148.23023126300458 2 1
57.68319876970397 192.78910472075157 2 1
245.61042409362653 753.9069058515173 4 10
57.77621328929844 905.3572465246654 2 1
57.77621328929844 885.7007614266032 2 11
246.97045299567378 746.0233583387794 4 2
249.31515651561483 930.4978066768643 4 2
249.36971775768325 888.0173505070493 4 10
60.14261686779193 894.4277398401333 2 11
60.20175645730109 908.537928894874 2 11
250.38568491733093 8.856259147790109 4 2
250.5563653898702 703.2322983303409 4 10
252.65119099237978 729.6874138739697 4 10
60.58460876970358 902.5089286306023 2 11
62.23696389579094 911.9814635153352 2 1
252.7068483486963 740.4471796872456 4 2
1 361.01933598375615 1 12
62.49791420208776 2.4603724434039513 2 11
64.53003970819574 853.6397918440634 2 11
253.11779096262282 751.1429516742023 4 10
257.37402879985353 455.2010738875469 4 10
64.80407186879303 161.57138690281727 2 1
257.37402879985365 578.8375980799657 4 10
65.46634043694058 857.528665838596 2 1
65.62679566267981 165.48586331211808 2 1
258.08881443176307 6.697139956109268 4 10
65.97679651838932 926.2730985858985 2 11
265.43722878461256 9.859545132369243 4 2
1 353.01933598375615 1 12
66.32670620303654 914.4967345532118 2 1
1 553.0193359837562 1 12
272.0573566475726 322.4024464514782 4 2
273.397507509175 9.06332743143682 4 10
285.2880093235054 10.68072243680988 8 9
280.65734960562213 991.9577303323779 4 10
281.0554498298643 168.3456163984454 4 10
68.24881542759944 852.1664598554154 2 1
68.60546977870581 162.8161254016638 2 1
282.43575682759064 28.61334990298191 4 2
282.93210689333193 870.8188547085933 4 2
283.2281415909789 942.5771048054038 4 2
69.94849016410453 925.7980727080924 2 1
286.7015976629771 299.0741742090588 4 10
287.5539475835533 22.46484411819332 4 2
301.0713588062909 8.056626572658963 8 3
1 545.0193359837562 1 12
287.9247674364806 776.9496746975551 4 10
1 241.2203461105328 1 0
288.428467419932 865.0059362538382 4 10
288.7173644257553 170.6467171622696 4 10
70.21514939592493 848.6831380607761 2 11
72.49258714649726 845.3947832605351 2 11
291.28306315909856 872.4793078601436 4 2
73.11399283683413 163.81022333983833 2 1
1 235.56349186104043 1 0
291.3588719030438 305.5787723252234 4 2
293.9881312220297 164.62849338948655 4 2
294.1365826186617 296.1210404991255 4 10
294.5772745905396 145.56300852139913 4 10
296.05600642995813 173.83173420055206 4 10
298.64842090902295 322.26303875988253 4 2
302.1595402220821 989.0654583764251 4 2
297.33139572776594 995.4442529915545 4 2
302.2200933278093 804.364875168904 4 10
303.75017782797903 812.2171895680057 4 10
73.96202654451909 838.2631711494352 2 1
306.7592437038983 709.6770013178906 4 10
309.5799566073779 992.0550102941603 4 10
309.76322380061663 50.97249291676138 4 2
309.7854393260186 806.965940321371 4 2
314.2071345439528 706.7565694945755 4 2
316.1159414850054 905.5007393429736 4 2
317.47738407553754 993.3319752056427 4 10
321.4302801266008 102.71731780405389 4 10
322.3882961965572 94.77488711756342 4 2
1 489.01933598375615 1 0
323.8540975492247 269.1874439056355 4 2
325.46182620838033 992.8332931152437 4 2
326.1889328781137 462.3855641426259 4 2
74.74928235227894 195.90057579200356 2 11
1 481.01933598375615 1 12
326.1889328781137 443.6531078248866 4 10
1 345.01933598375615 1 12
326.18893287811375 590.3855641426259 4 10
74.85008619940788 842.1633442288457 2 11
326.18893287811386 571.6531078248864 4 10
77.1796330648871 154.08587272447795 2 11
77.7837053378892 839.4441754679307 2 11
327.5219743260352 262.0778250726646 4 10
330.2206426967827 96.40410419960162 4 2
332.33789851251674 268.46585092030034 4 2
333.22730568973 340.3840281883072 4 2
333.31610381194827 232.04127801291133 4 10
338.6103073534895 346.3020762692171 4 2
78.34479806585655 194.14778751231415 2 11
78.82924620039942 935.6790465559926 2 1
341.44943814598554 780.7660469704491 4 10
342.7198557302861 682.0736411275311 4 10
345.25251878395403 932.4889974477479 4 2
79.28054512249129 983.1485729098417 2 1
346.27882784697937 787.1438988906441 4 10
348.68945892810035 753.6005431493712 4 2
79.65933638638828 4.0432011779205235 2 11
348.8074540593515 8.761922399556639 4 10
80.12451549659708 325.01933598375615 2 1
80.12451549659708 453.01933598375615 2 11
350.1191854959988 926.1395443127232 4 10
80.12451549659708 581.0193359837562 2 11
360.51205120836227 11.408128283339892 8 3
80.12451549659708 709.0193359837562 2 1
352.61725450409637 529.1195872416239 4 10
80.8346469855928 152.4607963449045 2 11
81.5027673447135 986.4744905869742 2 11
1 337.01933598375615 1 0
1 414.4751801064719 1 0
353.2328672206458 652.9974283647399 4 10
353.2354437937554 381.0630832501122 4 2
1 408.81832585697947 1 12
356.63603538320154 752.6775465929145 4 10
82.43508629492067 937.4104960102774 2 1
356.72030130340966 921.6201118154786 4 10
357.83467996916943 26.749599343989743 4 2
364.18255977341283 750.0223687028389 4 10
366.1878922485662 979.319525424513 4 10
1 369.22034611053283 1 12
368.2252804842617 519.2010738875468 4 2
1 363.5634918610404 1 0
368.4731994166992 387.3330717298432 4 10
369.9781654784969 755.536981518912 4 2
83.12538452335099 2.0465764479681576 2 1
370.45186484322176 86.8074660532656 4 2
370.4805346109796 689.0633084725517 4 10
370.9563642276126 745.7661293749505 4 10
83.9719086367617 323.92500238516106 2 1
83.9719086367617 451.92500238516106 2 1
1 313.01933598375615 1 0
376.4399058806633 388.0621726261753 4 10
83.9719086367617 579.9250023851611 2 1
376.6229398838651 740.1190132674169 4 2
376.6975704113162 684.0285824763 4 2
378.38045997088113 87.87394591789291 4 10
1 305.01933598375615 1 12
378.80360678786246 284.16395555708186 4 2
380.5311886363976 291.97519495660174 4 2
83.9719086367617 707.9250023851611 2 1
85.5695092335885 939.8955297809841 2 11
376.9651919862609 299.1364565696985 4 2
1 681.0193359837562 1 0
86.54352995153577 326.9887849840737 2 1
1 673.0193359837562 1 12
86.54352995153577 454.9887849840737 2 11
86.54352995153577 582.9887849840736 2 11
380.90245584556527 733.359890311474 4 10
381.2270548796746 9.481277423711077 4 10
373.4760085236453 11.461499731101 4 10
1 542.4751801064718 1 0
381.506376835364 316.5412067727437 4 10
381.9149483977164 308.5516467549181 4 10
383.9273579443509 647.8368044785221 4 2
384.07420403191963 995.2060491379825 4 2
384.2804306428149 742.4347928935038 4 10
384.47945095442117 219.87582714442314 4 10
1 536.8183258569794 1 0
86.54352995153577 710.9887849840736 2 1
385.7505863447229 385.8829706825602 4 2
391.8620045802934 648.8572861112458 4 10
392.99447361950564 382.4879600566209 4 2
393.6513071492742 912.8991785271278 4 2
395.54310646535214 795.62750941104 4 10
90.17651269475044 192.18753113298052 2 1
400.3712591696333 908.5584130596012 4 10
400.7699806921295 978.0644574149776 4 10
400.98535680442546 243.2652652219363 4 2
1 617.0193359837562 1 12
90.400610939827 140.489732533744 2 1
401.3687259613227 916.4959857364009 4 2
1 609.0193359837562 1 12
1 809.0193359837562 1 12
90.6489462701334 949.7413529545129 2 1
403.75794296525396 985.7680245768285 4 2
90.85129940067455 200.72831077688696 2 1
401.2314956002559 993.358615048715 4 2
91.50784426491026 146.38063987796903 2 11
1 801.0193359837562 1 12
406.0107838230944 774.5760899295948 4 10
409.0683634611328 991.7512874121843 4 10
409.8986158071136 356.3576197812726 4 10
410.0491986778065 767.6702079829322 4 2
411.9428491065298 105.07244171634898 4 2
416.3396946140408 995.0871146356402 4 2
92.20201884967055 3.4747848759336346 2 11
92.21288130048191 195.630379212927 2 1
94.01648576273988 138.77933805730746 2 1
416.50956304735814 762.9517662684859 4 2
417.295016596419 955.9850795791338 4 2
417.3371560704263 353.413452878552 4 2
93.68979341837007 142.76597474907285 2 1
1 745.0193359837562 1 12
417.4392096331299 110.88536017110407 4 2
94.45430917521433 202.46564222614205 2 1
419.53200563937656 517.0193359837563 4 2
97.52210719442138 136.85304151270822 2 1
101.422929567921 2.3710085813108224 2 1
420.2938053722964 103.41198856479863 4 10
423.68572184912784 232.22455034797352 4 10
424.33507913953554 995.3588245719308 4 10
104.26879420216196 997.6398066891592 2 1
424.35547009259915 357.2531492579774 4 10
1 737.0193359837562 1 12
424.95522144943084 5.199133982743053 4 10
106.29656901107016 584.6651275348028 2 11
106.29656901107016 712.6651275348028 2 11
425.4791461852966 222.11307854172273 4 2
426.88936041665255 520.1608850731856 4 10
426.8985043234877 392.16544381797246 4 10
427.40143083757846 863.9599408684248 4 2
429.39459028544064 512.563265491729 4 10
1 499.01933598375615 1 0
430.80192881648503 361.9905715445416 4 2
106.29656901107018 321.37354443270954 2 1
106.29656901107018 449.37354443270954 2 11
106.29656901107019 328.66512753480276 2 11
431.18089976080836 229.42771140512104 4 2
1 473.01933598375615 1 12
431.79732101530374 992.4752597317491 4 10
106.29656901107019 456.66512753480276 2 11
106.2965690110702 577.3735444327095 2 1
432.2594586347612 166.83875364204914 4 10
106.2965690110702 705.3735444327095 2 1
434.0718819368717 221.96833998001534 4 2
434.8759880747526 368.87548557161006 4 10
107.62916283772937 566.5420191711491 2 11
438.77081601536895 361.2857050242243 4 10
439.8364012503914 842.1044342008582 4 10
439.9920032236421 227.34906148831962 4 2
441.17386085694125 632.332552196201 4 2
107.62916283772937 694.5420191711491 2 11
107.62916283772938 310.5420191711491 2 11
107.62916283772938 438.5420191711491 2 11
441.2763022669815 831.8667195408559 4 2
107.62916283772941 339.4966527963632 2 11
107.62916283772941 467.4966527963632 2 1
107.62916283772944 595.4966527963633 2 11
443.32217154003365 172.3847433622287 4 10
107.62916283772944 723.4966527963633 2 11
108.26770401707363 997.7331891939613 2 1
443.91198068559686 848.9884484561696 4 10
445.12668369820324 70.39055708196878 4 2
108.89345414045812 821.3988541225159 2 1
446.8914667376039 626.7371091401587 4 10
449.5125426856411 991.7004429256368 4 2
110.35927303310297 964.8055854897519 2 1
441.5501773441053 992.4755159337526 4 10
451.9810086719127 632.9093504590729 4 10
110.54903219737531 563.8080910589632 2 11
110.54903219737531 691.8080910589632 2 11
110.54903219737535 307.8080910589632 2 11
457.71803894091727 766.6892456791771 4 10
110.54903219737535 435.8080910589632 2 1
110.5490321973754 342.23058090854914 2 1
459.0727545051759 61.21608566147847 4 2
110.5490321973754 470.23058090854914 2 1
462.8177188349637 9.627969335198081 4 2
463.706525774817 771.9937744462034 4 10
464.34855478728184 586.2980791124791 4 10
465.937203030376 764.3110614500325 4 2
110.54903219737542 598.2305809085492 2 1
110.54903219737542 726.2305809085492 2 11
467.10720677747423 994.9296526579952 4 10
1 465.01933598375615 1 12
110.5882275285343 33.25027213181322 2 1
467.5593916238869 815.135845417188 4 2
470.59005411846977 11.522911086484134 4 10
112.7671065238201 950.0334107084973 2 11
471.43564794204195 199.15315932841065 4 10
1 335.01933598375615 1 12
472.2530189832707 229.77726371044264 4 2
474.5406019245275 191.78028602374528 4 10
474.9127058471196 562.5836415167746 4 10
475.4283992946367 424.1634283719309 4 2
475.46360875012175 552.259852367985 4 2
475.46360875012175 481.7788195995276 4 2
111.8288833103847 953.9218213351893 2 1
113.28868603081337 30.299420750013603 2 1
477.45263263836637 579.8605645374543 4 10
113.54410276919214 973.2858953532788 2 1
478.2004642237724 9.056809298417148 4 10
479.5672407007517 569.0902001537443 4 2
481.04434180576874 847.1369026443332 4 10
1 441.01933598375615 1 12
482.41553280718824 190.37122122987824 4 2
115.1524121170764 26.76013761986102 2 1
484.53347747943036 839.937879637648 4 2
484.9805934818703 994.1934137598645 4 10
1 433.01933598375615 1 0
115.665457300163 952.7901411590987 2 1
485.3731306994776 578.7355265541252 4 10
116.92262028329571 812.4553127353227 2 1
485.7906418076508 6.529121769233452 4 10
488.9134855141353 848.5779360572266 4 10
489.36628960152336 650.6008023192775 4 10
117.8222134790944 984.5169616283636 2 1
117.88892840615816 23.842693772999496 2 11
118.76548876911937 5.214188966384221 2 11
120.02548789278345 814.9796369217123 2 11
1 601.0193359837562 1 0
120.65658824693043 113.85307974494765 2 1
1 593.0193359837562 1 12
1 569.0193359837562 1 0
494.8830645610903 656.3943499410284 4 2
120.65658824693045 227.16625623880856 2 1
496.55893170233213 850.9331754470523 4 10
497.7113531247054 648.9109827977617 4 2
500.8336096015469 976.5598121253241 4 2
506.25453380564545 990.3951306994513 8 3
120.75258565542005 819.4455386834316 2 11
495.3936695187977 995.4982304381077 4 10
120.8800500078762 981.1803275019773 2 11
503.45802557589155 395.32180565826764 4 2
122.33872980995103 3.4164268953313575 2 11
503.87486104595513 854.170022344747 4 2
504.61259177017916 252.38455255208083 4 2
125.8563623844905 238.00215908130806 2 11
126.33068752799754 3.1629045544441645 2 11
127.48788359050262 279.05509593998727 2 1
504.8521912962531 30.416582065583693 4 2
127.48788359050262 407.05509593998727 2 1
127.48788359050263 626.9835760275251 2 1
127.48788359050263 535.0550959399872 2 1
127.48788359050263 754.9835760275251 2 1
1 561.0193359837562 1 12
502.2153777406236 37.96954269522082 4 2
505.07725011252927 8.549168749551438 4 2
127.48788359050263 663.0550959399872 2 1
506.4408536823486 56.40790284566269 4 2
127.48788359050265 370.9835760275252 2 1
506.7423022712318 44.56552285696914 4 2
127.48788359050265 498.9835760275252 2 11
507.2493368734868 356.1327231400014 4 10
1 491.5634918610404 1 12
510.1573390739875 710.7570292477486 4 2
510.76001500737624 858.2436761012078 4 2
512.364955777912 362.28336889672386 4 10
1 729.0193359837562 1 12
512.4456730716074 370.37654728702046 4 10
127.49919330017102 62.00409907152422 2 11
517.7023032598643 280.3954256612922 4 10
127.60525194541106 790.636711638512 2 11
1 721.0193359837562 1 0
128.13150482415347 95.59327063157629 2 11
517.7147155674768 993.9538150048919 4 10
518.8894988631401 288.30684567286806 4 2
519.6259503097552 522.5354329893222 4 2
128.46385946398675 630.8626830245513 2 1
1 697.0193359837562 1 12
519.970200705652 182.81768658693656 4 10
522.1308954098535 609.9803818793956 4 10
522.9757763828087 719.5414398440867 4 2
525.4783212053524 282.2751982303673 4 2
525.6041571359494 995.2792250311312 4 2
128.46385946398678 374.8626830245513 2 11
526.8783033582673 178.78307164360803 4 2
527.1245676867461 873.7936462745865 4 10
128.46385946398678 502.8626830245513 2 11
527.1592657335742 955.4187476825407 4 10
128.9583369822407 91.67965994803195 2 1
527.8508297804152 519.912050337685 4 10
529.806827540506 607.726481720645 4 10
129.54250455392395 236.4489830105664 2 1
532.4563735132525 590.8991361048139 4 10
533.3818959012251 993.4065852635497 4 10
1 689.0193359837562 1 0
1 670.4751801064718 1 12
533.4870612701247 7.661019952062127 4 2
129.7059416943224 267.2426169562258 2 11
129.7059416943224 395.2426169562258 2 11
129.7059416943224 523.2426169562258 2 1
534.1465129617293 859.403036600462 4 10
534.3603320097957 601.1488227869393 4 2
129.7059416943224 651.2426169562258 2 11
540.6275683084399 910.5283926981572 4 10
1 664.8183258569794 1 0
540.6394629774945 918.5283838554553 4 2
129.96226495714114 263.2508381065226 2 11
131.4332717239294 232.9240717338348 2 1
541.2511743022844 78.43878363286879 4 10
541.4008863053106 6.4899634579227525 4 2
131.93420717566872 94.35252294337359 2 11
132.40298368370475 375.5578811126028 2 1
132.40298368370475 503.5578811126028 2 1
541.7706261974714 604.1633774890636 4 10
542.2635547138925 269.6738583911284 4 2
542.8238097956303 221.69234325823112 4 10
132.40298368370497 631.5578811126029 2 1
133.2910852158642 265.46870998855616 2 1
133.36177550250028 98.08910542904513 2 11
544.0129186246763 260.33197386112244 4 10
546.028373830939 84.8558206955187 4 10
549.377931653345 7.09556028370932 4 10
549.534724812414 266.33768012874987 4 2
1 984.7838379715733 1 0
549.7391844847616 77.768516250846 4 2
549.8837624670502 217.92975528220848 4 10
551.2411960678817 149.99641360482133 4 10
133.66847316265682 395.7888260393245 2 11
1 217.82337649086284 1 0
551.4351373214959 568.6075842284612 4 10
133.66847316265682 523.7888260393244 2 11
553.5704390516256 993.6355127203807 4 10
545.7086945950597 995.1163820933018 4 2
554.0782504991121 142.51636533263513 4 2
557.0242691488929 9.447904413333584 4 2
559.5882337226374 148.3163726495676 4 2
569.8793751822402 575.7071583997889 4 10
133.66847316265682 651.7888260393244 2 11
571.259245946295 735.2848393431889 4 2
571.4114329033512 847.4406638283901 4 2
573.8408032502056 980.9195597343586 4 2
574.9835278609837 988.8375254114704 4 10
1 625.2203461105329 1 12
135.2403830373613 268.9615938977502 2 11
570.8955605818217 995.7141905570552 4 10
575.83254927733 217.62846137790797 4 2
577.6310951652667 225.42366712817434 4 10
577.7245873769479 842.5270011830199 4 10
136.40712817437938 398.7042623234451 2 11
1 619.5634918610405 1 12
578.2710712682642 47.88510580796134 4 2
1 798.4751801064718 1 0
136.40712817437938 526.7042623234449 2 11
578.8949109307981 995.8161414978567 4 2
579.0173253402522 397.53337775763043 4 10
1 792.8183258569794 1 12
136.40712817437938 654.7042623234449 2 1
579.4146860697122 850.3464363549947 4 2
581.1833440455562 977.7435410523271 4 2
582.0345096918115 10.415532388279821 4 2
582.3260686563343 985.661506729439 4 10
1 753.2203461105329 1 0
582.8848992099355 213.85164255407219 4 10
138.44289533056246 395.2610585702806 2 11
583.2503875491384 505.05900159668863 4 10
138.44289533056266 523.2610585702805 2 1
584.1943297603533 245.91021760877516 4 10
582.7305822237284 238.04526731338075 4 2
1 747.5634918610405 1 12
1 315.01933598375615 1 0
586.2374517261487 992.6401228158253 4 10
587.2382403181069 602.6241744684696 4 10
138.44289533056266 651.2610585702805 2 11
589.0701744393131 499.5699141904843 4 2
589.9508267191288 9.26144195724526 4 10
138.81372693743984 267.16403628482885 2 1
1 958.6417023478424 1 0
591.1929993840844 263.8592210756088 4 10
139.6770947051208 4.501504515078498 2 1
591.4927218369648 507.19430033666885 4 2
593.9656784507556 994.7076120402402 4 10
598.315252282023 890.4857114687604 4 10
141.59752554344774 105.78504688528959 2 1
600.7372287681114 795.7287935422627 4 10
606.3309204367368 439.9386264646875 4 10
606.7012180895216 894.3586331435775 4 10
607.3949796650792 447.86754681733197 4 10
609.840360128028 901.7170152525796 4 2
142.64433121456977 789.0412937891649 2 11
142.8988901950076 995.3235280379157 2 1
612.0485118352772 553.546599761769 4 2
1 220.5340546095176 1 12
613.5859863822185 5.840598430428168 4 10
1 463.01933598375615 1 0
613.6607752092524 750.8842435404423 4 2
613.7295965008816 442.981584318134 4 2
614.0479808465227 545.80049598806 4 2
614.2586018249918 991.1342254333009 4 10
1 443.01933598375615 1 12
607.2927285136864 995.0682575901143 4 10
614.646144642842 735.3827564976169 4 2
616.4798205504386 435.4691767361908 4 10
619.2637518651501 624.333244834906 4 10
1 591.0193359837562 1 12
619.7565689892824 551.4051388327329 4 2
621.0905324728741 753.850504992786 4 2
619.9445116130594 745.9330157323658 4 10
621.4951704208712 4.638596831959407 4 10
143.6646282645562 4.817061344154485 2 1
144.36545309253694 975.4778936897442 2 1
144.77720146720185 785.6573811890174 2 1
622.0089420709943 397.7680004343244 4 2
624.419725395115 375.55930976237136 4 10
626.7633768350975 759.4913238023198 4 2
627.602426961029 552.967992852525 4 2
1 997.269119345812 1 12
628.5847924061047 393.211884504036 4 2
629.242706230233 6.632509789602456 4 10
634.5180438311293 672.0212685848886 4 10
635.2636624541583 555.2713535969191 4 2
144.89097936342085 822.1855974871298 2 1
145.14834014917452 779.8018566947072 2 1
145.83498283372353 384.2988108632184 2 1
145.83498283372353 512.2988108632184 2 11
145.83498283372353 640.2988108632184 2 1
635.588988080806 11.503311230134397 4 10
146.7955879676339 994.4203411974396 2 11
642.0677419897179 325.34542735869115 4 10
147.7555976444515 42.88270022746594 2 11
646.0480803312114 9.456171293486879 4 2
650.6748777674061 425.23673255099783 4 2
652.2372550215188 910.1975620487281 4 2
1 571.0193359837562 1 0
654.6872108083536 601.422261969046 4 10
148.05803997508855 769.3361976917362 2 11
148.33190891609556 947.2009809230185 2 11
149.24867625104466 777.0435249027521 2 11
149.47931811329016 513.9476954468402 2 1
656.3724031033487 313.8860980173561 4 10
656.7386351922505 593.6897553898601 4 2
1 719.0193359837562 1 12
1 699.0193359837562 1 0
149.4793181132902 385.9476954468402 2 11
1 982.7838379715733 1 12
660.207348567781 909.5064695340609 4 2
661.6128377718405 605.4267208791388 4 10
149.4793181132902 641.9476954468402 2 11
150.0486145639154 772.805724000372 2 11
663.9890965525188 309.15678495327563 4 10
664.2126372146973 560.3334074685647 4 10
664.4245238744 614.4403966431498 4 10
666.2204507907531 568.0773524996071 4 2
663.8769397418351 589.5235880653398 4 2
667.980581449665 6.462225456023341 4 2
151.57114809703344 41.68204426350211 2 11
2.4221343842640533 118.19173162001451 1 12
669.9522644809622 145.82301028489434 4 10
671.9229971251182 562.4665624211583 4 2
671.9807723349375 651.7740297805185 4 10
675.1222207520977 163.827911613437 4 10
675.9542085708412 5.8131718893248046 4 2
676.7704879319721 645.3663293740135 4 10
2.422134384264077 811.2110676037706 1 12
152.5158829661724 390.91352865287564 2 11
680.590710478918 83.34576843506908 4 10
680.6058562322125 302.9245839215421 4 10
681.7504959295388 995.0041385829907 4 10
682.626100055917 91.08251124259758 4 2
682.7125874416781 650.7227697420892 4 10
688.7150132101738 85.89356755433887 4 10
689.3292784509728 786.4987229804451 4 10
152.51588296617243 518.9135286528756 2 11
694.5440394321724 893.9111534838665 4 10
700.3086222316667 888.3641195784559 4 10
702.568508987638 994.3380676098154 4 10
702.8073228031974 895.9638890127105 4 10
703.3781441057367 271.22248672322564 4 2
2.8076734353812327 52.85575507653593 1 12
713.0805350718817 303.3526991355574 4 2
152.51588296617243 646.9135286528756 2 11
714.5574804047585 6.372427412283631 4 10
715.1044748325049 450.74816385289716 4 2
153.86011440287032 771.5922706730261 2 1
716.9948333702238 828.675193506225 4 2
718.1248419489956 836.5949839461232 4 2
154.16636692059427 3.7736869815699627 2 1
718.3577988384583 216.3130027111785 4 2
150.17883336115887 3.4581301524939763 2 1
155.32328096939057 516.0642276067372 2 11
719.2090697941981 224.2675823832865 4 10
155.32328096939057 388.0642276067372 2 1
720.1715634603233 432.7140425121208 4 2
155.3232809693906 644.0642276067372 2 11
158.32981109329333 993.9157627620696 2 11
722.3756969545921 4.67670043546536 4 10
723.7955532678718 28.44596665866662 4 10
155.79965941507535 997.013880333307 2 1
724.4185773732106 831.6564725904634 4 10
151.88447482665225 997.8332274139599 2 1
726.0325742966693 930.9666827371797 4 2
726.1139067911548 214.35269930963113 4 2
726.3420097297641 68.826174196264 4 10
159.747783774787 997.655997176453 2 11
727.106186292586 824.1214372025908 4 10
2.8076734353812327 233.87509106029208 1 0
160.3564920568781 244.27275328040972 2 1
163.68044193747824 996.9251074615041 2 11
728.7396743012164 501.4768088167902 4 10
163.7358649446037 2.721022499056999 2 11
728.8943675062076 667.6774153396706 4 2
730.9143073513256 207.95299974934616 4 2
163.94037458816305 242.4963000719208 2 11
165.01986083896054 235.66744455244788 2 1
2.8076734353812327 361.87509106029205 1 0
2.8076734353812327 489.87509106029205 1 0
732.3213589521631 786.3755519504962 4 2
734.2570009459046 67.66302586160533 4 2
734.5472332379026 764.1475673081038 4 10
737.4584650108387 203.3514782045268 4 10
166.524679395815 255.62525974469082 2 1
738.8590645765706 781.7648681434465 4 10
166.96020700816803 805.8330190618551 2 1
739.4477854340657 939.885351120441 4 10
167.40718376708392 834.2821802378609 2 1
167.88044107242723 259.38849110566633 2 1
740.6938511205631 991.5163870074058 4 10
742.1728807759979 514.4601265192165 4 10
169.6789853469113 808.7670000339782 2 1
744.422592711454 8.144131413703363 4 2
169.81297336971667 831.0865306344368 2 1
169.94946819592454 812.7578444344015 2 1
745.3087006517707 204.89219244858424 4 2
167.65144095564625 816.0318436407146 2 11
170.4157989395995 42.341354643618665 2 11
170.41923602952693 836.9142024961847 2 1
748.5063545479951 989.7945303942225 4 10
749.0308817544503 518.5793282112371 4 10
2.8076734353812327 313.87509106029205 1 0
751.6866842276604 712.6746140688256 4 10
752.075745088512 5.814054442114014 4 10
752.8572034617881 331.9074732832457 4 2
170.76761948622237 804.6068012092874 2 11
171.58015363840764 11.755009224734064 2 11
173.27969598818177 8.134020989276209 2 11
172.32562862832705 4.249467543529864 2 1
755.8387465990801 992.9939095229263 4 2
757.1198774317874 398.91495004147396 4 10
760.0545194316951 5.231680008812397 4 10
174.13810882404402 43.805734759629104 2 11
180.551401121833 782.7939007016945 2 1
761.3119241531198 813.3939367123651 4 10
182.3319640129257 932.2372507018586 2 1
184.5058126545233 928.8795160364294 2 1
2.8076734353812327 617.8750910602921 1 12
761.5599148693242 199.9534556363564 4 2
763.2306042839796 693.549349957403 4 10
2.8076734353812327 745.8750910602921 1 12
763.5399557117101 539.9452663387735 4 10
185.1519918335955 779.6311559189506 2 1
763.7470585283253 991.7861833827119 4 10
763.8348099357119 364.8362622107183 4 2
765.6113888164797 702.3276699976594 4 2
766.7659233038667 532.624533240623 4 10
185.23187061290992 774.1978811551638 2 1
2.8076734353812327 441.87509106029205 1 0
766.8354405101836 971.7207910706601 4 10
767.9649021931917 6.425767345072663 4 10
186.05995495981924 96.31722742374086 2 1
771.0366145293651 695.3004079372927 4 2
771.2624509620022 74.93068651193315 4 2
771.6491661622241 993.0338591988912 4 2
778.1496397523007 79.00089910672295 4 2
779.5758880836245 991.9535446239679 4 2
186.2535302446181 933.0254881600207 2 1
188.42226607978117 93.08930453548838 2 1
786.5045698976259 185.1752825872456 4 2
787.138653204797 994.5621043265579 4 2
188.61021710016817 104.97677507045853 2 11
188.83955327020914 114.1407139765992 2 1
788.6055252172089 660.6070927488712 4 10
790.5241561228484 201.258423742516 4 2
791.4573164346384 191.4578220212731 4 2
792.0290358269934 179.38906826393742 4 2
792.3734806219751 351.2402953274785 4 2
794.7490406751288 378.1211954375211 4 10
795.0995591620906 993.7721825968096 4 10
188.92400544269125 99.10957676283878 2 1
188.99267036862543 867.2384699225249 2 11
189.1059770277984 775.1935213944671 2 11
797.1136478368015 8.068126799554024 4 2
190.71635798084498 108.37738833731818 2 1
190.9757671810052 389.0193359837562 2 1
797.6385887836026 585.6483015677512 4 10
798.1212575430684 203.76522449464835 4 2
798.1259329710083 974.0768753290555 4 10
798.8300401759856 593.5590817808269 4 2
190.9757671810052 645.0193359837562 2 11
801.8503896743567 689.0865888189682 4 10
801.8717753464722 981.1457270673634 4 10
190.97576718100532 517.0193359837562 2 11
2.8076734353812327 569.8750910602921 1 12
2.8076734353812327 697.8750910602921 1 0
191.06030108813593 892.9210948278486 2 1
804.9946926466588 6.693669559396497 4 10
2.8076734353812327 218.67913156739877 1 0
805.0852511080728 588.571864501111 4 10
807.4256417168898 125.3773764061188 4 10
811.4413168622547 936.2192696646667 4 2
815.2147845207278 123.55275195669958 4 2
191.40313881230404 888.9358141231946 2 11
2.807673435381234 27.144244923464075 1 12
2.807673435381234 107.14424492346407 1 12
2.807673435381234 288.16358090722025 1 0
815.4679517654305 943.1320268104463 4 10
192.19123614625377 116.32388183510874 2 1
823.8892211631505 568.4612493088978 4 10
2.807673435381234 416.16358090722025 1 12
821.596163321083 576.1255748325779 4 10
824.7645334489267 516.1977785400003 4 2
2.807673435381234 544.1635809072202 1 12
825.9190700882635 838.3737279555515 4 2
192.2619323975448 64.38466824777709 2 11
829.3801928484971 574.2792584143153 4 10
830.8358993627836 820.2980617276851 4 10
831.0022275753003 511.1886696386282 4 10
2.807673435381234 336.16358090722025 1 0
193.74941634898624 995.8291314260633 2 1
190.12352614843053 997.51819041068 2 1
2.807673435381234 672.1635809072202 1 12
2.807673435381234 800.1635809072202 1 0
194.13003095164976 4.736308927707215 2 11
2.807673435381234 464.16358090722025 1 0
194.82316032116984 390.1136695823513 2 11
831.2568401178557 520.8721719890565 4 10
832.1366690720042 566.769142647615 4 2
832.4173064199153 546.62680303191 4 2
194.82316032116984 646.1136695823512 2 1
194.82316032116995 518.1136695823512 2 11
834.8203171415547 11.31384542674154 4 2
837.2096771333161 553.0325178979759 4 2
837.433057025823 900.6955570944231 4 2
195.08190853279726 232.3891589434046 2 1
839.3596957396641 892.9310182628936 4 2
2.807673435381234 592.1635809072202 1 0
840.1858553949361 277.7928631778601 4 10
195.39872190483482 888.7478892693777 2 1
842.2641249602333 423.50661295262717 4 10
2.807673435381234 720.1635809072202 1 0
197.1782415748607 55.418695236183666 2 1
843.6383862968804 93.8591746679389 4 2
845.5208131179166 898.034020580294 4 2
847.9530276223619 279.7088578515229 4 2
197.37129229483313 229.10910985991111 2 11
845.7287415695566 272.0242920501717 4 2
850.5335280848757 107.82986810247967 4 2
197.3947816359438 387.04988698343874 2 1
851.0482598101529 705.9191019525298 4 2
197.3947816359438 643.0498869834387 2 1
851.6797651798283 249.72304467309448 4 10
197.3947816359439 515.0498869834387 2 11
852.7898835090582 286.08104940006655 4 10
197.64810125731287 235.4574899067531 2 1
852.8550102866811 469.19553456811593 4 10
853.241731434157 456.4354018800998 4 10
853.4959137969824 273.94028672383456 4 2
855.184222407504 242.5314676875236 4 2
856.7308654443576 711.5500870533896 4 10
858.9828460729324 464.0526143298914 4 10
859.3602029404719 290.64513776130445 4 2
861.8587940327252 705.4097003886426 4 2
198.02543589379013 254.7474690015856 2 1
864.6698905759454 458.42611232413776 4 10
198.2044872698574 884.6802155658189 2 11
867.2602764886119 988.6804648610633 4 2
198.66545567338318 14.232745942848773 2 1
2.807673435381234 983.9280828950374 1 12
862.8303631595923 995.3419863011981 4 10
870.8143666191135 995.847643060625 4 10
2.9999999999999996 997.269119345812 1 12
3 1.8578643762690497 1 0
199.40629987151044 22.327369090897577 2 11
872.255864413235 455.885836563525 4 10
199.47330190354268 239.01679357474805 2 11
199.7100452316425 251.11950932997672 2 1
200.55183809741507 247.2090893050773 2 11
873.9354658598463 752.0971806273704 4 10
878.2696549279564 992.9461475441663 4 2
200.8739666712885 217.48148728777528 2 1
201.08574996750662 257.3232170036644 2 11
204.8141034768682 997.356270307001 2 11
3.958425302846315 541.9193220858831 1 12
206.12279431812038 882.9315316642727 2 1
3.958425302846315 669.9193220858831 1 0
879.2116703879348 4.338181393959407 4 2
206.25117351664173 947.594169386592 2 1
883.3835702968973 914.5718076731936 4 2
886.2007481730283 991.898407147897 4 10
3.958425302846315 797.9193220858831 1 0
888.9827850700252 759.0815109215074 4 2
3.9584253028463294 104.89998610212695 1 0
891.1019097229394 113.44051215500212 4 10
206.67850356349842 5.275077000831221 2 11
891.3141019945404 915.6237900840154 4 10
3.958425302846336 620.1193498816292 1 0
203.84549360141298 2.4512401509539616 2 11
892.5494856820454 419.55438673449277 4 2
199.86714879933527 2.035580872480242 2 11
207.47852377973854 267.64807910701285 2 1
208.67524633468418 43.13371698068412 2 1
893.0867252618926 987.8261449348716 4 2
893.1704192448119 995.8257071302186 4 10
3.958425302846336 748.1193498816292 1 12
893.9123162352109 433.3927610342909 4 10
895.9404641045674 450.7167810885064 4 10
894.8612401086042 442.7899106110395 4 10
897.8332078074636 586.5986061096236 4 10
898.1142286938098 117.29114621328017 4 10
899.131668518663 231.79148813560656 4 2
209.11882075170013 35.799376952454566 2 11
899.330466033126 301.4389292483858 4 10
209.9475476250737 881.7605226374293 2 1
3.9584253028463365 285.9193220858831 1 12
899.3536591936247 687.9516997679013 4 2
900.0563963336763 991.7534449171932 4 10
900.268656387641 779.9223695425661 4 2
903.5562509831905 592.1884877549508 4 2
210.14559457634246 3.2802637492569993 2 11
904.9064512445487 682.1926633520419 4 10
211.55725218987595 964.1183569655637 2 11
905.5596111221183 227.02897263571745 4 2
905.7854913577917 306.16467237068144 4 10
3.9584253028463365 413.9193220858831 1 12
906.2072837932466 774.5620799480208 4 2
211.63589134550173 40.4439993152179 2 1
908.6397897405686 586.011301202625 4 10
909.4769037350616 989.4155747430251 4 2
3.95842530284635 55.10001389787299 1 0
910.5039381758697 781.3103212830862 4 2
213.96762536990022 2.1003990904522896 2 11
913.3640075202999 77.64223224243035 4 2
214.38690115472187 37.54021815445964 2 11
3.95842530284635 236.11934988162912 1 0
214.57689138280654 143.16138332712634 2 1
916.3881385907217 993.4448219146327 4 2
921.5347438490825 392.2497685224588 4 10
216.12328570314983 146.85037568358496 2 11
216.60512786659802 996.7251632493832 2 11
3.95842530284635 364.11934988162915 1 0
923.2294031099533 145.4238715748392 4 10
924.2960839212311 992.2346976856073 4 10
925.080848444563 385.0786359621228 4 10
925.6342450671431 260.84274075631373 4 10
925.6667677535231 272.2368564755088 4 2
926.2631539055402 152.82632766118485 4 2
217.1478206954783 385.3735444327096 2 11
926.6446737919696 195.7616997384745 4 2
927.0487038942593 337.3110688693332 4 10
928.2139404204675 907.8376391502939 4 2
3.95842530284635 492.11934988162915 1 0
928.6507562564548 188.0173060794664 4 2
929.0989635841808 345.04388434649826 4 2
930.181805827804 11.00457213496115 4 2
931.2923835556438 731.8811592990368 4 2
931.6179263307905 146.88272502694196 4 10
933.1603668651263 263.55521023668064 4 2
934.7592719243739 193.18315899401844 4 10
217.1478206954783 392.6651275348028 2 1
217.1478206954783 648.6651275348028 2 11
935.1778897510799 339.84324432267533 4 2
937.1572017654081 641.909622706351 4 2
937.7931067606922 462.38810405987545 4 10
938.9770935922163 729.6573716172197 4 10
217.14782069547832 641.3735444327095 2 11
939.4321716938437 268.52154330953 4 10
217.14782069547834 520.6651275348028 2 11
945.1563353616542 642.0273584673002 4 2
945.72711661392 801.1305136896948 4 2
4.119718922391612 117.13427867264038 1 0
217.14782069547837 513.3735444327095 2 11
946.0078530323274 568.2835110151552 4 2
946.1888237523419 264.23812727085357 4 10
4.119718922391657 810.1536146563965 1 12
952.9221881665039 638.8075522272225 4 10
961.9370082176135 334.25093946162923 4 2
979.5520448677239 336.45706252871537 8 9
962.629538593144 862.6745094999582 4 2
217.9975515823807 188.5454279481092 2 11
990.9597443387545 347.6759926371815 8 3
218.4804145221375 374.54201917114915 2 11
967.1301284352504 511.0037480097675 4 2
990.0797606467611 511.59834074558614 8 9
967.1919312833313 98.12339995583449 4 2
218.4804145221375 630.5420191711491 2 11
968.0204699590311 329.0556056667023 4 10
969.1905214607492 105.86973052602892 4 10
970.582412387391 861.8074464037646 4 10
4.23606797749979 188.50966799187808 1 12
974.9428543185774 512.7245949733273 4 10
978.2388742237736 864.1266256008117 4 10
4.23606797749979 881.5290039756343 1 0
4.23606797749979 909.5290039756343 1 0
980.6049024863638 994.2474675714598 4 2
218.48041452213752 403.49665279636326 2 11
982.7967103401286 857.5519674396257 4 10
218.48041452213752 502.54201917114915 2 11
982.9411279287276 930.4353070949535 4 10
4.555555555555555 3.1149430983784674 1 0
218.48041452213755 659.4966527963633 2 11
985.988672521446 210.0933961730909 4 10
4.806119121101468 361.95392532458226 1 0
986.6817864330017 29.417110227321942 4 10
218.48041452213758 531.4966527963633 2 1
218.97352745586483 184.66632095108312 2 1
219.3970022936955 964.6981357441475 2 11
4.806119121101468 489.95392532458226 1 0
987.2340981641362 141.96173431203948 4 2
219.74470582486626 757.3988541225159 2 11
220.12211174603922 146.94727913403273 2 11
987.5726960702953 628.6627701566293 4 2
987.8340048616902 962.070023140637 4 2
987.8873812625068 327.82444026280984 4 2
220.2875871540765 165.09992209292054 2 1
221.40028388178342 627.8080910589632 2 1
987.904278912005 743.1556478355537 4 2
4.806119121101469 52.9345893408261 1 12
988.5593630368685 588.280176256702 4 10
988.807019860621 314.5568089438833 4 2
4.806119121101469 233.95392532458226 1 0
221.40028388178348 371.80809105896327 2 1
989.004157824897 295.3033750579475 4 10
989.4411448507178 783.8220949357619 4 10
221.40028388178348 499.80809105896327 2 1
989.5732037202754 853.3000105408759 4 2
221.4002838817835 406.2305809085492 2 11
989.5995306547309 954.2672724286053 4 10
989.9052999223321 22.095296190889126 4 10
990.0013789915868 14.095873160916835 4 10
221.40028388178354 662.2305809085492 2 11
986.954650989685 6.69874882220061 4 2
990.0429512573571 479.2652359311255 4 10
221.40028388178357 534.2305809085492 2 1
222.59300234108343 754.5904369605357 2 11
990.2307172704258 447.3820750471704 4 2
222.91265167558288 183.9711228630315 2 11
223.58058810729827 948.5400213711711 2 11
990.254263278776 668.2158203465049 4 2
990.376733805696 241.46675806616386 4 2
986.394638402365 234.52824841359651 4 2
224.84089770349647 980.1475667469782 2 11
990.7308020459606 455.3664294492043 4 2
990.7724859941874 928.8013453908253 4 10
226.32045838255786 756.0416679755282 2 1
227.14863694526645 995.2543353562659 2 11
233.10662268667423 995.9631413277289 4 2
4.80611912110147 288.08474664293004 1 0
990.9985970226093 265.4355700117731 4 10
991.2281012979399 427.1093753399728 4 2
229.62046568662902 6.629218072603685 2 1
226.41211756197987 4.24038942427822 2 1
991.3728793138598 382.9401024299484 4 2
991.4610271691273 334.9818877780973 4 2
4.80611912110147 416.08474664293004 1 0
222.75542413233396 2.619095755141 2 11
230.08507791904233 2.6562927683106463 2 11
991.6060577120854 635.5716046362312 4 2
991.633042259435 215.76270744174374 4 2
4.806119121101471 617.9539253245822 1 0
991.8755774340655 621.9184976258579 4 2
990.9832221919502 613.9684220210684 4 10
230.44489914524704 164.78632127121801 2 1
992.0458650025708 684.6234421846071 4 10
989.4236009405622 677.0654178932266 4 2
231.5078399313385 291.16625623880856 2 11
4.806119121101471 745.9539253245822 1 0
233.28305990516276 28.125609077942237 2 11
992.0648991783019 968.8596868496629 4 2
4.806119121101471 107.06541065917389 1 0
992.2396816043216 359.60753740708503 4 2
992.3828868754188 148.0846400606665 4 2
992.4597223287849 223.7198803104792 4 2
992.5277032508353 644.346967616682 4 10
992.7841446093731 321.498168949881 4 10
992.9662329975162 187.109588520879 4 10
993.1000221644459 737.072535798552 4 2
993.1139568617855 828.8680550632287 4 10
993.1477383040076 860.4570142791523 4 10
993.3339755896772 307.96085019422713 4 10
233.8882181499401 3.895697619086593 2 11
993.3989670977618 375.20091847478085 4 10
993.5694446484949 33.486528405212766 4 10
993.6071173093432 97.48864609389132 4 10
4.806119121101472 544.0847466429301 1 0
235.62943090988182 170.02879797035644 2 11
991.4859529942196 105.20231331177455 4 2
236.34465082560163 175.23019311241592 2 1
993.68264602542 405.87958882073565 4 10
993.8064258917663 500.19167751080664 4 10
236.70761406889858 302.00215908130804 2 11
993.8719176565997 594.2615442785154 4 10
993.9433069995958 137.60438227184468 4 10
4.806119121101472 672.0847466429301 1 0
993.9883743314061 748.3502395353528 4 10
994.1355547027634 486.13914290159346 4 2
994.1411576603714 846.7323780297528 4 10
237.88725875425723 3.983300387437917 2 1
994.2223514052661 582.6294627849895 4 2
994.2443793483936 602.2528690928467 4 10
4.806119121101472 800.0847466429301 1 0
994.2876974322854 472.4842234764524 4 10
4.866439885681412 1.139253109214632 1 12
5.9343295284045405 998.0589303383914 1 0
993.3270334438877 464.5421126297445 4 2
238.33913527491075 434.98357602752526 2 1
994.3283559099116 718.7642376812303 4 10
994.3946117275574 234.54890746030233 4 10
7.999999999999998 216.82337649086284 1 12
994.7413066365671 789.8144471486934 4 10
238.33913527491075 343.0550959399873 2 1
238.33913527491075 471.0550959399873 2 11
8 1 1 0
238.33913527491075 690.9835760275251 2 1
994.8841125829163 7.758767143490385 4 10
238.33913527491075 599.0550959399872 2 11
8.427156689301317 134.24469145658796 1 0
238.33913527491077 562.9835760275253 2 1
994.9039084201897 420.0038534027737 4 2
239.08956980392585 995.5110973119844 2 11
994.9449136849222 208.48043391893225 4 2
995.0298109071518 543.5503050716436 4 2
239.31511114839486 438.86268302455136 2 11
995.1158180823113 778.1831159754681 4 10
239.31511114839486 595.1759889429611 2 1
995.3214867254094 300.2116696255902 4 10
995.4253415466424 290.5317506373134 4 2
995.4554431985642 756.2145709715917 4 2
239.46338010450177 171.16933888285064 2 11
240.39375623833203 300.4489830105664 2 1
240.55719337873052 331.24261695622585 2 11
991.6534549058533 763.2533837281643 4 2
995.4891151025736 441.3530409422027 4 2
995.5209802913082 522.293813095127 4 2
995.6295351244991 836.4622545604873 4 10
995.8294732751658 961.8007930362371 4 2
995.9089390758556 628.8273321054597 4 2
240.55719337873052 459.24261695622585 2 11
995.985132585291 770.2304879636151 4 2
240.55719337873057 574.7960550112867 2 1
995.9865990739904 975.8325105193219 4 10
8.427156689301334 827.2640274403442 1 12
8.590394211857294 113.98198914723241 1 0
240.81351664154926 327.2508381065227 2 11
240.81703623333445 711.144252180841 2 1
7.446384741076171 115.62248978141793 1 12
242.28452340833746 296.9240717338348 2 11
242.68209527422965 997.270006276433 2 1
243.25423536811283 439.55788111260284 2 1
243.25423536811292 594.4807908549095 2 11
8.590394211857294 807.0013251309886 1 0
7.446384741076171 808.6418257651741 1 12
243.29835486580103 172.30642664560148 2 11
8.892834806065892 299.9896915982763 1 0
8.892834806065892 427.9896915982763 1 12
8.892834806065892 350.048980369236 1 0
8.892834806065892 555.9896915982763 1 12
243.7431497936304 894.6246489879118 2 1
244.1423369002723 329.4687099885562 2 11
8.892834806065892 478.048980369236 1 12
8.892834806065892 683.9896915982763 1 12
244.51972484706494 459.78882603932453 2 1
244.519724847065 574.2498459281882 2 11
8.892834806065892 606.048980369236 1 0
245.97741815839757 897.9424863670189 2 1
246.09163472176942 332.9615938977503 2 1
246.32261301886666 709.6625694938416 2 1
246.95776208111062 3.931896749578606 2 1
247.10703592993764 171.08415476435437 2 1
247.2583798587875 462.70426232344516 2 11
247.25837985878752 571.3344096440676 2 11
247.64980628448916 893.7655593171374 2 1
249.29414701497058 459.2610585702806 2 1
8.892834806065892 734.048980369236 1 0
8.90923951814247 951.1047707790595 1 12
249.2941470149711 574.7776133972318 2 1
8.964101615137755 40.598076211353316 1 0
8.983744039302763 136.16568352367682 1 0
249.42311402449218 924.4987779907955 2 1
249.66497862184792 331.16403628482885 2 1
250.21950480767728 710.5649188642633 2 11
250.8146783067555 2.871615075513961 2 11
8.98374403930277 829.185019507433 1 0
9.439104700595875 115.79298072819162 1 12
250.82248357937348 756.8791837518885 2 11
254.69685303844403 757.8737999063026 2 1
254.9896680579132 724.161879961851 2 11
255.14575792525537 931.9134645458065 2 1
256.68623451813164 448.2988108632185 2 1
256.68623451813164 585.7398611042939 2 1
257.604372829618 755.1267417227302 2 1
9.439104700595875 808.8123167119478 1 0
257.9430220424039 726.8596012673778 2 1
9.608266251958597 956.8924963317525 1 12
255.48318232962004 734.977009800484 2 1
258.4908817905572 722.2275836044266 2 1
258.50385495086294 759.1012918365566 2 11
260.3305697976983 449.94769544684027 2 11
260.33056979769833 584.0909765206721 2 11
263.3671346505805 454.9135286528757 2 1
263.3671346505806 579.1251433146368 2 1
263.5308598448164 4.170454039287625 2 11
264.63105399762134 168.51370375094058 2 11
266.1745326537987 452.06422760673723 2 11
266.17453265379925 581.974444360775 2 1
10.666331592551382 299.0651867857817 1 0
266.2822786043276 300.5032366006882 2 1
10.666331592551382 427.0651867857817 1 0
267.5303150676209 4.236468589062866 2 1
10.666331592551382 350.9734851817306 1 0
269.74473128563574 709.0611153948661 2 1
10.666331592551382 555.0651867857817 1 0
271.8434631123116 316.4062602005706 2 11
273.6535759868282 709.9101931898648 2 1
10.666331592551382 478.9734851817306 1 12
275.0051005214115 993.9707082979901 2 1
271.57636701042884 996.0307535670714 2 1
267.9294231603966 997.6738605491976 2 1
10.666331592551382 683.0651867857817 1 0
275.0747853018906 997.9701012558488 2 11
275.6598340839468 317.60430552811897 2 11
10.666331592551382 606.9734851817306 1 12
277.3728400097318 4.569250050036191 2 1
273.6647282615499 3.0692809626896675 2 11
277.875103972749 320.9348579327159 2 1
10.666331592551382 734.9734851817306 1 12
279.0683615608488 997.7434988201043 2 11
283.05805324372886 997.4565140198838 2 11
284.917446618228 948.334382679965 2 11
10.92330022694802 40.99999759605526 1 0
285.9031478874906 164.81010744751825 2 11
285.9807655318948 994.7256253585496 2 11
286.59504254937275 32.937739141311354 2 1
288.36719122701794 975.7086421147098 2 1
288.3888056822326 29.36248896500302 2 1
288.4774315855848 939.6710844075864 2 11
289.85904942249107 782.6293360605763 2 11
289.9243991349088 995.394769592014 2 11
12.964810024516945 220.76502709431733 1 0
12.021383449390788 219.00152311151896 1 0
13.7610571488655 955.0306578108684 1 12
14.020335985732295 219.06624372225355 1 0
290.0302384371248 34.98699003194705 2 1
14.397984118260716 833.5969775814576 1 0
14.397984118260725 140.57764159770136 1 0
290.29764728418456 859.3045183043214 2 11
14.839115253664726 995.6679699763952 1 0
291.82364761529453 18.249436470177706 2 1
292.19564811584155 3.44991844868985 2 1
292.5023884419234 855.9669868172232 2 1
15.601774236568394 342.014671115531 1 12
15.601774236568394 470.014671115531 1 12
293.4658395761125 861.7463531884542 2 1
294.0335070227192 867.1468545267265 2 1
295.1507200241906 310.2287064996129 2 1
295.2522280793623 16.189136491676294 2 1
15.601774236568394 598.014671115531 1 12
15.601774236568394 726.014671115531 1 12
295.73637723986843 876.5002522390199 2 1
296.03088445195317 301.8141609584508 2 1
296.10456151763503 159.0141614787563 2 1
296.34302047121895 151.29730372524622 2 1
297.2396163323431 313.6399397390421 2 1
15.601774236568405 308.0240008519813 1 0
297.7595296865227 140.47643280643234 2 1
298.23562200704924 291.7395024024696 2 1
299.16307226608666 161.5920505379685 2 1
299.4012145373224 156.7487522733839 2 1
15.601774236568405 436.0240008519813 1 12
15.601774236568405 564.0240008519813 1 12
299.5548627412598 148.91317511454193 2 1
299.9216092171796 165.51946975341096 2 11
300.01551738280455 178.33975738308888 2 11
300.24947493725693 143.60695555005614 2 1
300.70050207852194 137.76521879984824 2 11
15.601774236568405 692.0240008519813 1 12
301.8270188654133 453.01933598375626 2 1
15.85554656258121 997.3904296694662 1 12
301.82701886541355 581.0193359837563 2 1
16.203542186296666 343.9219926234787 1 0
301.96909607072126 174.84926596924504 2 1
301.29463491829887 170.9065382137599 2 1
12.580887745683484 349.25660349492944 1 0
16.203542186296666 471.9219926234787 1 0
12.580887745683484 477.25660349492944 1 12
302.2764213170338 818.033377473021 2 1
16.203542186296666 599.9219926234787 1 0
12.580887745683484 605.2566034949294 1 12
303.3113225684088 994.9538705076104 2 11
303.35454621231014 180.54223019239447 2 1
303.6890994729365 325.5175063991904 2 1
305.67441200557795 454.11366958235135 2 1
16.203542186296666 727.9219926234787 1 12
12.580887745683484 733.2566034949294 1 0
305.6744120055782 582.1136695823513 2 11
308.2460333203519 451.0498869834388 2 1
16.203542186296673 306.1166793440336 1 0
12.580887745683532 300.782068472583 1 0
16.203542186296673 434.1166793440336 1 12
12.580887745683532 428.782068472583 1 12
16.203542186296673 562.1166793440336 1 0
308.24603332035235 579.0498869834386 2 1
308.78310429168937 925.0229174490261 2 1
12.580887745683532 556.782068472583 1 0
309.68119446612934 13.142954315792942 2 1
16.203542186296673 690.1166793440336 1 12
310.31227385754926 714.511872229016 2 11
310.4080577853954 767.3391530419747 2 11
12.580887745683532 684.782068472583 1 0
16.818438138877795 141.2091529886069 1 12
310.98583283498067 9.36169543461053 2 1
310.70415535924167 5.371625535515868 2 1
311.19335785440995 56.79956049730142 2 11
312.8148252547185 997.1082889164463 2 11
16.818438138877806 834.228488972363 1 0
313.27111580164296 717.203573243221 2 1
313.35711937709607 764.6367400964099 2 11
16.82943549077583 897.2728700582875 1 12
16.876293077563624 819.7612547792935 1 12
313.4415869899382 802.2085687508905 2 1
313.90278019843953 712.7488452252447 2 11
317.0703511709842 800.5256930815801 2 11
318.0034125818233 108.65282650241733 2 11
16.87629307756363 126.7419187955372 1 0
16.996729194275236 213.64255237997733 1 0
16.667859147511127 215.61532821426297 1 0
320.07104330133376 82.97020159709362 2 11
15.592131637145235 217.30139177280458 1 0
320.2378595061517 798.0829710452763 2 1
17.554447090499668 342.44718553785685 1 12
320.4138810255019 86.9554823017476 2 1
321.74837690528244 997.5460730033057 2 1
321.8053295495455 907.4062218149655 2 11
17.554447090499668 470.44718553785685 1 12
17.554447090499668 598.4471855378569 1 12
322.2176275193764 747.9920126725036 2 1
322.7876918307411 795.0010308906855 2 11
17.554447090499668 726.4471855378569 1 12
322.81276918458786 744.0365346485058 2 1
322.93756859995625 739.9788207592095 2 11
324.40946411803264 87.1434071555646 2 11
325.12874031892983 909.6321914593991 2 1
17.554447090499675 307.59148642965545 1 0
325.42814306721465 207.16138332712637 2 1
17.554447090499675 435.59148642965545 1 12
325.81055976846096 33.08696428945439 2 1
17.554447090499675 563.5914864296554 1 12
17.554447090499675 691.5914864296554 1 0
326.11251888234597 924.077065464447 2 1
326.1189478256808 746.2880192238873 2 11
18.77503458881498 127.37023453897433 1 12
326.16145636616125 797.1499173138221 2 1
18.775034588814982 820.3895705227305 1 0
326.9745373875579 210.85037568358499 2 1
18.994589266567008 213.7350463340625 1 12
19.322468343735082 32.78858014099294 1 0
19.479999999999997 308.37933598375616 1 0
327.2152294830553 91.21108085912331 2 11
327.7359938688698 256.081643317974 2 11
19.479999999999997 436.37933598375616 1 12
327.9990723798864 456.6651275348029 2 1
327.9990723798864 449.37354443270965 2 11
327.9990723798865 584.6651275348029 2 1
327.9990723798865 577.3735444327095 2 1
19.479999999999997 564.3793359837562 1 0
328.07899971617667 3.886004488521235 2 1
328.14361521267324 920.6311043943055 2 11
328.58089278333335 911.6527466708478 2 1
328.5370656140763 915.6525065610456 2 11
328.92823112945587 252.2634539153291 2 11
329.3316662065456 467.4966527963633 2 11
19.479999999999997 692.3793359837562 1 12
329.3316662065456 438.5420191711492 2 11
329.33166620654566 595.4966527963633 2 11
329.3316662065458 566.542019171149 2 11
20.642101664479938 128.4261566916755 1 0
20.642101664479956 821.4454926754316 1 0
329.88697964273916 248.3800531777955 2 1
330.43632623500696 989.478542828696 2 11
330.6087178347499 244.44570520358266 2 1
333.21758164905174 994.794990733251 4 10
330.97336343044753 210.9472791340329 2 1
331.0907946928453 240.47486122491912 2 1
331.4572702193233 257.54864785905613 2 11
332.02287287265415 913.6905820578993 2 11
332.2515355661916 470.23058090854926 2 11
332.2515355661916 435.8080910589633 2 1
332.25153556619165 598.2305809085492 2 11
332.25153556619176 563.8080910589631 2 11
333.47470460758683 261.3261587935896 2 1
334.1291718983842 987.9413730571756 2 11
335.13353653131816 92.95976476066946 2 11
337.7319509395359 271.09343506064073 2 11
20.942741830899504 894.6213992159797 1 0
338.55472805717153 337.6238523028094 2 11
338.9582898382716 94.13077378751295 2 11
340.99243669149445 340.795220558649 2 11
20.193059066838053 896.4755771344302 1 0
341.1773447681413 790.5024971269144 2 11
21.9607825735238 139.0737949570165 1 12
21.960782573523815 832.0931309407727 1 0
22.29441615051412 988.5756182804602 1 0
23.802868147723224 996.4001238769304 2 11
342.39989970696627 336.5217384322792 2 11
343.87971751131585 676.1868151025066 2 1
20.918883799607006 997.2263407248709 1 12
18.93969027337511 997.5140784278605 1 12
22.079079019996648 998.8554346603408 1 0
22.846571208317787 895.2341256652857 1 12
22.959700284950948 210.3939054363139 1 0
345.4724377643777 3.7741707705900644 2 1
345.5023783487627 223.29816826887117 2 11
23.686126115804083 830.9348455512124 1 12
345.5638039431492 217.5761176232865 2 11
347.27405932961466 938.1381897636679 2 11
347.92683076565106 918.5609648621587 2 11
23.686126115804086 137.91550956745633 1 0
348.8507936218707 221.10999205137475 2 11
24 1 1 12
26.470208318486986 997.7731848418659 1 0
348.88986931190055 759.5971951884732 2 11
349.19038695931886 498.9835760275253 2 1
349.19038695931886 407.0550959399874 2 11
26.725709451192024 133.95952397141065 1 12
26.72570945119206 826.9788599551669 1 12
349.19038695931886 535.0550959399873 2 11
26.914960990572045 206.56726475041748 1 12
349.1903869593189 626.9835760275253 2 1
28.17493189731899 998.8190899617379 1 0
349.3485507185643 2.786371010321602 2 11
350.166362832803 502.8626830245514 2 11
350.166362832803 403.1759889429613 2 1
28.56316614626731 134.74930425333912 1 0
350.16636283280303 630.8626830245514 2 11
350.3755678259692 935.6121958905478 2 11
28.56316614626735 827.7686402370953 1 0
351.40844506313863 523.2426169562259 2 11
28.676402268598526 4.672651434485204 1 12
351.51449498936665 995.5283370277658 2 1
348.1381626211359 997.6731866120577 2 11
29.45514945012335 830.6272755152814 1 12
29.455149450123372 137.60793953152523 1 0
351.8364972663614 931.8885303349165 2 11
30.05344805585986 3.222222222222223 1 0
352.0536743897394 966.2759904022984 2 11
352.6144655121806 758.138640031868 2 1
352.98417626865637 4.45437186749093 2 11
30.14213562373095 1 1 0
354.10548705252097 503.5578811126029 2 1
354.10548705252097 631.5578811126029 2 1
30.402530733520443 981.8152890437987 1 12
354.105487052521 402.4807908549097 2 11
30.771416866583976 964.3692527914473 1 12
355.37097653147305 523.7888260393245 2 11
30.999999999999996 24.000000000000004 1 12
358.0979932376763 283.74547415190534 2 11
358.1096315431956 526.704262323445 2 11
31.000000000000007 317.01933598375615 1 12
31.000000000000007 445.01933598375615 1 12
31.000000000000007 573.0193359837562 1 12
359.1138737114571 382.26477443451415 2 11
359.2170142789974 653.4332998871199 2 1
360.14539869937886 523.2610585702806 2 11
31.000000000000007 701.0193359837562 1 12
360.5672717957541 21.40797581651399 2 1
361.15672372571044 320.3868767394595 2 11
31.04999875854578 332.92487438210514 1 0
361.89358714194805 755.5685930304699 2 1
362.1255126117586 650.5128337065762 2 1
362.1717611981899 30.895648838735053 2 1
362.7972847204011 383.8244164893428 2 11
363.31744980657857 24.312544787769003 2 1
19.479999999999983 341.65933598375614 1 12
364.6134980474311 20.528332986431373 2 11
31.04999875854578 460.92487438210514 1 0
19.479999999999983 469.65933598375614 1 0
364.8003789328136 299.7542614896525 2 11
367.53748620253975 512.2988108632185 2 11
367.53748620253975 393.7398611042941 2 1
367.8597579598745 18.19128429612492 2 1
368.727919579838 300.5121694431476 2 1
369.4807308416529 6.985144490084767 2 11
367.0297879215377 3.8239929906565644 2 1
369.69473197827716 994.487190781224 2 1
367.5346748096114 997.8538141679567 2 1
31.0499987585458 588.9248743821051 1 12
370.9928968853114 3.2819899083252833 2 11
19.479999999999983 597.6593359837561 1 12
371.1818214821064 513.9476954468403 2 1
371.6231164412022 788.7079230630994 2 1
372.75389200682827 81.26664743703051 2 11
373.29385006844643 996.2325701018922 2 11
31.0499987585458 716.9248743821051 1 12
373.3340432511628 694.3413278397386 2 11
373.89879099047863 750.9950991343936 2 11
374.2183863349887 518.9135286528757 2 11
19.479999999999983 725.6593359837561 1 12
374.30852381750907 5.519537236648269 2 1
31.36354302692858 980.0613063266893 1 12
31.45295158824875 830.5335385593805 1 0
374.9881603715954 77.94881005792337 2 11
30.37287193410244 828.8502596339795 1 0
375.89410231964575 697.4147782730266 2 1
31.452951588248773 137.51420257562427 1 12
376.01737314069703 691.3748921495655 2 11
30.372871934102413 135.8309236502233 1 0
31.657429523574667 966.1622897602944 1 12
376.5315316880831 747.9836748170353 2 11
376.66054849768705 82.12573710780474 2 1
31.835740498185586 318.83634941785414 1 0
376.6741664026839 46.587655521876535 2 11
377.02578433820736 516.0642276067375 2 11
377.289084910321 996.4277586217173 2 11
31.835740498185586 446.83634941785414 1 12
31.835740498185586 574.8363494178541 1 12
377.9084896756385 678.1520465464096 2 11
31.835740498185586 702.8363494178541 1 0
378.11138893679276 50.32053529323936 2 1
378.1311722552018 4.341675223590187 2 11
32.14213562373095 1 1 12
32.40131209602624 204.21684552121337 1 12
32.767238760025535 964.4984618068423 1 0
32.78303645887422 327.7266754933299 1 12
379.00674075463115 674.3057698315214 2 1
32.78303645887422 455.7266754933299 1 0
32.78303645887422 583.7266754933298 1 12
379.21422860008613 670.0838803043242 2 1
379.53024379962847 775.8161970221192 2 1
380.8518360003615 47.40678343493411 2 11
32.78303645887422 711.7266754933298 1 0
33.45276308693155 830.5609970687367 1 0
381.10330872381434 727.3632530770485 2 11
33.45276308693157 137.54166108498046 1 12
382.0495884546907 3.5379249591527753 2 1
33.59746926647956 981.8152890437987 1 0
382.7514572542153 297.5492784924607 2 1
382.4632244225503 301.53888020626 2 11
37.14493547962351 998.0568004491581 1 0
382.8262696250981 673.1178307726176 2 1
383.0230443368637 279.89823794218063 2 11
384.0340132835928 287.103827644337 2 1
40.06225774829854 895.5290039756343 1 12
385.17503685842433 283.27002206740974 2 11
385.82186846746055 303.7113235725161 2 11
40.62475295574264 988.1006826543457 1 12
41.98595431838085 894.9818371763367 1 0
385.9126632923385 736.6610751503309 2 11
386.1769624440833 312.7748252106042 2 1
386.3424308979967 277.666271800464 2 1
42.85177807260084 997.2480120019028 1 12
386.37466906687706 320.04830396965593 2 11
387.9198498348931 793.82132920393 2 11
387.93783674337766 316.3663877816984 2 11
389.1789537869818 738.9700460043268 2 1
389.1947927168221 216.16563145366004 2 1
43.61779939520798 896.6416807310942 1 12
390.0181724871567 321.6990258803395 2 1
44.85174141073377 997.260121755169 1 0
390.04046635030664 995.8414340199205 2 11
390.2243669919335 743.2530964298682 2 1
390.8161898355235 654.7654390814745 2 1
43.84127238770516 998.9860859359966 1 0
46.463246739489975 12.427163003764779 1 0
390.8351944984448 791.0825766607635 2 11
394.0388367858948 995.7272680888601 2 11
47.50662009583569 14.133437319127905 1 12
394.7620998050601 654.1098519306607 2 11
396.390093624065 377.54126774916574 2 1
396.9260275167204 387.02038589200924 2 1
397.41907856358915 651.1197910823292 2 11
397.5710375581394 647.0114956415913 2 11
398.6119431606511 36.85451877581172 2 11
398.74470222309174 380.77481353442835 2 11
399.13644812627433 800.4324959571067 2 1
399.6478337309242 253.17008986532403 2 1
399.71130524075323 249.12843779428178 2 1
400.07088481441286 384.54857024816556 2 11
401.0108411561418 649.3593248149048 2 1
47.881062199502324 326.04966197964774 1 12
47.34321724744063 324.123338328871 1 12
47.881062199502324 454.04966197964774 1 12
401.219466449403 793.6835605095855 2 1
401.9727710043658 797.6119866890463 2 11
402.2922427249755 802.890332495774 2 11
402.48140029581924 35.84095995704677 2 1
403.015059496299 6.478707921323135 2 1
47.34321724744063 452.123338328871 1 12
401.5907890173394 2.740867153879438 2 11
47.88106219950235 582.0496619796477 1 0
403.54138165849537 903.464267065854 2 11
403.9139919858112 646.6076498231605 2 1
47.34321724744059 580.123338328871 1 12
404.7393164323706 921.4597665410378 2 1
47.88106219950235 710.0496619796477 1 0
405.30723058589524 911.9695985101221 2 11
47.34321724744059 708.123338328871 1 12
47.993944557605765 17.001538199929016 1 12
49.28038494095488 580.6207127624766 1 0
49.28038494095488 708.6207127624766 1 0
405.5399893167266 3.3763331209620278 2 11
406.0387812623331 906.5888462725235 2 11
406.04845299504353 996.9358935473507 2 1
406.33054182094696 245.9908838928354 2 1
49.280384940954896 324.6207127624767 1 0
406.47588367025827 900.7460511173025 2 11
49.280384940954896 452.6207127624767 1 0
406.79093498479597 241.75025301353475 2 1
406.9748212202188 205.8495851456859 2 1
407.2008765834372 343.6501386969057 2 1
407.9283756802944 347.58342549856053 2 11
49.45584412271571 1 1 12
408.50832135865005 756.6006276189075 2 11
49.939706186110634 16.538924230146353 1 0
