24 24 24 13
28 75.84592558726288 28 11
30 133.81143257202064 30 10
40 203.09346487477575 40 5
100.15384437625059 99.71688580523089 48 1
125.05201807540041 190.35948586969818 46 2
86.42770726696972 258.12498309781375 32 9
4 43.59591794226542 4 23
20 259.66200736969955 20 15
67.95542151510617 37.561744704474535 22 14
151.9931065693126 265.68662407873404 34 8
194.95318824284462 124.55806940149427 50 0
219.67284001787039 219.38917619732086 48 1
288.80233637265843 152.77752005717264 48 1
161.08630541100158 54.29403701468766 28 11
227.7208034416935 40.73514059212752 40 5
113.13183187764164 28.89618374422519 24 13
292.1626855970452 72.84812588275041 32 9
303.7510390808052 237.46834770304847 38 6
344.8860838169543 101.48801554987178 28 11
376.559096675294 191.69732248711523 48 1
349.1986359797535 39.638182131800725 34 8
412.1722879299544 82.18602767132192 42 4
6 101.76888838089432 6 22
10 287.94627861716145 10 20
258.9235370142621 277.3493589549472 22 14
283.1524487493281 23.66666970312883 18 16
444.15892362395374 148.9157447168734 32 9
464.78320980584164 224.13966923220025 46 2
2 37.856406460551014 2 24
46.49865242853459 280.9650921104529 14 18
503.60027440260296 92.4292346670431 50 0
72.25678122595926 157.31683257246894 16 17
529.9044705659431 174.30773773225872 36 7
552.0529769449041 253.2598983434866 46 2
361.88794289991426 264.2284002875944 26 12
457.80800504907944 31.773912827534645 26 12
398.70156334292994 23.7177492709745 18 16
180.36783117554296 19.248027766966942 12 19
199.8296676121964 280.2352813222892 16 17
409.8879241739526 264.2707994853257 22 14
84.680822057737 10.280597795142363 10 20
502.84967672028284 22.433259046159755 20 15
4 4.404082057734577 4 23
494.3336543050033 280.90912607214165 18 16
550.2613766004384 29.92530245727608 28 11
570.8794681933821 127.77764457276281 26 12
575.5987374208125 75.33475242815958 24 13
579.579867261574 195.48213177628514 18 16
443.33278539199756 282.3107900093175 16 17
114.75892170140392 289.1305033913052 10 20
249.04237381975483 90.3475446521343 14 18
327.0822549572883 283.94042927602027 14 18
156.83809929315257 14.520267457600546 12 19
6 160.64424830201813 6 22
6 234.07733164443508 6 22
225.63770027312262 277.0816405417681 10 20
46.51005118167218 250.64994953893074 8 21
291.7996327763504 286.0189799064075 12 19
51.712812921102035 8 8 21
4 54.67991509874616 4 23
25.730611961510288 285.02260843802196 6 22
4 111.90253027181399 4 23
64.68403374325409 289.2892681320331 6 22
178.05731180911408 180.04256597068115 8 21
65.56921938165306 6 6 22
306.3329743719558 35.44220501404778 8 21
311.3666453649062 13.470635702719749 12 19
376.0002752470877 129.6998409365605 14 18
99.4615191634277 293.8197971111652 6 22
4 177.79524359342872 4 23
136.5162848936985 139.63897141727105 6 22
152.6930846087067 87.2417811645369 6 22
342.65500721420574 137.4188142773238 8 21
400.98506756292903 136.89429386463482 12 19
2 10.143593539448982 2 24
388.70006667723396 288.2515145434457 10 20
480.289981703718 170.32944691982513 10 20
377.52700822598734 8.630065035162815 8 21
161.99303399117656 226.9567718771383 6 22
577.0466900835771 165.27384936947655 12 19
486.0972436349117 151.19111604008256 10 20
181.6124889979598 292.56955889890475 6 22
9.175671557206943 171.69504491372007 4 23
585.9589223262852 42.951630763866376 10 20
10.000000000000002 49.38841247661698 4 23
587.6289725573088 23.02147942912088 10 20
2 90.81255513435865 2 24
15.249505911485288 164.44512193756543 4 23
22.397278628176945 294.4506988538426 4 23
421.3696912410865 291.9866618211088 8 21
30.376735373145333 293.8777502914231 4 23
40.700554816047855 46.47424011699129 4 23
422.8552475733694 33.34061464965565 8 21
425.4785418069513 15.532798181484825 10 20
466.9597562034597 278.0957870111789 8 21
2 60.87929604016712 2 24
