256 256 256 12
744 410.9193338482967 256 12
32 437.01933598375615 32 0
16 384 16 1
8 346.5096679918781 8 9
16 128 16 10
32 74.98066401624382 32 11
16 482.2741699796952 16 1
16 29.725830020304777 16 10
32 527.5290039756343 32 11
32 591.5290039756343 32 0
32 655.5290039756343 32 11
1 288 1 6
32 719.5290039756343 32 0
16 764.7838379715733 16 1
32 810.0386719675124 32 0
16 855.2935059634515 16 10
32 900.5483399593905 32 11
8 165.49033200812192 8 9
16 945.8031739553296 16 1
4 320 4 3
4 192 4 3
62.7523933890614 956.6757869068904 32 11
77.25483399593901 482.2741699796952 32 0
77.25483399593901 764.7838379715733 32 11
16 977.8031739553296 16 1
77.25483399593901 855.2935059634515 32 11
4 459.6467529817257 4 3
87.42562584220406 559.5290039756343 32 11
87.42562584220406 623.5290039756343 32 11
8 559.5290039756343 8 9
87.42562584220406 687.5290039756343 32 11
108.00722738500043 911.4209529109513 32 0
48 29.725830020304794 16 10
122.50966799187802 810.0386719675124 32 11
132.6804598381431 732.7838379715733 32 11
8 623.5290039756343 8 9
149.24487872470445 670.964585089073 32 11
149.24487872470445 606.964585089073 32 0
149.24487872470445 542.964585089073 32 11
8 687.5290039756343 8 2
32.00000000000001 11.837286200306462 8 9
1 224 1 6
37.766998769168765 987.9124649583132 8 2
153.26206138093946 866.1661189150122 32 0
72.88888888888889 49.83908957405548 16 10
169.82648026750078 927.9853717975126 32 0
4 414.3919189857866 4 8
77.8630381709026 18.228049747434113 16 10
177.93529383408207 778.0386719675124 32 0
194.49971272064346 716.2194190850121 32 11
110.67803166837795 959.3465911902679 16 10
204.6705045669085 638.964585089073 32 0
204.6705045669085 574.964585089073 32 11
4 400 4 8
71.59797974644665 521.8721497261419 8 2
4 368 4 3
4 357.8233764908628 4 3
4 335.19595949289334 4 8
208.68768722314354 834.1661189150122 32 11
225.25210610970487 895.9853717975126 32 0
225.25210610970487 959.9853717975126 32 0
119.28002211018085 505.4664868963507 16 10
241.919285434711 779.4700415391625 32 0
128 16 16 10
141.76661098296628 966.9294822089065 16 1
249.92533856284754 684.2194190850121 32 0
260.6603055716757 543.9622918924952 32 11
260.6603055716756 607.9622918924952 32 11
270.50694010564393 850.7305378015735 32 0
280.6777319519089 927.9853717975126 32 11
303.7385383172114 796.0344604257238 32 0
71.59797974644665 804.38181771802 8 2
290.97579336474274 733.3199298823303 32 11
305.9151395676147 653.2171258884342 32 0
2 301.25483399593907 2 4
71.59797974644665 725.1858582251267 8 9
316.08593141387973 575.9622918924953 32 0
325.93256594784793 882.7305378015736 32 0
342.49698483440926 944.549790684074 32 11
346.96559436950986 702.3176366857524 32 0
356.126314082113 526.0346667158312 32 11
2 210.74516600406096 2 4
359.1641641594154 828.0344604257239 32 11
82.91168824543135 815.6955262170048 8 9
4 144 4 3
172.48004376546217 975.9119677621989 16 1
361.3407654098188 621.2171258884343 32 11
1 448.3330444827409 1 5
191.5297010055952 520.2490880733026 16 10
2 453.01933598375615 2 7
91.32150583601279 727.3388283795906 8 2
363.3903320974928 764.174147988662 32 0
239.9996664424594 731.5084416604617 16 10
1 425.7056274847714 1 5
387.7518188303483 899.2949566881349 32 11
270.8534628508052 974.9692385671719 16 1
401.381148078052 571.2895007117704 32 11
302.6425030568547 971.3008707041885 16 1
402.39122021171397 670.3176366857525 32 0
304.17395851357753 523.6999621238899 16 1
404.31623771690965 961.1142095706352 32 0
413.2901948265643 497.25462609330714 32 11
384 16 16 10
416.58190099256103 799.7642730022272 32 0
418.8159579396969 732.1741479886621 32 11
437.01933598375615 32 32 11
442.4316028799472 620.3900115090886 32 0
93.04707200284037 36.81420364194841 8 9
96.25499497128703 978.5292920541809 8 9
400.1991028540806 852.9369463724134 16 1
4 112 4 8
1 392 1 6
426.5708739213068 871.062334389717 16 10
430.59204121450915 920.9447914698519 16 10
458.54502882250335 542.5094600892462 32 11
85.00999697236536 989.9112962715518 8 9
97.96439164426853 516.4957161459706 8 9
101.35497155573226 23.140184297985986 8 9
111.51719678161474 983.3319159100362 8 2
464.17289925350434 687.0216522142774 32 0
439.3308209894674 456.9323519877471 16 10
464.72340703744266 841.9352985497596 32 11
467.59319615475897 951.5211636072986 32 0
448.4642060709561 894.4007578023028 16 10
112.12359520099378 656.064574701416 8 9
472.00752683476514 767.7642730022274 32 0
112.12359520099378 592.064574701416 8 2
116.85281374238566 770.4406922210658 8 2
4 97.60808101421334 4 3
482.01927602958466 77.50830029644965 32 11
499.5954836243985 591.6099708865644 32 11
515.8577703455571 131.8310055165314 32 11
458.88815157807056 482.2604158744339 16 1
517.3644681485727 722.6117772278427 32 0
461.66026228093926 434.01083258761327 16 1
520.1490328796467 809.9352985497598 32 0
520.1490328796466 873.9352985497598 32 11
478.7176596797006 904.8280558580575 16 1
482.2741699796952 16 16 1
484.1468976737349 501.90719030879745 16 10
521.59063608665 658.7514647907808 32 0
527.3948420888302 32.37452131880308 32 11
529.965258865024 937.1780191380141 32 0
506.5182761916424 544.1118136268252 16 10
536.8637821753293 192.28551293332765 32 11
561.2333364048027 86.69722653888485 32 0
117.21890544440814 480.57917934205716 8 2
565.5059741934542 764.7828027753751 32 0
506.7972890209966 979.2166344019145 16 1
4 52.3532470182743 4 3
574.7822049817182 694.341589804346 32 0
575.5746587218507 841.9352985497599 32 11
123.8498850931323 640.0599851328786 8 2
582.2393482345748 147.1517339556811 32 0
123.8498850931323 576.0599851328786 8 9
585.3908847072281 905.1780191380142 32 11
527.4906235403571 239.36145049386536 16 1
4 498.2741699796952 4 3
620.9316000356582 796.7828027753752 32 0
127.28192235910437 986.0656729340682 8 2
624.0914815159091 98.7327403705039 32 11
603.085469686137 38.278232953707644 32 0
625.8108075882417 732.9690633953733 32 11
129.86073253229094 944.923554493177 8 9
635.2525743484088 865.0555577712613 32 0
136.5763398319518 772.5936623755297 8 2
645.0688003337862 928.2982783595156 32 0
665.9436147972434 50.3137467853267 32 11
673.3488591333972 690.118933228825 32 0
678.6355232255111 769.1014507762484 32 11
547.0892238161363 598.5630020672598 16 10
686.9496266270155 110.76825420212299 32 0
694.9304899749668 888.1758169927627 32 0
568.081905248696 646.8115363277543 16 10
704.7467159603442 951.4185375810171 32 11
708.601066230381 825.6528984360855 32 0
575.5666156061243 952.1618859076735 16 1
4 13.725830020304777 4 8
556.015030729238 977.4943853659172 16 10
726.1735747706666 726.2513206097001 32 0
728.8017599083498 62.349260616945784 32 11
587.7294112398756 981.7603048244265 16 10
142.52859114471008 990.9173830389731 8 9
749.8077717381219 122.80376803374207 32 11
4 742.1564209736038 4 8
599.4453701879962 653.1623683205947 16 10
615.7480830304428 966.3021668029029 16 10
754.6084056015249 911.2960762142642 32 11
4 780.7838379715733 4 8
756.1391177755365 782.8027682695372 32 11
619.8474283689507 677.8150765284357 16 1
630.2324551398875 146.3382909182037 16 10
646.1507377465424 976.2860831794371 16 10
143.19304184674561 503.42504449484534 8 2
660.3659899205853 824.1493680403763 16 1
150.62741699796953 8 8 9
768.278981856939 848.7731576575868 32 0
704.1007441207064 21.192732349141295 16 10
782.7339969930875 696.302720675455 32 11
791.6599050194562 74.38477444856487 32 11
752.1066985411017 959.2308387753098 16 10
766.9588892318128 33.22824618076038 16 10
800.0226160241754 956.3909705115925 32 0
784.7483564959142 744.2604349224182 16 10
795.9805074897066 809.5733428925 16 10
815.5901295180599 891.8736832574865 32 0
2 421.01933598375615 2 4
797.8008786434347 121.99032499626466 16 10
798.3165018319651 26.84858067081592 16 1
158.93365729172118 826.5702479203643 8 9
824.5897462100843 771.031009545381 32 0
844.4293247434189 110.59787072596512 32 0
814.4632394305578 835.6959120617574 16 1
822.5753867072576 723.0732952984179 16 1
844.8187291544193 38.74575907793391 32 11
823.5414748755827 671.0292217315086 16 10
860.9414040026401 823.7050731415468 32 11
861.0043399407105 936.9685775548148 32 11
870.4599640305582 726.4000436461057 32 0
159.0848628813232 501.5676204170005 8 9
882.3475871113887 663.5137620141941 32 0
890.7863484099628 880.3202592078649 32 0
897.588148878382 74.95885535533421 32 11
841.37092571671 980.769594048828 16 1
872.2112718194056 777.0468468637227 16 10
901.8730294877308 138.81525517683704 32 11
917.3283823583346 793.4311789104698 32 0
172.19971814191018 817.6253259241096 8 9
857.377179670726 156.8185701233283 16 1
184.7264906551578 890.8640882738019 8 2
873.2645695760706 983.3764084596119 16 10
918.0227949905602 966.0356686326687 32 11
930.8648930137517 705.2518864087633 32 11
934.716121959664 626.7233208936398 32 11
891.4471752544035 27.353304807634384 16 10
947.1733267656573 850.0463649767879 32 0
955.0318536226939 103.17623980620618 32 0
920.4021126803166 918.0946752415091 16 1
4 832.6660889654819 4 8
922.733798383641 34.07247240258736 16 10
945.31435945223 898.0103539740305 16 1
959.3167342320428 167.032639627709 32 11
914.820884415038 185.03595457420022 16 10
1 376 1 6
188.8428584711511 676.6214393385654 8 2
936.0246431143734 209.00261093299088 16 10
946.0102640743177 56.031665123421874 16 10
192.97487430204148 870.9507286058388 8 2
2 90.98066401624382 2 4
4 871.2935059634515 4 8
2 58.98066401624382 2 7
194.46940680116285 985.5279915394241 8 9
950.0061767703338 930.2437241488991 16 1
1 352.16652224137044 1 6
953.3892499718204 24.894058164561734 16 1
954.6133018176829 583.0414913337686 16 1
960.3002860216405 667.3367490824774 16 1
963.8997057127675 805.0549408237599 16 1
960.8565146311471 773.199972796139 16 1
962.6177722473884 741.2484787526795 16 10
4 923.17575695736 4 3
965.3954045137849 958.3003039379645 16 1
967.5804423104507 214.31594671165624 16 1
208.56638456071724 678.7744094930293 8 2
973.3703715214392 557.1152047479802 16 10
4 176.8040405071067 4 8
4 154.17662350913716 4 8
974.9184235422472 910.1594028814205 16 10
210.1861341946328 535.3466872421432 8 9
976.6657156624971 46.85325088539629 16 10
977.5902437648084 694.263638268558 16 1
977.647455534941 605.2547252840453 16 10
980.1420544341435 642.2308886856576 16 1
210.46405322376532 754.7603599031016 8 9
1 340.8528137423857 1 6
2 470.9604614807105 2 7
4 961.8031739553296 4 8
215.28659578434508 516.8417503337467 8 9
244.26848431335515 644.6214393385654 8 9
251.95703089148483 989.7653481641835 8 2
264.8500858561515 890.3285175480202 8 2
1 136 1 6
266.02228545451675 647.6012773958605 8 2
286.2197530267459 887.5151474924 8 9
288.7986629308566 990.9056683457303 8 2
4 993.8031739553296 4 8
288.86325751278946 693.3757539329605 8 9
300.25828531812226 613.6191461419876 8 2
304.687116264451 695.7433464248106 8 2
4 5.725830020304777 4 8
9.688537537056202 103.23307351994191 4 8
1 120 1 6
1 86.29437251522859 1 6
9.688537537056213 408.76692648005803 4 3
307.6337682273713 835.8443484429864 8 9
319.98181140768867 615.7721162964516 8 2
320.87511479474966 759.8911657968513 8 2
321.98115708922296 842.9261866822302 8 2
10.928203230275507 9.72583002030478 4 3
324.834678679669 980.4391058251605 8 2
2 41.039538519289536 2 4
330.596553815843 738.814958660829 8 2
11.23069374152493 147.4230203061437 4 3
340.31334466222495 984.4901426554628 8 9
344.85305851755663 662.3734607363826 8 2
2 543.5290039756343 2 4
346.5096679918781 8 8 2
2 511.5290039756343 2 7
11.230693741524936 364.5769796938563 4 3
354.8289821892453 566.0136228047506 8 9
1 63.66695551725906 1 6
2 607.5290039756343 2 4
2 575.5290039756343 2 4
356.1413930723304 982.1507231703429 8 9
359.71197497366575 581.2503016248643 8 2
13.815800412365572 154.99383423202877 4 8
360.67691726921817 664.7410532282328 8 9
15.833701211385318 355.5999444085078 4 8
16.112972907005776 108.00031907448815 4 8
371.9500169321322 984.6179912261698 8 9
2 671.5290039756343 2 4
16.478875689566447 404.5371146905615 4 3
378.37415497209236 727.0866156892135 8 9
386.67840729061186 707.102246376579 8 2
19.224476484405876 147.7383573633044 4 3
400.0838161851844 611.2684568006898 8 9
19.224476484405884 364.26164263669557 4 8
400.27868435976075 630.3734607363828 8 9
20.11857754191934 10.154490796041209 4 8
420.15510528990205 839.6043559721392 8 9
439.5521091720855 980.0465460031604 8 2
1 490.2741699796952 1 6
440.3190670279939 580.4458355597188 8 9
452.9750171847204 988.7543322019794 8 9
456.14292577965546 582.813428051569 8 2
2 639.5290039756343 2 7
458.4266145119949 726.6067530941475 8 9
25.46816568871759 110.38313766611685 4 8
25.468165688717665 401.6168623338831 4 8
2 735.5290039756343 2 7
2 703.5290039756343 2 7
463.26830443104126 458.6635037674523 8 2
1 474.2741699796952 1 5
468.73683383256144 991.5048114256495 8 2
1 37.72583002030478 1 6
468.8422841360712 881.7226690515456 8 2
469.4759462245666 411.31909214106923 8 9
27.517776515915124 994.1537343166577 4 3
471.6353303835269 647.7239153630328 8 2
31.6150842075194 115.50323461082516 4 8
474.3794276638551 727.8346588486074 8 9
477.12652518896743 466.6603604889764 8 2
478.4928428900519 398.10184679553845 8 9
31.615084207519462 396.49676538917475 4 8
478.8551949665121 450.754018961139 8 2
480.01169092251376 634.0917260993488 8 2
484.3156684519541 987.8579069983833 8 2
488.16217251059896 478.24545816627574 8 2
497.4183577523019 521.903898722509 8 9
33.708626757205266 472.97876582635183 4 8
33.708626757205266 755.48843381823 4 3
511.6181834070631 762.1968781077128 8 2
33.708626757205266 845.9981018101081 4 3
1 21.725830020304777 1 5
33.70862675720528 491.5695741330386 4 3
519.3095376451015 91.98021753800086 8 2
1 538.842712474619 1 5
2 753.4701294725886 2 7
519.515618744995 271.98495159337193 8 9
521.6322261758248 71.9572480798434 8 9
2 826.0386719675124 2 4
2 794.0386719675124 2 4
524.3421483639695 560.1838259707896 8 9
33.70862675720528 774.0792421249167 4 3
525.4235812075282 770.2845843073045 8 9
530.7099579034398 977.1710863289934 8 9
531.0058670431292 616.3766382741708 8 2
33.70862675720528 864.5889101167949 4 8
534.6788983250291 572.3965897956793 8 2
536.8529665042576 991.9448280801639 8 9
545.7765178455725 622.5270752401336 8 2
35.934976157211054 480.66273409470733 4 8
35.934976157211054 763.1724020865854 4 3
549.6656153292599 230.1815954208213 8 2
559.7596894519447 804.3679036552452 8 2
35.934976157211054 853.6820700784635 4 3
1 516.2152954766495 1 5
37.858154365766325 110.5008276902312 4 3
561.1305935238219 618.0268130181526 8 2
566.220752017203 22.754296880991138 8 2
559.3443366495425 8.307327936212406 8 2
1 602.842712474619 1 6
2 843.9797974644667 2 7
575.2995016301668 9.50428676635609 8 9
1 580.2152954766495 1 6
2 916.5483399593905 2 4
1 666.842712474619 1 6
37.858154365766374 401.49917230976877 4 8
576.4767323215696 186.73446071672143 8 2
2 884.5483399593905 2 7
40.45209541885557 769.7751010480769 4 8
575.4832555844672 202.7035873043854 8 2
40.45209541885557 860.284769039955 4 8
576.8969998292276 615.3027659897666 8 9
40.45209541885559 487.26543305619873 4 8
1 644.2152954766495 1 6
1 290 1 5
581.2187871145562 801.5674124662016 8 9
41.47631317947752 474.89267482242434 4 3
587.313860730764 632.4542424206229 8 9
589.8096632541849 195.57940010295292 8 2
597.8286383739752 943.1951505885237 8 2
599.8071586338334 183.0873992170297 8 2
610.3801089905844 989.6941495044057 8 9
2 934.4894654563449 2 4
612.4855807551348 173.32739857593884 8 2
2 325.65685424949237 2 4
622.03540332418 645.0574066978539 8 9
41.476313179477536 757.4023428143024 4 8
2 314.34314575050763 2 7
626.3789066109297 989.8902992003923 8 2
628.1870326160373 170.25097054008896 8 2
41.476313179477536 847.9120108061805 4 8
632.3224565352792 657.3120603539967 8 9
43.88142245808068 10.154490796041223 4 3
48.492422502470646 559.5290039756343 4 8
639.0278599285473 20.7241854528523 8 9
2 197.65685424949237 2 7
48.492422502470646 623.5290039756343 4 3
2 186.34314575050763 2 7
629.2727152215267 8.042026656137622 8 2
643.6716313253164 166.2226703014533 8 9
48.492422502470646 687.5290039756343 4 3
648.3181468952537 130.5614802858268 8 2
2 465.30360723121805 2 7
49.552981279449675 990.1687043665659 4 8
51.881275810612415 10.106051782976145 4 8
648.3188074799493 656.9703639171444 8 2
652.777812634419 12.542571884228291 8 2
653.1832628410716 153.35686811470669 8 9
57.275676907304174 992.2567590209073 4 8
665.6486321732751 729.3707676415324 8 9
59.8595879543784 9.517379262268538 4 3
61.83990871083032 920.6873530466626 4 8
2 567.5290039756343 2 4
665.8006356185018 962.506333050296 8 9
65.26882767006028 992.5877286325812 4 8
2 551.5290039756343 2 7
2 631.5290039756343 2 4
1 730.842712474619 1 6
65.55074575628123 913.6000624203294 4 3
668.6342936863425 10.404346299779988 8 9
66.2893207876601 889.5828267511116 4 8
670.0951069886191 977.9192339988923 8 2
670.3963685917965 845.9528426192619 8 9
684.0910042125628 985.6726113853482 8 2
686.2115716842037 727.9943952832385 8 9
699.1682615415448 991.027638129974 8 9
2 615.5290039756343 2 7
709.3240015973746 672.6321060524463 8 9
713.2993988086342 688.1303710202648 8 2
2 695.5290039756343 2 7
66.28932078766013 447.9848491920351 4 8
2 679.5290039756343 2 4
66.28932078766013 821.0041851757913 4 3
67.51713832190417 69.10419522770036 4 3
2 408.73506473629425 2 4
67.60475585080468 905.8682422897524 4 8
713.8653814957115 140.3578155345974 8 2
700.1154287898398 148.53942910322144 8 9
684.2589477379163 150.6776546876697 8 2
668.8329753082486 146.4303761944305 8 2
714.8250876003849 786.1400959793407 8 9
715.1380715775347 990.0452087867666 8 9
718.4733478105445 765.5031550224076 8 2
724.7335913797176 676.9384435612709 8 9
67.86436303407675 440.14142889716356 4 8
725.211872561428 862.0408238102044 8 9
728.072540506963 22.355908181014122 8 9
729.4452647147741 982.8825120506394 8 9
733.0321455910527 875.9994530316618 8 9
67.86436303407676 897.4262470459831 4 3
740.6028841161182 674.8974761322204 8 9
743.8050071104864 25.269581904858992 8 2
67.95902417233737 589.81186083272 4 3
738.4620892719136 10.188029300095101 8 2
1 708.2152954766495 1 6
2 305.25483399593907 2 7
67.95902417233737 653.81186083272 4 8
745.4340892810359 982.2846082211615 8 9
761.4070928562264 981.3555459051951 8 9
775.8428898617778 988.255383933331 8 9
779.0713540934023 12.508975079277096 8 9
763.3568178156257 9.500096621372322 8 2
784.8076406308363 142.1689217251745 8 2
69.81034877846315 921.3744375598582 4 3
73.26605212334513 992.3770130807518 4 3
73.86944313878563 892.1405103011168 4 3
800.3780691508277 145.85155063722038 8 2
2 206.74516600406096 2 7
814.8030796675333 138.92919037550823 8 9
73.86944313878564 445.4271656420298 4 3
2 106.34314575050762 2 7
813.5855142499712 154.88279606368909 8 9
2 46.69639276878192 2 7
816.1799166958424 10.82052996584854 8 9
2 503.9310242291876 2 7
819.7501222646194 991.1878884431169 8 2
82.89647064338008 517.8293656047829 4 8
82.89647064338008 800.339033596661 4 8
92.8625389889379 48.812784706673526 4 8
819.8248335624821 812.3024662197163 8 9
822.6379249295651 699.0733767783322 8 2
96.87160389615735 12.009172914060542 4 8
828.0105247666768 147.96043580197687 8 9
829.5265836860642 854.3800138555313 8 2
836.5613689508816 691.1906293775039 8 2
842.225486588533 655.9657657432457 8 2
2 747.8132752230962 2 7
92.91362663574009 5.056877177685415 4 3
843.1061247317267 862.8414596533348 8 9
852.5291485825368 690.1757335035846 8 2
96.99522975938382 990.5064391459758 4 3
873.7585334850801 11.132578795629072 8 9
2 786.4406922210658 2 4
877.221830881667 170.31634098803403 8 9
834.1295997734326 162.78095462275073 8 2
890.2178028558543 761.1797475688481 8 2
891.5397806231216 177.45751142439656 8 9
2 838.3229432149743 2 7
2 876.9503602129439 2 4
897.0945709811707 840.8208120219598 8 2
100.44512680134612 46.26241962160859 4 8
902.2679802323576 750.6539114882886 8 2
910.8466156926544 13.22313457926287 8 2
911.0131676521657 832.9295087892759 8 9
2 928.8326112068524 2 4
915.9564031113712 742.3697652386563 8 9
100.91347998827183 5.105316190750488 4 3
922.2580367105337 666.1888344980925 8 9
104.5599639182211 993.1092831878117 4 3
926.5928413200932 10.384758548890566 8 2
2 547.5290039756343 2 7
931.6962604583923 745.2432458276677 8 2
104.7396902588629 39.51284743447247 4 8
940.3544510219178 760.723379200004 8 9
1 772.7838379715733 1 6
105.28832352626826 11.80313255267404 4 3
107.09474270676932 875.4325190507235 4 3
108.47068867282901 522.2937953751344 4 8
1 756.7838379715733 1 6
948.8322977153176 229.29950684401408 8 2
965.806206670736 246.26672272562445 16 1
955.452244585037 980.1436912813081 8 9
108.75011924289471 32.59067585583925 4 3
965.7712741204793 885.4598702281361 8 2
2 611.5290039756343 2 7
108.90138087657891 4.665498730225168 4 8
968.7627408649676 718.0484925309386 8 2
110.80557975222024 868.3452284243904 4 3
111.54415478359911 844.3279927551725 4 3
971.39126440437 981.5392725934895 8 2
973.3848955481836 935.6691742045361 8 9
977.3030447308598 22.861714634905375 8 9
970.7114602141661 8.282585252144433 8 2
977.8015383565788 533.5278191260179 8 2
977.9582109523099 824.5063785708716 8 2
978.1626411911617 875.3379128028349 8 9
978.4850714720519 580.5638687699496 8 9
2 571.5290039756343 2 4
978.4986033628692 70.78315942424834 8 9
2 675.5290039756343 2 4
979.5985716052315 758.2087987133605 8 9
112.25147584721215 995.3094296025279 4 8
980.1855786546679 787.4262612781934 8 2
981.1204438604319 133.49760948845176 8 9
981.9792967995744 727.0663996732533 8 9
983.9978535538946 671.134813465062 8 9
984.554351265869 231.2831625932666 8 9
984.6654576056651 972.6064233921043 8 2
984.7995555187821 519.1393600077695 8 9
1 821.3523804664972 1 5
112.85958984674369 860.6134082938133 4 3
984.9425162021987 197.74614314681327 8 9
2 635.5290039756343 2 4
113.11919703001577 852.1714130500441 4 8
985.5050097745159 838.6147387710206 8 2
985.5957179537634 861.1693077253663 8 9
985.7644353415927 988.5686365198612 8 2
1 798.7249634685277 1 5
985.8340089186903 945.7200237352113 8 9
986.4098721811442 772.6865811562822 8 9
114.06669923993749 535.3163376991463 4 8
114.67859563102098 527.3397730998605 4 3
115.06518277440216 876.1196035639191 4 8
986.4852893081918 743.7667379435211 8 2
986.6331488830441 9.863670300875963 8 2
987.060092930021 811.347512948645 8 9
988.5036178938846 929.9443086034157 8 9
2 699.5290039756343 2 4
2 310.34314575050763 2 4
989.3167062848962 82.57165590040802 8 9
1 863.2935059634515 1 6
989.805854223312 246.39678944746566 8 9
116.7499317108053 32.535899234346346 4 3
119.12427713472464 846.8856763051778 4 8
984.3908471573878 261.4526088697353 8 9
120.23759581519312 995.7804793419565 4 8
1 847.2935059634515 1 6
2 201.65685424949237 2 4
970.715999875174 269.759145561289 8 2
984.747095308634 277.44864235478195 8 9
990.9130931382166 504.35339849775085 8 9
4.086705909865982 508.1164303946356 2 7
1 911.8620484583753 1 5
990.9168580852205 120.8473024433101 8 9
991.2294582277747 714.0113426625683 8 2
121.71494662986417 698.4945171839132 4 8
4.086705909865982 790.6260983865137 2 4
127.27149078135513 487.1324631023867 4 8
133.81761380402241 491.7311882922741 4 3
991.4469345271029 216.8439002856916 8 2
991.642434903216 541.5546231466283 8 2
141.4760890019027 489.41866636946554 4 3
142.29654817266055 900.4554397026724 4 8
1 889.2346314604058 1 6
4.086705909865982 881.1357663783918 2 7
4.8442687685280905 468.14796522784616 2 7
147.66498081038296 19.64534356779575 4 3
4.8442687685280905 750.6576332197243 2 4
4.8442687685280905 841.1673012116024 2 4
150.10062073875793 493.6125344260288 4 8
4.8442687685280905 931.6769692034806 2 4
4.844268768528101 43.85203477215382 2 4
152.2896529146723 983.9372918416475 4 3
5.615346870762465 569.2405141287061 2 7
5.615346870762465 633.2405141287061 2 7
154.50779013817353 991.6236347469386 4 8
156.89312611463117 706.1427645738399 4 8
158.22062156005288 814.5914508169251 4 3
161.04233557088705 13.960660292240942 4 3
1 171.1471862576143 1 5
5.615346870762465 697.2405141287061 2 4
161.9411254969543 4 4 3
5.615346870762468 549.8174938225625 2 4
162.3585350039027 993.161752119972 4 3
5.615346870762468 613.8174938225625 2 4
5.615346870762468 677.8174938225625 2 4
165.7373012271751 638.964585089073 4 3
165.7373012271751 574.964585089073 4 3
166.21836782623166 511.21713373120275 4 3
166.96978062580322 743.7493511798523 4 3
167.7110087397008 9.541520311708098 4 3
168.64560565113683 833.6185143075012 4 8
169.92876288076135 995.7485744742189 4 3
5.999999999999999 786.4406922210658 2 4
5.999999999999999 876.9503602129439 2 4
1 159.83347775862956 1 5
170.6982434381385 504.58910879900446 4 8
175.6688196392232 8.721004810670735 4 8
6 325.65685424949237 2 7
3.9999999999999996 329.1209558646301 2 7
177.90719569917215 995.1615397545427 4 3
178.69063698998525 504.2403319184572 4 3
6 186.34314575050763 2 7
183.31453022335762 6.366623859411002 4 3
1 953.8031739553296 1 5
4 182.87904413536987 2 4
6 503.9310242291876 2 4
185.0441587833438 539.168330713625 4 3
1 937.8031739553296 1 6
185.20390289704181 608.6817282319873 4 3
7.052098473069237 47.18752394103832 2 7
1 985.8031739553296 1 6
185.24582425464138 960.5160316587302 4 3
7.999999999999999 329.1209558646301 2 7
185.79364030572185 993.8184122595434 4 8
1 969.8031739553296 1 6
1 222 1 6
1 404 1 6
191.02905545343444 4.248582199171947 4 3
192.84002778853335 540.963999517699 4 8
205.55620757209033 990.1195978668178 4 8
8 182.87904413536987 2 4
205.78550443983815 926.2682286545983 4 8
8.239437844783208 466.03305933309787 2 7
207.7752025449124 798.1776850547844 4 3
212.69755597453144 993.7253076436789 4 3
8.239437844783208 748.542727324976 2 7
8.239437844783208 839.0523953168541 2 4
216.736823759589 744.5303867943929 4 8
8.239437844783208 929.5620633087323 2 4
9.111111111111095 783.9265347768469 2 7
1 396 1 5
9.111111111111095 874.436202768725 2 4
219.68075264856267 528.0082800297915 4 3
219.92576221802304 542.3566548573317 4 8
220.45888216142558 995.6648477491243 4 8
223.34054158156906 535.1220655878361 4 3
223.74024204141458 748.3971855181167 4 3
224.6762969764259 609.0351970220361 4 3
225.7228767857536 522.7649284384165 4 3
1 372 1 6
9.111111111111116 501.41686678496876 2 7
227.0316194858884 514.3811775853451 4 3
228.45691076551867 995.8424384248606 4 3
232.90035349963162 860.8071923127457 4 3
233.07841868338 519.6191370606766 4 3
236.29667741130004 994.2493097609747 4 3
239.39834284940133 815.3816670729861 4 8
1 364 1 5
240.53240054491656 578.1148893382733 4 8
241.74452861217551 927.9853717975126 4 8
9.317950117323287 109.22161799788776 2 7
1 361.8233764908628 1 6
242.78853024024355 822.6278129074954 4 3
247.36878291703417 816.0687515861817 4 3
254.17272411701538 745.6195874733895 4 3
1 331.19595949289334 1 6
9.700169592637547 3.8528466740973633 2 7
254.793292762095 813.0893802497092 4 3
256.12771344264564 719.6810962288027 4 8
261.90011991108526 809.416097266549 4 3
9.814668997448159 175.32430254039934 2 7
9.814668997448166 336.67569745960066 2 4
263.35737007675993 993.5113148565982 4 3
1 298.42640687119285 1 5
1 213.57359312880715 1 5
9.814668997448168 356.3436385241555 2 7
268.020239184699 804.2639967166042 4 3
269.42202950699607 812.1402257567169 4 3
271.22403760762 994.9658051312002 4 3
9.925279731654904 400.94395979874116 2 4
9.925279731654904 994.7471337540708 2 7
275.1662157796982 765.662738303716 4 8
277.1527280741463 575.9622918924952 4 8
281.67099474487907 514.7295886225779 4 8
1 148 1 6
296.6180098302726 542.2177276342117 4 3
300.7946669560431 991.2153252973862 4 3
306.3857646631787 847.7792756360515 4 8
308.7473342055735 990.3463698219757 4 8
314.96705273956906 917.0198585892338 4 3
10.884876253745436 48.331995209334224 2 7
316.6694530113488 989.2328018504621 4 8
12.017844558332982 464.72018359373715 2 7
12.017844558332982 747.2298515856153 2 4
12.017844558332982 837.7395195774934 2 4
12.017844558332982 928.2491875693715 2 4
1 140 1 6
13.66446715646725 4.386086606411025 2 4
317.3540998168863 508.6572271589704 4 3
317.651192959895 829.237442833836 4 3
320 4 4 8
1 116 1 5
1 394 1 5
13.817282298084049 995.6703433851453 2 7
321.10056433341117 534.3531313903558 4 3
324.0111316853613 992.4108129026063 4 3
325.09820492143984 506.6500310724791 4 8
327.7226326266254 6.0882876512064446 4 8
328.5082808349501 750.6318582524001 4 8
17.817073393002882 995.7112236616612 2 7
1 101.60808101421334 1 5
1 494.2741699796952 1 6
17.94569688954347 558.4882766427919 2 7
331.97927925168756 993.1239919553338 4 8
1 17.725830020304777 1 6
339.3850972909 791.0022806460115 4 8
349.53514411643164 992.1685809619412 4 8
350.145232224336 909.371611199307 4 3
1 9.725830020304777 1 6
355.59994440850807 15.83370121138539 4 3
356.6432215741057 863.9460859595474 4 3
357.29981737543284 994.094677839295 4 3
357.8233764908628 4 4 3
17.94569688954347 622.4882766427919 2 7
1 776.7838379715733 1 6
360.0334089649479 871.1922317940566 4 8
361.88935829703684 10.889687362417973 4 8
362.9416541999662 19.011640376631888 4 3
364.2078307049765 973.2663220133358 4 8
364.61366164173853 864.633170472743 4 8
1 374 1 5
365.2840796377768 994.5962315513835 4 8
17.94569688954347 686.4882766427919 2 4
21.807046576720857 995.9942678158341 2 4
365.61822440281003 560.7607900016783 4 8
366.22377512259044 491.47976430624476 4 3
24.118577541919336 5.682354841041627 2 4
368 4 4 8
372.03817148679946 861.6537991362705 4 8
1 867.2935059634515 1 6
20.41877517732522 4.1620053868227 2 7
373.41627188698595 487.97719520711814 4 8
1 180.8040405071067 1 5
16.970642730498845 2.134597527228791 2 7
1 150.17662350913716 1 6
24.246211251235323 961.8031739553296 2 7
375.50965388645454 495.69844846059334 4 3
1 468.13203435596427 1 5
376.7863056220694 933.584277475795 4 8
27.16132193569439 3.0858751946452827 2 4
1 965.8031739553296 1 5
377.73367396988857 797.1933627572112 4 3
1 957.8031739553296 1 5
379.1449986357897 857.9805161531102 4 8
382.71754583446875 989.9151906123876 4 8
1 138 1 5
376.9952633163568 995.5058509296408 4 3
389.6114346639652 993.9740447372047 4 8
390.4156348697731 537.0001799241103 4 8
391.92795658892965 34.36157684742916 4 8
27.5761406168835 964.0193802678813 2 4
391.9906771161898 529.1567596292388 4 3
394.7149972406629 833.7035227140816 4 3
397.9957572208986 534.4424963741051 4 3
398.48995912567176 29.785538964304678 4 8
27.5761406168835 959.586967642778 2 7
29.999999999999964 934.4894654563449 2 4
398.68244867720733 38.648398120749775 4 3
399.1574818362686 768.2620569362767 4 3
1 997.8031739553296 1 6
29.999999999999986 41.03953851928955 2 7
400 4 4 3
1 989.8031739553296 1 6
402.6815179314291 832.9723947611253 4 3
403.4230203061437 11.230693741524936 4 3
405.74495248604904 532.4550425400325 4 3
31.300216272990276 108.9734618230648 2 4
31.30021627299035 403.02653817693516 2 7
407.9734746202176 4.65092432797203 4 8
413.70513368074614 533.2522347048148 4 8
32.15291074383674 937.86066336348 2 7
415.50701626172554 461.32294504823767 4 3
32.744738969586095 121.39593179620131 2 7
420.1546585417314 851.6043559638232 4 3
1 1.7258300203047767 1 6
421.64482406782935 532.2717671850781 4 3
422.546641738013 542.1686855080343 4 8
32.74473896958613 390.6040682037986 2 7
422.7072010890433 890.6855867257908 4 3
423.63491382035085 902.1938347363556 4 3
426.5436471840872 697.013334304361 4 3
1 118 1 6
427.6972301465322 848.9379700978143 4 3
429.59577066024394 986.7451520848479 4 3
32.95952620820732 996.6810570674036 2 4
423.3110878923425 991.6951786006196 4 8
416.08838783182705 995.1350338062684 4 3
33.64542765118762 974.2480532813295 2 7
430.04718495376403 766.3773574836566 4 3
33.97971981707839 978.6573842920492 2 7
430.7402779883581 994.6628602744627 4 3
435.2774660608077 655.6719945368753 4 3
435.56895381307186 67.97077135062524 4 8
438.2764902787609 991.9785532290631 4 3
33.99999999999998 41.039538519289536 2 4
441.26878076886817 73.58432394002688 4 8
442.94803453828575 657.9440815141542 4 3
445.7153711991016 66.93392293363962 4 3
34.278118424997 934.4719331718097 2 4
446.2694487758511 874.5215465398915 4 8
36.19749670180093 119.37641105042258 2 7
447.5795156142244 508.2201393015861 4 3
449.15455786064103 500.37671900671455 4 8
449.4821362680636 914.374836457245 4 3
36.19749670180097 392.6235889495773 2 7
451.5198785570704 808.4440036260336 4 8
452.5409251648984 798.047129859313 4 3
36.78069624186286 997.8637064549622 2 7
38.883658907365145 395.5874601690129 2 4
38.88365890736518 116.41253983098706 2 4
1 43.86796564403573 1 5
455.15963796534993 505.6624557515808 4 8
39.065912912221656 494.2713300534115 2 7
39.065912912221656 776.7809980452896 2 4
456.99799466456096 917.115616011277 4 8
458.06073302620723 803.8377879544032 4 8
459.6467529817257 4 4 8
39.065912912221656 867.2906660371677 2 4
39.881422458080685 5.682354841041637 2 4
36.83867806430564 3.085875194645288 2 4
40.75967467988737 997.454157203057 2 7
462.2587797236158 501.9743415591994 4 8
465.7766621865235 805.9507094373224 4 8
471.24652656695724 43.15793102601151 4 3
472.66069688108024 112.2705930332813 4 8
41.88455671624884 763.9486051344535 2 4
41.88455671624884 854.4582731263316 2 4
472.8655976402032 35.32348089471461 4 3
473.46365120374645 803.7348123618485 4 3
476.7387804914 420.87164354959407 4 8
476.9800554986918 119.00432462374916 4 3
478.3859542989889 622.2023619266552 4 3
1 508.70057685088807 1 6
478.82242369020554 875.0595755897965 4 8
478.8408949419657 40.64286264032659 4 8
479.4223112012074 809.0728242609229 4 3
41.884556716248845 481.4389371425753 2 4
480.41396478082487 884.9001219710761 4 8
480.6819884389019 427.8323267834985 4 8
42.866822756724844 107.19730821103741 2 7
42.86682275672489 404.8026917889626 2 4
42.922906194251084 495.33133138472186 2 4
480.95947875578713 386.3580949459011 4 8
481.0174578849798 655.2056052487792 4 8
481.03963221747915 438.9545175353758 4 8
42.922906194251084 777.8409993766 2 7
481.1289718797491 414.18387713817793 4 8
482.7855694963678 113.50014373802355 4 3
42.922906194251084 868.3506673684782 2 4
1 492.2741699796952 1 6
483.1524828152418 801.9956906794612 4 8
483.4441361219554 645.5903486234962 4 8
43.16288727488288 469.1345963390492 2 7
484.8635326629159 379.37537605636885 4 8
485.1972657990928 35.78523466705968 4 3
486.88277531013284 459.6735455083675 4 8
43.162887274882976 751.6442643309273 2 7
488.5456884672835 922.2467197032105 4 8
1 19.725830020304777 1 5
488.84234446496447 625.9664840713718 4 3
489.9087073764164 640.8776722611733 4 8
492.15503271604405 39.73358616222555 4 3
1 750.6417023478424 1 6
492.21954902875245 633.218689896797 4 3
43.162887274882976 842.1539323228054 2 7
494.16082085054813 994.7188817285844 4 8
1 791.2102448427662 1 5
494.4934932569046 927.5968242054198 4 8
494.5861403117474 917.0014416824843 4 8
497.88381392345974 627.5692560134254 4 3
43.581224822674805 4.162005386822714 2 4
498.0876352550838 909.8084219298498 4 8
498.2741699796952 4 4 3
499.0531462759489 163.66816320812103 4 8
44.25982497219691 995.5179371919928 2 7
44.528734728303476 774.1774881210935 2 4
44.528734728303476 864.6871561129716 2 7
499.94004899228014 691.1095611618923 4 3
500.68243120978 840.2181554068454 4 3
501.77873489524666 171.18954384457035 4 3
502.0452668135142 510.83178453689516 4 8
505.51038017128707 906.8246562036277 4 8
44.52873472830353 491.66782012921533 2 4
506.9455043992745 776.4440036260337 4 8
508.65648041109733 167.1033944812705 4 8
509.1788249684056 524.2895665239747 4 8
513.4429711633633 219.625330261572 4 3
513.7464484049517 290.15799078742145 4 3
47.41444835856042 5.304982781145353 2 4
48.22811504084848 996.0206040111099 2 7
51.24113226791501 4.140298163797524 2 7
515.9606448626608 260.52361830723487 4 3
520.0370739219292 621.2434213455963 4 3
522.9257774234262 758.1796256186216 4 3
51.7777777777778 47.32493212983664 2 4
1 841.1513703397205 1 6
1 881.7199128346443 1 6
523.8183414666372 259.0214185602442 4 3
524.9179654424329 987.6807401449685 4 8
520.1510728968071 994.1054374497804 4 3
531.5665974177912 261.01253124299393 4 3
535.9339779590458 691.77067955933 4 3
536.6414553821173 841.9352985497598 4 3
52.20067902407563 995.5529124469713 2 4
541.354421937135 903.0270753074717 4 8
52.24321475464873 554.8458898961994 2 7
52.24321475464873 618.8458898961994 2 4
541.9395462369517 156.64513387823422 4 8
544.9004122026254 578.6831352739295 4 3
547.2556410138876 897.6256298149974 4 3
548.1833849805205 995.8972472321215 4 3
548.6153148885269 906.3855621019118 4 3
1 292 1 6
1 931.6610383315987 1 5
550.1762620006873 120.9571317579869 4 8
550.4939103256334 637.2898539876254 4 8
52.24321475464873 682.8458898961994 2 4
551.8182621580852 891.0542914205361 4 3
552.302445713082 731.291507851649 4 3
553.3566652992638 723.3612732356928 4 3
554.7376347026413 630.5082020198532 4 8
1 328.4852813742386 1 5
1 183.51471862576145 1 6
52.24321475464874 564.2121180550691 2 7
554.8169707453227 883.6375706620857 4 3
556.103682400922 875.7417253548787 4 8
557.9283256185396 221.4794336965466 4 3
52.24321475464874 628.2121180550691 2 7
52.24321475464874 692.2121180550691 2 7
558.312729965047 50.815893536555386 4 3
559.6973401415618 728.2393714864716 4 3
54.888888888888886 49.839089574055464 2 4
561.6220326720313 43.53245234481461 4 8
563.2411037452772 35.69800221351768 4 8
1 774.7838379715733 1 5
563.8555804822925 216.1065713513792 4 3
55.13309735652278 5.063665776971339 2 7
1 865.2935059634515 1 5
564.0974769707989 876.056762455245 4 8
565.3220921627069 606.782643899884 4 8
58.96377485280145 15.45012895250856 2 4
61.08723465113488 996.890550941726 2 7
62.751455402605465 513.0256253823007 2 7
566.2750264175567 50.04011315374604 4 3
570.2725011876158 991.5202377866609 4 3
563.6349144888012 995.9859340163343 4 8
570.5365852588691 625.4784785689018 4 8
571.5876980468494 214.05368120140267 4 8
586.8241278173084 6.160188794308989 4 8
587.3151122961973 111.51135490058769 4 8
587.7859827770327 182.72187375372536 4 3
62.751455402605465 795.5352933741789 2 4
62.751455402605465 734.0323825689678 2 7
64.69127303842917 5.960017986187444 2 4
61.38162365846467 3.713638458658627 2 4
1 955.8031739553296 1 6
57.749496731916366 2.038032899631449 2 7
588.2725182933202 619.1234438972958 4 8
590.3424341808199 726.8050965045074 4 3
582.7887882480439 729.4399462387917 4 3
1 987.8031739553296 1 5
65.19335867953959 82.3427927553677 2 7
65.19335867953961 429.65720724463233 2 7
1 967.8031739553296 1 6
65.45737556764007 533.579129604568 2 4
65.45737556764007 597.579129604568 2 7
588.8474580194767 734.6641706406265 4 3
592.7474205167823 962.4000470033933 4 8
1 220 1 6
65.45737556764007 713.4788783467005 2 7
65.45737556764007 661.579129604568 2 7
65.62751279541804 33.36873993510822 2 7
594.6366920978317 73.27277763231933 4 3
595.8684749284799 955.0339748235119 4 8
596.7800477793392 871.0270753074718 4 3
65.63006970135865 815.0405128168157 2 7
1 296.42640687119285 1 6
65.82827984943667 78.39350483119497 2 7
1 215.57359312880715 1 5
65.82827984943668 433.60649516880505 2 7
599.292914717759 633.1629493957961 4 8
597.0763529499993 625.476152017843 4 3
601.4649983657915 766.4999459182894 4 8
606.1744377107874 934.5726432136549 4 8
67.72585024844324 3.3539978104283796 2 4
1 294 1 6
607.1432505982449 634.7031528120876 4 3
609.7394009120297 941.7344193462765 4 3
609.8886612123821 831.0472669058031 4 8
610.2505783891401 700.5055566952118 4 8
611.6023759179643 185.29485232415107 4 3
68.06736060817586 75.07891324913786 2 7
69.38523347115442 996.9529552338836 2 7
69.52497275680918 815.951408084474 2 7
1 218 1 5
615.1962968569425 161.6375731616993 4 8
617.4029688603943 833.79229524282 4 3
617.5839287367465 5.326834119093661 4 8
70.8999696539858 910.8823789044972 2 4
71.4194242928638 914.8485063454839 2 4
617.744055699537 697.704164577252 4 3
618.8911648564138 657.8379506066574 4 3
620.6610511637489 897.9658517710349 4 3
622.0560822395977 180.56656298461849 4 3
2.8076734353812327 404.8557550765359 1 5
2.8076734353812327 372.8557550765359 1 5
71.70043443668075 73.40536176901159 2 4
2.8076734353812327 362.6791315673987 1 6
71.98180827041568 819.1079820593844 2 7
625.707224260112 696.9373878979833 4 8
71.9947433397719 901.7782533109518 2 4
629.1672455775316 63.09236131541049 4 3
2.8076734353812327 148.85575507653593 1 5
632.7328254781012 693.1110413995871 4 8
73.26138855772268 592.6198729275296 2 7
636.8148924146012 829.0894742722195 4 3
2.8076734353812327 116.85575507653593 1 5
637.3810889246586 668.1937072123138 4 8
637.5268947448304 994.3312856410839 4 3
73.26138855772268 656.6198729275296 2 4
638.4005567133779 698.7569977087227 4 3
639.749187352421 675.8351802271474 4 8
73.3192821440183 907.6969547450526 2 4
639.8156280512866 766.1332760921625 4 8
641.2398298677623 8.929814380683625 4 8
653.5469654162016 141.36238102951444 4 3
655.6196491518517 165.10693286961947 4 8
656.0689624727604 804.6164329021889 4 8
656.4579634058972 894.1473345289733 4 3
73.38079356125759 67.83236692403544 2 4
73.81228828670686 898.2150342093709 2 4
73.82171975460355 439.4273554384815 2 4
74.5304476497422 917.3627723761491 2 4
2.8076734353812327 102.46383609074927 1 5
657.4948372089381 85.30829146393839 4 8
659.1737969971326 135.67566261202288 4 8
662.4636081650826 160.96444267346757 4 3
662.7649276627834 987.4202061097392 4 8
74.70424396161603 924.8457182941569 2 7
77.34239505503244 67.27945318345655 2 7
2.8076734353812327 18.581585096840705 1 5
2.8076734353812327 966.6589290318656 1 5
657.0721252834581 993.0408823208325 4 8
649.6319008982265 995.9807906693025 4 3
75.84043165358781 70.9867575870254 2 7
77.55335541616584 996.5745159664409 2 4
79.12296371908965 448.3255309592944 2 4
663.5528709488524 801.7895770654899 4 8
664.7861748583744 995.160655694506 4 8
2.8076734353812327 998.6589290318656 1 6
2.807673435381234 395.1442449234641 1 6
79.1229637190897 889.2421449838523 2 7
669.9490112520627 806.5947190219412 4 8
2.807673435381234 139.14424492346407 1 5
2.807673435381234 493.4184149031593 1 6
670.0313606913851 158.37038760453746 4 3
2.807673435381234 775.9280828950374 1 6
79.81807455107717 730.8805962702774 2 4
670.5447604886198 857.9519250777233 4 3
2.807673435381234 866.4377508869155 1 6
670.8113525977275 989.8978396033621 4 8
80.60305248158222 526.2205592094953 2 7
676.7992120337098 995.2030765796825 4 8
677.806590597294 805.0919060484157 4 8
81.08407031838044 65.86528691895663 2 7
678.0536801332321 855.1921921611614 4 8
678.8467592033555 16.705580152274294 4 3
83.01911578019227 447.41999293316644 2 7
680.3389667903069 921.0861109925363 4 8
2.807673435381234 956.9474188787937 1 6
680.5378959213001 8.886369411974513 4 3
692.025390688638 75.12787514702957 4 3
711.5640661690452 152.13507955334345 4 3
83.36194488770406 721.2852848297217 2 7
2.807673435381234 988.9474188787937 1 5
716.1358790324553 917.2675937504747 4 3
719.4779435762863 150.96437703640814 4 8
81.62621491030556 724.8890663777016 2 7
720.3529823200445 97.34380529555747 4 3
721.8972865600522 12.066776114063005 4 3
4.23606797749979 545.5290039756343 1 6
83.76188324828969 523.7666260019074 2 4
85.07047355322115 805.9313239457043 2 4
716.8969333743585 5.822060906919981 4 3
87.30137119251165 521.9032889168078 2 7
87.31183725363263 2.9074689524968598 2 4
87.92517298928446 514.5564230882856 2 4
724.8051919759902 4.613985623786318 4 3
725.1076318459078 690.2671051023258 4 3
726.2957373472035 994.4618245242245 4 3
4.23606797749979 609.5290039756343 1 5
727.4775730623128 151.04137110303415 4 3
732.1119932709611 686.4020150610428 4 3
734.2736859813748 993.8682458937761 4 3
734.3358037074786 971.9242900981128 4 3
737.6850748802218 692.1414193312193 4 8
87.92517298928446 797.0660910801637 2 4
4.23606797749979 573.5290039756343 1 5
742.273682660047 993.8609560904167 4 8
743.4123177997178 816.4781088376071 4 8
743.4187308186158 686.5624239395632 4 3
744.9338830715404 695.5259104015977 4 8
745.0172471088581 876.5972336000134 4 3
749.5643923988227 14.742023731165784 4 3
749.9595786761281 6.751790455082445 4 8
750.2521855355777 993.2748742999228 4 3
751.8815996458598 670.7998455974896 4 8
754.8835357997444 87.16338897864865 4 8
755.7293207720452 746.8051007559894 4 3
758.244807897813 992.9313808142542 4 3
759.5387739178569 739.7703252279526 4 8
4.23606797749979 673.5290039756343 1 5
4.23606797749979 637.5290039756343 1 6
761.7005629082519 732.0679445335824 4 8
763.6893880157589 747.6034299334319 4 8
765.9570733907848 995.0576359649631 4 3
769.3488141794901 729.7218301945097 4 8
88.10233639829876 803.3221463571455 2 7
4.23606797749979 701.5290039756343 1 5
774.7695030816925 148.74431483467524 4 8
4.23606797749979 312.34314575050763 1 5
776.2232116107891 812.6796686244396 4 3
89.20845260523448 823.464101285646 2 4
777.5554810561738 883.5574438024338 4 3
786.9248729889298 764.1416515842734 4 3
787.6826358032872 990.2099723914247 4 8
90.33853742818076 54.25607563416357 2 7
788.936199085597 922.1405492081399 4 8
88.9322072335246 58.000703170194136 2 7
790.378771930226 8.49122672186573 4 8
4.23606797749979 199.65685424949237 1 5
4.439879506462319 203.4024166213236 1 5
4.806119121101468 404.9345893408261 1 5
90.92464057917974 523.5979626174458 2 4
790.5342027450218 152.71437033357304 4 8
91.64266546712673 795.589524225197 2 7
791.3902874321868 790.1072215576387 4 8
795.4561254022719 992.1001732946296 4 8
797.7182644685267 729.0360634351625 4 3
798.2083743547801 6.8488729617348305 4 3
93.41857390384818 995.3238588797195 2 7
93.50384879166687 942.1724083135568 2 4
800.1344484251555 664.7872595498386 4 3
802.6473825184543 735.337158201144 4 8
94.27132144560227 525.7887905838369 2 4
94.32074926550406 54.63288975635406 2 4
94.56536636381128 968.6730678700017 2 4
94.99436118668753 945.8843313731434 2 4
4.806119121101468 362.7579658316889 1 6
4.806119121101469 148.9345893408261 1 5
803.041306910501 858.1316167652869 4 8
4.806119121101471 998.7377632961557 1 5
95.79395525734452 736.2829435495573 2 4
97.24132423756903 996.5013901472607 2 7
803.4551207109803 992.2269567764502 4 8
805.8962743078813 4.6361383840897155 4 8
810.5250591720815 855.3043473958617 4 8
97.95646758642656 719.8570316321144 2 4
821.3738265142055 927.4060466612453 4 8
827.3765161928364 78.89295437948687 4 3
98.07953031955381 51.776397612617615 2 7
827.4232811348204 70.26398219087974 4 8
98.2088935438114 526.4927266401694 2 4
827.5987510120029 7.13132641222408 4 3
98.56625786447486 944.0838997240071 2 7
832.5982723581076 705.766020434073 4 3
834.1366137413918 74.6149780899293 4 3
835.0058636091605 4.108962606685675 4 3
839.8966777133901 146.31138512739545 4 8
839.9841514040311 702.6921319001491 4 8
841.326629468454 680.177351382299 4 3
842.136417832838 74.67096468189544 4 3
843.2979601536944 667.9177446778 4 8
846.9570048037871 874.2067895064719 4 8
847.2935013007526 674.8485203156464 4 8
849.917923002132 902.7181562513622 4 3
4.907334498724069 747.0734062397424 1 6
850.0841807600442 881.5702649453259 4 8
850.1273542144116 75.05166895773539 4 8
4.907334498724069 837.5830742316206 1 6
99.01289709758768 738.657477910044 2 4
851.4652840316085 894.8692280541841 4 3
100.71667987226779 506.88192867640294 2 7
853.2448108407293 869.2607309502281 4 8
4.907334498724069 928.0927422234987 1 5
100.97976933886265 997.9240736062964 2 4
854.5168228976734 859.1271673431281 4 3
855.1452615584617 887.7658650899357 4 8
856.3401922423463 994.0331177014801 4 3
857.1196539792801 176.8169120675557 4 8
4.90733449872408 107.08301473386129 1 5
857.4889747281065 900.1337461131258 4 8
857.6663502385683 72.3751901239408 4 8
859.0259917813245 760.5360111672373 4 3
862.3803562175999 7.319826237463435 4 8
855.0064373184957 4.217356242534592 4 3
864.2684051590865 180.40792258956998 4 3
101.68030135898411 718.3965310212418 2 7
101.76898463918943 986.8717088468295 2 7
871.303292760044 184.21716876721382 4 8
878.2176565335363 188.24104421357347 4 3
102.10734533809367 525.5971410174301 2 7
880.192700858783 106.47707846828004 4 3
885.004950336346 192.47573934242754 4 3
885.4156450100761 8.284465228054195 4 3
102.15741525609195 656.8863151140989 2 4
102.15741525609195 592.8863151140989 2 4
887.3103142573287 627.857467488894 4 8
102.32877903327223 33.09265630230166 2 4
890.4932816789672 916.3190662977003 4 3
105.59328680677518 527.558827046571 2 7
891.6587483281864 196.91724497495582 4 8
891.8529590503713 990.7569082226163 4 3
892.609199419143 698.0202731801371 4 8
893.3715957427358 7.446104959737975 4 3
4.7262969437356 105.0912252360268 1 5
893.8703547984522 189.22902041913812 4 3
4.907334498724083 315.0830147338613 1 6
893.9167045620636 623.3457486211562 4 8
106.36553408747409 45.28836748421404 2 4
108.00628939854448 779.2872165649069 2 4
894.3255261667193 923.3414520878782 4 3
108.57238193406678 532.905429707868 2 7
896.512279976644 931.0367823455592 4 3
896.5744463142586 828.8320893906338 4 8
897.111157239439 630.6802882857847 4 3
4.907334498724084 196.9169852661387 1 6
108.90898835746214 16.58756419918712 2 4
109.63437714071705 42.98301174306145 2 4
897.9587201561717 995.926016590497 4 3
898.1727510553375 201.56135613541147 4 8
4.907334498724084 464.56373824786436 1 6
6.675585747445468 404.2238893105841 1 5
5.041900533673878 406.9206424935603 1 6
110.11431638219948 473.5417924508066 2 7
898.4507183648459 915.4949295431314 4 8
901.2445284884614 6.025918358870898 4 3
904.2501363118967 738.8187495850299 4 3
108.86135552971741 469.74309674015177 2 4
904.3284178076509 932.7420651393217 4 3
904.5407914146255 206.4036760321634 4 3
906.6918074805701 848.0244952170063 4 3
910.7568404921008 211.43962022033887 4 8
913.7431702092963 754.1638993790319 4 3
6.675585747445468 362.04726580144694 1 6
6.6755857474454885 998.0270632659137 1 5
915.5348764095431 205.02320589677538 4 3
916.1860067665394 105.78286680699148 4 3
916.8150132708853 216.6644209421266 4 8
921.6480772798759 752.934084675306 4 3
110.41071050790767 489.80330357680225 2 7
6.931215324812389 107.40406551440401 1 5
922.0535449571598 898.1629725687568 4 8
7.338115597722501 2.0033329744709247 1 5
925.2220112130807 890.8171695775862 4 8
110.61451630131403 38.293659601963505 2 7
7.796223387612974 188.7459735724275 1 5
926.6899509108229 882.9530006422319 4 3
928.1722469378573 227.3966282833968 4 8
928.4524414603994 759.192964747144 4 8
110.62485616824809 26.89108275977383 2 7
110.71220956357907 758.7337123426396 2 7
111.3504824806548 22.840582312421752 2 7
931.6817547677463 590.8514291712256 4 8
7.796223387612976 323.2540264275725 1 6
933.4291248570584 71.57884930564406 4 8
933.7312489819367 233.14967063279084 4 8
112.86029848992038 646.0917482081852 2 7
933.7427579166282 662.7101596328195 4 8
112.86029848992038 582.0917482081852 2 4
937.3643679337408 669.8434576697691 4 8
937.636405603095 134.69446291915202 4 8
112.91979907977532 470.690605534169 2 4
938.5413932592811 11.494761502277463 4 3
113.69246556390706 665.9407402419672 2 4
939.110623808045 239.07101562191554 4 3
8.116958654198188 360.6607434815115 1 6
8.42715668930132 156.500474547473 1 6
113.69246556390706 601.9407402419672 2 7
942.1907757400427 739.423868798878 4 3
114.6116379335025 38.14194059362546 2 7
943.080728607798 749.0371732064094 4 8
944.3052785169386 245.15505724368063 4 3
116.15480364992482 865.6275449085581 2 7
944.9806521538482 6.747557600111519 4 3
8.814668997448155 333.8472703348545 1 6
946.4688402290604 988.0997233436506 4 8
940.893705660897 993.8371334341765 4 3
948.6500158353034 995.7966365544598 4 3
952.7652866992908 4.903793788257602 4 3
955.7652214232583 992.1396091494304 4 8
959.3170259198259 265.1847176823322 4 8
116.6742582888028 869.5936723495448 2 4
116.68629150101523 2 2 4
962.1219223400743 67.88132621256179 4 3
963.6336263248218 990.694547107492 4 3
8.81466899744816 178.15272966514553 1 6
969.6207079129125 281.70905499682056 4 8
970.6111473837593 623.976113256138 4 3
980.077279044325 292.75200198780357 8 9
971.1119962913663 993.5360225417488 4 3
116.70989601908225 647.1783018715957 2 7
116.70989601908225 583.1783018715957 2 7
8.90923951814247 743.1047707790595 1 6
976.7755792037889 890.2458152375829 4 3
986.8020794979917 307.27016505543594 8 2
988.4739396639155 887.5721730504259 8 9
982.9906671753333 799.0938007956422 4 3
8.14482465732559 744.952923889752 1 5
985.2602870281042 960.6211750443143 4 8
117.24957733571091 856.5234193150127 2 7
986.8128622577464 571.9239671136979 4 3
118.05532070734557 975.7653489519114 2 4
118.57411613995731 862.4421207491135 2 4
8.90923951814247 833.6144387709377 1 6
986.9657734968715 143.97769161796586 4 8
119.06712228264587 852.9602002134318 2 7
987.1002431931706 29.79099326186899 4 3
8.14482465732559 835.4625918816301 1 6
987.3073752748593 319.2595218429321 4 3
987.8577757010099 588.0573603083764 4 8
987.9380811182348 63.37395840754229 4 8
988.9315850581754 660.1959701329878 4 8
989.2342244833134 21.578379248249938 4 8
8.90923951814247 924.1241067628158 1 6
8.14482465732559 925.9722598735083 1 6
119.23834247229854 943.5124167899311 2 4
8.909239518142503 460.5951027871814 1 5
8.144824657325627 462.4432558978739 1 5
989.5041200999872 186.64696435378175 4 3
989.6184234780593 827.341769876204 4 8
989.6516472935407 849.8755290312916 4 8
989.7008220041189 794.7379056897282 4 3
989.7996705973546 872.4088264948884 4 3
119.2609067682816 523.4664767464508 2 7
119.78528164568122 872.10793838021 2 4
119.82568541734997 649.6866591877775 2 4
119.82568541734997 585.6866591877775 2 7
8.909239518142506 51.40489721281857 1 5
989.9838408143422 94.55309702907117 4 8
8.972848444771735 497.753806313274 1 6
119.95907795755504 879.5908842982178 2 4
8.972848444771735 780.2634743051522 1 6
120.68793991907295 630.5730413301442 2 7
990.0121683105381 326.78840586608874 4 8
990.3927603497436 579.0782895589693 4 8
990.5816202135981 108.85198604192117 4 8
990.6934521431017 529.5922056768604 4 8
120.68793991907295 566.5730413301442 2 7
8.972848444771735 870.7731422970303 1 6
990.9179883120169 492.35339949619816 4 3
121.0556955435627 692.5308448249376 2 7
990.9670252823702 287.71082882365005 4 3
991.0975483196444 761.6400571590902 4 3
121.28502617409339 626.6178563782025 2 7
121.28502617409339 562.6178563782025 2 7
991.130259638299 70.70948812911253 4 8
991.3746792895927 150.6531354017835 4 8
991.537457097705 783.535907076516 4 3
121.37523315957921 977.9965327877941 2 7
8.972848444771735 961.2828102889084 1 5
991.5412888417441 565.4709072162738 4 3
121.49918601118706 973.7307011275947 2 4
991.5555791530716 296.2518057842397 4 8
991.6175582584012 899.1530910681137 4 3
8.972848444771737 112.5203636664212 1 6
991.8335328539707 680.2233848547997 4 3
991.8588160781832 956.0979666282379 4 3
992.2539554809262 137.97476472323194 4 8
122.71241113780872 33.2058537720286 2 4
992.2636618030186 733.2495895034244 4 8
992.484050417639 334.3969404719504 4 8
9.608266251958595 45.617171660125585 1 5
992.9524929967254 35.24545677689895 4 8
992.9553237563553 918.8005967032433 4 8
124.3777977150287 843.9873109879132 2 7
992.9716090952465 753.8626606660889 4 3
125.01021245896176 976.3271240622088 2 7
993.036013418411 553.4734292496735 4 8
993.0386262349303 964.0104913829566 4 3
9.684191854738351 152.1778422706515 1 5
125.07290854701618 776.1354302662164 2 4
993.0905020212975 179.49588997894145 4 8
7.1200707372909235 150.2695582941323 1 5
126.23318398374114 996.0105282784178 2 4
10.127579631676957 744.6908500229035 1 5
993.3064710698117 484.718273425483 4 3
993.5110257937428 269.2514768414973 4 8
127.16360129079078 479.5289295989261 2 4
127.5634043391182 697.1545386680156 2 7
128.0850931329693 954.764647152205 2 7
10.127579631676957 835.2005180147817 1 6
128.61677888364306 766.5401188256609 2 7
993.5110604608185 57.63445483605334 4 8
10.127579631676957 925.7101860066598 1 6
993.7809131454524 593.4347614292008 4 3
993.8567734517885 101.55312508514372 4 3
994.1380948798799 979.9731827251595 4 3
126.88104890624456 770.1439003736408 2 7
10.127579631676994 462.1811820310254 1 5
10.814668997448155 333.84727033485444 1 6
994.2004766844102 158.13744359181968 4 8
130.21465443928173 995.6259596738004 2 7
994.3422502963853 820.8853420565451 4 8
9.814668997448106 332.1152195272856 1 5
130.64454617544402 481.4994682841616 2 4
994.3470708531007 205.19962232221837 4 8
10.81466899744816 178.15272966514553 1 6
994.4799607072825 725.5627163311287 4 8
132.28676496639133 935.222298562696 2 7
133.115317826296 485.7724316803903 2 4
994.5952031439199 906.57829348527 4 3
994.710693878066 665.7278686540982 4 8
133.38214173276725 637.037389666043 2 4
994.7206813527466 342.07792231414476 4 3
994.730869979114 316.2776220498636 4 8
9.81466899744816 179.8847804727144 1 5
133.38214173276725 573.037389666043 2 4
994.7500720629794 27.450028020213047 4 8
134.14509059466315 996.3687056791553 2 4
134.91405003420962 932.2061133607531 2 7
135.89478267467572 936.9492056872126 2 4
995.0090435579534 171.72934645095384 4 3
995.1211869337413 572.6252296615452 4 8
995.2692678456127 655.3139852000102 4 8
136.21745117139614 511.5593923441892 2 7
10.839459457075083 498.47197295740887 1 6
995.3798262864459 585.3336211523371 4 3
10.839459457075083 780.981640949287 1 5
995.4589240325107 477.0132785362332 4 8
10.839459457075083 871.4913089411651 1 6
136.61038510736861 639.3992628028441 2 4
136.61038510736861 575.3992628028441 2 7
137.0901409853234 485.3243459135335 2 7
995.4667010917271 191.9805961293116 4 3
995.5148096116391 256.95178013311255 4 8
995.6007314189424 877.917700549016 4 8
995.6288770027294 235.90429662114514 4 8
139.31370849898477 2 2 7
139.81447754844166 943.9628463411063 2 4
995.6506924344703 702.8555061592152 4 3
11.355191141728177 997.3844341463929 1 5
139.39469710943843 947.9407584043664 2 4
141.04878925328353 781.5377775454964 2 4
9.379785947101318 997.6971229965958 1 6
11.49752719225013 404.1056437781184 1 5
995.7898362102761 832.432316496031 4 3
141.6372970863591 906.4191120616481 2 7
143.2113015823656 765.1118656280535 2 4
144.2677310935267 783.9123119059831 2 4
146.93513535492315 763.6513650171809 2 4
11.980408558795082 1.9033569313141872 1 6
147.96172828578852 832.5818001176859 2 7
995.8080222044748 844.7668062989426 4 3
995.848914106746 854.9345688656816 4 8
995.9299388447367 867.2688059487098 4 3
995.9537222757513 523.5648050653567 4 3
148.2602205316362 899.796188616371 2 4
995.9877062633791 939.324522954783 4 8
12.16986257420347 173.4660605712224 1 6
150.88661798220804 996.407682428229 2 7
12.169862574203478 338.53393942877756 1 5
12.427765444169891 111.37955655591183 1 6
12.77749663606252 498.9659485568694 1 5
151.46957162467172 509.03744637239316 2 4
153.31693455129536 17.631536498936825 2 7
154.69828517860947 997.6206099544553 2 4
155.9670435595181 803.9885463385787 2 7
156.44605159449628 807.9597616818239 2 4
12.77749663606252 781.4756165487476 1 5
157.69551783507393 986.5404868905002 2 4
158.37952604862983 960.0004813414619 2 4
158.68794826706431 997.9079920009036 2 7
159.3040341059094 711.6370818797106 2 4
160.362224844609 807.1451531408047 2 4
12.77749663606252 871.9852845406257 1 6
12.916762788125345 400.7180635330564 1 5
161.72819233420046 702.5900002061426 2 4
162.2187051464418 961.1232920356234 2 4
163.75382491819443 812.2711791523454 2 4
12.97969602167159 998.5510462906122 1 6
166.31052953950174 737.7856788208767 2 7
13.761057148865572 47.47901018100961 1 5
13.915137126379163 1.3965775219317083 1 6
14.686000734399894 103.07382029016219 1 6
167.59797974644667 2 2 7
14.760135937734205 499.22889607913726 1 6
12.454875554283582 500.93975595314487 1 5
168.68750804273378 498.77670553043663 2 7
168.8780864392304 827.6230199422993 2 4
169.48809347935318 643.6476991685079 2 4
169.48809347935318 634.2814710096382 2 7
169.48809347935318 579.6476991685079 2 7
14.760135937734205 781.7385640710154 1 6
169.48809347935318 570.2814710096382 2 4
169.8980552010423 515.9563215122112 2 4
12.454875554283582 783.449423945023 1 6
171.23123208023404 4.682711030334214 2 7
14.760135937734205 872.2482320628935 1 5
172.05911295532212 512.5903403205425 2 4
172.55504177120096 838.1700315515791 2 7
172.59482823938734 829.1014753494611 2 4
172.64191366627327 894.1021409188453 2 7
172.81823833505723 742.4093726639547 2 7
172.92706734832402 518.5688079545912 2 7
12.454875554283582 873.9590919369011 1 6
14.960090655866592 465.3060060084229 1 5
14.960090655866592 747.815674000301 1 5
14.960090655866592 838.3253419921791 1 5
174.3760907184917 509.32972472759417 2 7
174.54708592938664 834.7013487941281 2 4
174.75558924134222 2.7909111992354014 2 7
178.7434902369266 2.480032365254643 2 7
14.960090655866592 928.8350099840573 1 6
14.976461468909418 998.4373460324018 1 5
179.99633412730992 685.4679636824065 2 4
180.43111954022456 811.9469431420291 2 4
15.01218622995844 159.84859076304684 1 6
15.109333716530141 361.4216426366956 1 6
182.70225429234452 664.9144594601393 2 7
13.562407997483522 360.1539593877126 1 6
182.70225429234452 600.9144594601393 2 7
182.70225429234452 549.0147107180068 2 4
183.1812623273227 545.0434953747615 2 7
183.9047502424748 880.8979083289001 2 7
11.642407997483518 359.5939593877126 1 6
9.653794640050757 359.38084694171283 1 6
186.71943694857953 860.1159932860785 2 4
187.09743557743545 545.8581039157807 2 7
15.124337220088774 7.0069222360035575 1 6
15.432109657056241 11.897195235740266 1 6
187.54361845427567 966.0586070363075 2 7
187.60941166853968 879.3894376734921 2 4
16.015153443037125 350.60323798450924 1 5
188.99793255490897 899.9059234911153 2 4
189.1502504079666 955.9602159893655 2 7
189.34775580911185 969.6286334234488 2 7
16.085003057411527 161.5365078388339 1 6
16.447220002448606 5.506928521304759 1 5
16.81914357678116 158.9913246743886 1 6
16.82943549077583 561.2728700582875 1 6
16.82943549077583 625.2728700582875 1 5
190.31891972969373 973.5089479260839 2 4
16.82943549077583 689.2728700582875 1 6
190.51672430744367 963.3826695209948 2 7
191.134994784742 607.7750038970006 2 7
191.14610962157772 959.4267049911429 2 4
191.34593368778755 880.8171642578477 2 7
191.65023254633303 995.1223782587983 2 7
18.145566017297377 157.4944601149528 1 5
193.32589833909088 884.2927562908098 2 7
18.779225961024512 155.59749541424915 1 5
193.75697263212948 975.5534019461228 2 4
18.618737816966227 153.60394492439025 1 5
19.653833492520736 998.0832085555463 1 6
195.63598278390378 995.4597134685002 2 7
197.0001655293157 4.836667619590953 2 4
197.0629532757816 682.3161773837161 2 7
17.754778711882786 998.7105768207114 1 5
197.5286048312696 537.2200383381024 2 4
198.8184845032458 541.4719909647821 2 7
199.435080864236 994.20797316955 2 7
200.6068236124085 672.7208659431604 2 7
198.87109363501003 676.3246474911404 2 4
19.759769581459697 111.42097310773849 1 6
200.6671790440805 752.7550528674022 2 7
19.828064401954364 1.2207368203941322 1 5
20.156668217395776 358.1123051041375 1 6
197.54047226444717 750.2603174677666 2 7
200.90114458053012 3.9521550747470986 2 7
20.629353315530224 400.3575391755603 1 5
202.38878283133354 867.5775511420635 2 4
20.942741830899504 558.6213992159797 1 5
203.28385583514086 934.0354974264465 2 4
20.193059066838053 560.4755771344302 1 6
204.81536775299193 3.128227313251606 2 4
205.60606623005796 509.03053459847627 2 4
20.942741830899504 622.6213992159797 1 6
207.11122873126163 995.9145878749653 2 4
208.74189418421153 2.3650823827607357 2 4
208.76238809633355 525.4485587802784 2 7
20.193059066838053 624.4755771344302 1 6
208.81434983692154 792.2683557438127 2 7
209.20114921095782 764.6802930407006 2 4
20.942741830899504 686.6213992159797 1 5
211.08786882522347 929.0762407494079 2 4
213.03883398204897 687.7185246629961 2 7
20.193059066838053 688.4755771344302 1 6
213.31488003869134 800.4824569013929 2 4
21.317774260069683 405.79610659855047 1 6
215.201346311131 671.2926127455531 2 7
216.25777582229213 690.0930590234827 2 4
218.76239406218127 608.022402708817 2 4
218.92518008368856 669.8321121346805 2 7
219.53604525164354 739.2233764271127 2 4
222.06444503715505 736.1238289561703 2 4
222.24966093654803 742.1621329523526 2 4
223.74897805353794 603.1072901726285 2 7
223.85309118562347 546.8927420677198 2 7
225.4873741363519 529.5192885994379 2 7
21.445306766829535 998.9723786784347 1 6
21.808036528581198 1.5030670840585292 1 5
225.6774102487667 540.648279918847 2 7
226.92212039987518 600.6718913038842 2 7
22.293007727763076 106.52070683528154 1 5
22.294416150514124 368.20821969111313 1 6
22.294416150514145 143.79178030888687 1 5
227.01719074853395 549.3398779356254 2 4
22.846571208317787 559.2341256652857 1 5
227.95708828828353 710.1692934560783 2 4
228.43609632326172 714.1405087993236 2 7
22.846571208317787 623.2341256652857 1 6
228.5318661037089 532.1137189146899 2 4
229.2564626813871 528.179896371715 2 4
229.70415113030197 747.7400794540094 2 4
232.27972781685244 715.2479820231432 2 4
232.86094557531896 512.9602773977558 2 7
235.31126149090986 855.312875006875 2 4
235.42195996951398 653.4679636824067 2 4
22.846571208317787 687.2341256652857 1 5
23.005905097666897 14.236566197821638 1 5
23.397553289978912 998.5379439735005 1 5
236.84748711173006 513.2881288556948 2 4
23.59555697944935 366.68932781106446 1 5
237.73541971920088 864.359956680443 2 4
238.2308618022321 569.5145922232554 2 4
238.2308618022321 633.5145922232555 2 7
23.595556979449363 145.31067218893554 1 5
240.76197439647137 990.2416766896695 2 7
240.83863234092124 513.554135922346 2 7
238.61269084901963 516.8775655476925 2 7
20.764418714252002 152.49530784956545 1 5
241.2345820070215 572.1561192307531 2 7
24.10549561412392 369.05674262921843 1 6
242.2292605322498 828.6016908267134 2 7
242.28864130752436 993.9388767306053 2 4
241.15221315358872 997.774047007261 2 7
24.10549561412394 142.94325737078157 1 5
24.18847349092265 2.6831691921841023 1 6
244.83342191063497 513.7582346575452 2 4
27.444444444444393 469.703382758601 1 6
245.05094365486224 574.1673878292727 2 4
27.444444444444393 752.2130507504792 1 6
245.08183540196276 997.0270068576815 2 4
27.444444444444393 842.7227187423573 1 6
245.4953208643536 932.6684858769474 2 7
27.444444444444407 494.84495720078945 1 5
27.444444444444407 777.3546251926675 1 5
27.444444444444407 867.8642931845457 1 6
245.4953208643536 923.3022577180777 2 7
248.48617835743798 576.2165736525252 2 7
28.556861728638776 989.2628957463613 1 6
248.74528332440056 821.9087213316959 2 4
252.11004519741005 819.7457655905996 2 7
28.841599384851914 493.41388834413203 1 6
252.48857911798567 650.3161773837161 2 7
252.8759535143528 979.807658612225 2 4
254.06284392232462 646.6389922747204 2 4
254.07001118922844 642.6389986959399 2 7
28.84159938485193 471.1344516152584 1 6
255.93260612445562 739.8834899044941 2 4
256.00356151231034 881.4819932041789 2 7
28.841599384851953 753.6441196071365 1 5
256.4525503990479 650.8518374278801 2 7
257.0079362276385 725.6161790293017 2 7
28.841599384851953 844.1537875990147 1 6
258.49300205957275 749.7831434654536 2 4
258.63326208692985 997.2103422558512 2 7
258.7094816773449 953.9352461685788 2 4
258.7094816773449 902.0354974264463 2 4
259.18848971232313 957.9064615118241 2 4
28.841599384851985 775.92355633601 1 6
28.841599384851985 866.4332243278882 1 5
260.40013394932504 815.2255759104999 2 4
257.81148618533047 818.2749861410142 2 4
28.88810664464922 966.7172952298451 1 5
261.1041067323865 716.3291550261827 2 7
28.88810664464922 956.8890526808141 1 6
261.8648335470652 751.9350617770896 2 7
263.10432943654206 958.722671812071 2 7
264.3955695445441 815.4166109974765 2 7
269.6545869042723 759.8040034940312 2 4
30.07130843389597 961.2525418875791 1 5
269.9980207268992 656.7769805865667 2 7
30.100878228650544 968.3076364149495 1 5
272.3766949360509 639.8797827127704 2 4
30.160748600054372 3.0272263657878558 1 6
29.457346243891056 1.155001719720004 1 5
273.070180660782 884.6337795028695 2 4
273.8551585912871 894.6769270313736 2 7
274.64444546512095 888.3109646118652 2 4
275.01028676634286 771.6607118067246 2 4
275.035474382941 814.259007629569 2 7
30.29230438485179 965.2931362828136 1 6
30.397220644893935 998.2413744069897 1 6
275.30291563841985 513.2768886780467 2 7
275.6984370702616 775.6010733585643 2 7
276.4778458127257 992.0679612182257 2 7
276.62180455304224 891.7880396811462 2 7
30.40253073352042 20.694378948079468 1 6
277.1317418397551 996.0141517845612 2 4
278.81490009140373 770.4258363284803 2 4
279.26497097167675 701.4003960687223 2 4
280.9035203263244 580.64540597193 2 4
30.771416866583955 38.140415200430944 1 6
31.11848194789547 970.0294037251801 1 6
31.36354302692859 22.448361665188838 1 5
31.430441527058804 1.4819497332346687 1 6
280.9035203263244 571.2791778130603 2 4
280.97267818890134 997.1309364378436 2 4
31.657429523574635 36.34737823158387 1 5
32.26501985409787 940.8585678895441 1 5
32.4020359343965 486.74331052422565 1 6
280.9978759445955 767.0740283947852 2 7
32.4020359343965 769.2529785161038 1 5
32.4020359343965 859.7626465079819 1 5
283.2202740356554 961.8901720439729 2 7
283.48569579817115 678.7694262191944 2 4
32.612940904047754 124.3930352762167 1 6
283.8935095606126 682.7485829056247 2 4
284.6937870943953 519.9125150557531 2 4
286.09880491739125 766.9683322765659 2 7
287.07463631396433 512.1217815375234 2 7
287.1845715994851 961.3569321116593 2 7
287.27972872987095 516.8608096541926 2 7
287.82364299336774 682.0042367490956 2 7
290.2913051628633 878.3815576612943 2 4
291.4117609742811 622.4656704858288 2 4
293.8479646664945 893.9812426957824 2 4
294.1176811393157 601.9121662635614 2 7
32.61294090404777 387.6069647237832 1 6
294.1176811393157 550.012417521429 2 7
296.9416468053483 829.3481552939902 2 4
297.3337069245436 996.1165247077718 2 7
297.663034073064 688.6256031470125 2 7
32.733170218470285 942.8030048868104 1 5
295.09738064794556 685.5568212221801 2 4
301.18340589957114 997.2027188900762 2 7
32.76723876002551 38.01120618503588 1 5
301.25483399593907 2 2 4
32.8133978313399 484.7860723195752 1 5
32.8133978313399 767.2957403114534 1 5
301.9005496183323 545.0628591579846 2 7
303.964315673284 856.7806634305074 2 4
32.8133978313399 857.8054083033315 1 5
304.06589991110417 541.6996377692573 2 4
304.8603320108084 995.6278492534074 2 7
305.1872612124632 2.7321312633264343 2 7
306.60397998730934 853.775306162351 2 4
307.8578309452537 542.9729244739133 2 7
308.4783801227528 619.3138841871382 2 7
308.6137539557419 947.3652240828465 2 4
32.921586442265465 126.36907625042201 1 6
306.14439048675706 950.5120072113831 2 7
308.6155267645629 762.3860580314881 2 7
32.92158644226548 385.6309237495779 1 6
309.10786527864485 3.5251405673323166 2 7
33.1633531015183 971.2870392441184 1 6
33.59746926647959 20.694378948079468 1 6
33.83925139994566 3.0272263657878575 1 6
309.2440928935769 704.6446926152247 2 4
309.48955837158024 952.7051446494721 2 7
34.12440771379974 940.1219018952202 1 6
34.30273488935289 486.12094127480236 1 6
309.57537439742794 687.0195323262993 2 4
310.32422888892285 852.305698013883 2 4
311.69425548573673 844.9828627218313 2 7
34.302734889352905 768.6306092666805 1 6
311.7891543381827 542.2348889868198 2 7
312.0222504593799 609.7185727465828 2 7
310.2865204819814 613.3223542945627 2 4
34.302734889352905 859.1402772585586 1 6
312.3681357537079 702.1466221182081 2 7
312.44204370774645 848.9123426842467 2 7
34.478565355737366 125.1137608864581 1 5
312.48538433883675 706.9886272915511 2 4
312.6033366511499 689.6332355592688 2 7
34.47856535573738 386.8862391135418 1 6
